02-06 19:59:57 com_github_MitjaNemec_ReplicateLayout.action_replicate_layout 409:Plugin executed on: 'linux'
02-06 19:59:57 com_github_MitjaNemec_ReplicateLayout.action_replicate_layout 410:Plugin executed with python version: '3.14.2 (main, Jan  2 2026, 14:27:39) [GCC 15.2.1 20251112]'
02-06 19:59:57 com_github_MitjaNemec_ReplicateLayout.action_replicate_layout 411:KiCad build version: 9.0.7
02-06 19:59:57 com_github_MitjaNemec_ReplicateLayout.action_replicate_layout 412:Plugin version: 4.0.3
02-06 19:59:57 com_github_MitjaNemec_ReplicateLayout.action_replicate_layout 413:Frame repr: <wx._core.Frame object at 0x7f4334320050>
02-06 19:59:57 com_github_MitjaNemec_ReplicateLayout.action_replicate_layout 437:Preparing replicator with J2 as a reference
02-06 19:59:57 com_github_MitjaNemec_ReplicateLayout.replicate_layout 117:getting a list of all footprints on board
02-06 19:59:57 com_github_MitjaNemec_ReplicateLayout.action_replicate_layout 485:source anchor footprint is 'J2'
Located on: ['/Analog Stuff/', '/Analog Stuff/Mosfets 2/']
With filenames: ['gate_driver.kicad_sch', 'mosfets.kicad_sch']
With sheet_id:['/Analog Stuff/', '/Analog Stuff/Mosfets 2/']
02-06 19:59:57 com_github_MitjaNemec_ReplicateLayout.action_replicate_layout 492:Corresponding footprints are 
[('J8', ['/Analog Stuff/', '/Analog Stuff/Mosfets 1/']), ('J2', ['/Analog Stuff/', '/Analog Stuff/Mosfets 2/'])]
02-06 19:59:57 com_github_MitjaNemec_ReplicateLayout.action_replicate_layout 504:Showing dialog
02-06 19:59:57 com_github_MitjaNemec_ReplicateLayout.replicate_layout 472:constructing a list of sheets suitable for replication on level:'/Analog Stuff/Mosfets 2/', file:'mosfets.kicad_sch'
02-06 19:59:57 com_github_MitjaNemec_ReplicateLayout.replicate_layout 509:suitable sheets are:[['/Analog Stuff/', '/Analog Stuff/Mosfets 1/']]
02-06 19:59:57 com_github_MitjaNemec_ReplicateLayout.replicate_layout 1512:Level selected: ['/Analog Stuff/', '/Analog Stuff/Mosfets 2/']
02-06 19:59:57 com_github_MitjaNemec_ReplicateLayout.replicate_layout 1336:Filtering list of tracks
02-06 19:59:57 com_github_MitjaNemec_ReplicateLayout.action_replicate_layout 510:Toolbar position: wx.Point(1872, 61)
02-06 19:59:57 com_github_MitjaNemec_ReplicateLayout.action_replicate_layout 515:Dialog position: wx.Point(1433, 61)
02-06 19:59:58 com_github_MitjaNemec_ReplicateLayout.replicate_layout 472:constructing a list of sheets suitable for replication on level:'/Analog Stuff/Mosfets 2/', file:'mosfets.kicad_sch'
02-06 19:59:58 com_github_MitjaNemec_ReplicateLayout.replicate_layout 509:suitable sheets are:[['/Analog Stuff/', '/Analog Stuff/Mosfets 1/']]
02-06 19:59:58 com_github_MitjaNemec_ReplicateLayout.action_replicate_layout 248:Replicating layout
02-06 19:59:58 com_github_MitjaNemec_ReplicateLayout.replicate_layout 288:Starting replication of sheets: [['/Analog Stuff/', '/Analog Stuff/Mosfets 1/']]
on level: ['/Analog Stuff/', '/Analog Stuff/Mosfets 2/']
with tracks=True, zone=True, text=True, text=True, intersecting=False, remove=False, locked footprints=False, group_only=False
02-06 19:59:58 root 340:updating GUI message: 'Preparing for replication'
02-06 19:59:58 com_github_MitjaNemec_ReplicateLayout.replicate_layout 358:Getting the list of source footprints
02-06 19:59:58 root 345:updating GUI with: 0
02-06 19:59:59 com_github_MitjaNemec_ReplicateLayout.replicate_layout 368:Getting the list of all the remaining footprints
02-06 19:59:59 root 345:updating GUI with: 16
02-06 19:59:59 com_github_MitjaNemec_ReplicateLayout.replicate_layout 375:Getting source tracks
02-06 19:59:59 com_github_MitjaNemec_ReplicateLayout.replicate_layout 1336:Filtering list of tracks
02-06 19:59:59 com_github_MitjaNemec_ReplicateLayout.replicate_layout 379:Getting source zones
02-06 19:59:59 com_github_MitjaNemec_ReplicateLayout.replicate_layout 383:Getting source text items
02-06 19:59:59 com_github_MitjaNemec_ReplicateLayout.replicate_layout 387:Getting source drawing items
02-06 19:59:59 root 340:updating GUI message: 'Replicating footprints'
02-06 19:59:59 com_github_MitjaNemec_ReplicateLayout.replicate_layout 863:Replicating footprints
02-06 19:59:59 com_github_MitjaNemec_ReplicateLayout.replicate_layout 870:Replicating footprints on sheet ['/Analog Stuff/', '/Analog Stuff/Mosfets 1/']
02-06 19:59:59 com_github_MitjaNemec_ReplicateLayout.replicate_layout 835:Src fp.id: '7124E6FA-01D0-43CC-A111-0CBB340FFE05'
02-06 19:59:59 com_github_MitjaNemec_ReplicateLayout.replicate_layout 839:Dst fp.id: '7124E6FA-01D0-43CC-A111-0CBB340FFE05'
02-06 19:59:59 com_github_MitjaNemec_ReplicateLayout.replicate_layout 888:Replicating footprint: 'R18'
02-06 19:59:59 com_github_MitjaNemec_ReplicateLayout.replicate_layout 835:Src fp.id: '476E408B-1521-4EEE-846F-2514703DD9A9'
02-06 19:59:59 com_github_MitjaNemec_ReplicateLayout.replicate_layout 839:Dst fp.id: '476E408B-1521-4EEE-846F-2514703DD9A9'
02-06 19:59:59 com_github_MitjaNemec_ReplicateLayout.replicate_layout 895:found match in dst footprint: 'R20'
02-06 19:59:59 com_github_MitjaNemec_ReplicateLayout.replicate_layout 990:Src text UUid:609cb4c3-1dbc-42ba-a90d-dda88767aa97
02-06 19:59:59 com_github_MitjaNemec_ReplicateLayout.replicate_layout 991:Dst text UUid:0a78a7e7-d7bc-4dca-9675-17f33112c8cf
02-06 19:59:59 com_github_MitjaNemec_ReplicateLayout.replicate_layout 990:Src text UUid:e729051e-0f48-4dab-9e30-7694ae21b8b9
02-06 19:59:59 com_github_MitjaNemec_ReplicateLayout.replicate_layout 991:Dst text UUid:3689a1f8-1c50-4a9e-9184-4d7fa093b398
02-06 19:59:59 com_github_MitjaNemec_ReplicateLayout.replicate_layout 990:Src text UUid:1d0b2a8e-dcee-45fc-8a1a-034475832464
02-06 19:59:59 com_github_MitjaNemec_ReplicateLayout.replicate_layout 991:Dst text UUid:59e3b686-68ba-465a-afc9-3f9ef621db13
02-06 19:59:59 com_github_MitjaNemec_ReplicateLayout.replicate_layout 888:Replicating footprint: 'R9'
02-06 19:59:59 com_github_MitjaNemec_ReplicateLayout.replicate_layout 835:Src fp.id: '404DF32F-2009-4A70-8595-CD9BEC498213'
02-06 19:59:59 com_github_MitjaNemec_ReplicateLayout.replicate_layout 839:Dst fp.id: '404DF32F-2009-4A70-8595-CD9BEC498213'
02-06 19:59:59 com_github_MitjaNemec_ReplicateLayout.replicate_layout 895:found match in dst footprint: 'R23'
02-06 19:59:59 com_github_MitjaNemec_ReplicateLayout.replicate_layout 990:Src text UUid:c20627b5-5fa4-4c85-a95c-a60a27b5cda9
02-06 19:59:59 com_github_MitjaNemec_ReplicateLayout.replicate_layout 991:Dst text UUid:82c55b41-c64f-4f90-bcbc-00632e248e5a
02-06 19:59:59 com_github_MitjaNemec_ReplicateLayout.replicate_layout 990:Src text UUid:5b294272-8b71-4408-a01e-7cf15fd65d7a
02-06 19:59:59 com_github_MitjaNemec_ReplicateLayout.replicate_layout 991:Dst text UUid:f41ee4cb-54b5-42b4-9feb-e59bd28ea4c0
02-06 19:59:59 com_github_MitjaNemec_ReplicateLayout.replicate_layout 990:Src text UUid:27d3f7a3-06ec-4844-accc-f33bcabf1992
02-06 19:59:59 com_github_MitjaNemec_ReplicateLayout.replicate_layout 991:Dst text UUid:4217c991-0658-4898-8a4f-75ba5bbe16ae
02-06 19:59:59 com_github_MitjaNemec_ReplicateLayout.replicate_layout 888:Replicating footprint: 'R7'
02-06 19:59:59 com_github_MitjaNemec_ReplicateLayout.replicate_layout 835:Src fp.id: 'C983FEA5-2E60-4F21-B848-EEA6D0E4D665'
02-06 19:59:59 com_github_MitjaNemec_ReplicateLayout.replicate_layout 839:Dst fp.id: 'C983FEA5-2E60-4F21-B848-EEA6D0E4D665'
02-06 19:59:59 com_github_MitjaNemec_ReplicateLayout.replicate_layout 895:found match in dst footprint: 'R22'
02-06 19:59:59 com_github_MitjaNemec_ReplicateLayout.replicate_layout 990:Src text UUid:5b208af3-fdf5-4a71-b405-233e519109f4
02-06 19:59:59 com_github_MitjaNemec_ReplicateLayout.replicate_layout 991:Dst text UUid:fbe3d86e-8117-462e-b216-f081564f9fa0
02-06 19:59:59 com_github_MitjaNemec_ReplicateLayout.replicate_layout 990:Src text UUid:d53f0214-07e4-4d77-8761-f39fe3c73083
02-06 19:59:59 com_github_MitjaNemec_ReplicateLayout.replicate_layout 991:Dst text UUid:3fea20fc-191c-490c-b91d-7e9a9860e261
02-06 19:59:59 com_github_MitjaNemec_ReplicateLayout.replicate_layout 990:Src text UUid:1e15bb99-007f-4c94-9741-0a79385c91a4
02-06 19:59:59 com_github_MitjaNemec_ReplicateLayout.replicate_layout 991:Dst text UUid:8bfc2a02-436a-41ed-8da5-895b353d6252
02-06 19:59:59 com_github_MitjaNemec_ReplicateLayout.replicate_layout 888:Replicating footprint: 'R6'
02-06 19:59:59 com_github_MitjaNemec_ReplicateLayout.replicate_layout 835:Src fp.id: '13E105F2-C862-464D-B4CB-DC6C4B6CCABE'
02-06 19:59:59 com_github_MitjaNemec_ReplicateLayout.replicate_layout 839:Dst fp.id: '13E105F2-C862-464D-B4CB-DC6C4B6CCABE'
02-06 19:59:59 com_github_MitjaNemec_ReplicateLayout.replicate_layout 895:found match in dst footprint: 'R21'
02-06 19:59:59 com_github_MitjaNemec_ReplicateLayout.replicate_layout 990:Src text UUid:42b7fb5b-60c0-4738-9f80-adf3bb1d2afc
02-06 19:59:59 com_github_MitjaNemec_ReplicateLayout.replicate_layout 991:Dst text UUid:4a7c9e7b-10c9-48a4-bc26-ed287e374635
02-06 19:59:59 com_github_MitjaNemec_ReplicateLayout.replicate_layout 990:Src text UUid:d9c22037-1a31-41da-90d6-75b73af4156c
02-06 19:59:59 com_github_MitjaNemec_ReplicateLayout.replicate_layout 991:Dst text UUid:365f80d1-0551-48c8-831a-391587113632
02-06 19:59:59 com_github_MitjaNemec_ReplicateLayout.replicate_layout 990:Src text UUid:78ea7ca6-063f-4b16-8870-3ad1c5ddfe4e
02-06 19:59:59 com_github_MitjaNemec_ReplicateLayout.replicate_layout 991:Dst text UUid:a8c0a4f0-d7bd-43d7-a63b-6ea425ac4027
02-06 19:59:59 com_github_MitjaNemec_ReplicateLayout.replicate_layout 888:Replicating footprint: 'R5'
02-06 19:59:59 com_github_MitjaNemec_ReplicateLayout.replicate_layout 835:Src fp.id: 'C2203948-84C2-4DBE-BFD2-CC8A3F498E17'
02-06 19:59:59 com_github_MitjaNemec_ReplicateLayout.replicate_layout 839:Dst fp.id: 'C2203948-84C2-4DBE-BFD2-CC8A3F498E17'
02-06 19:59:59 com_github_MitjaNemec_ReplicateLayout.replicate_layout 895:found match in dst footprint: 'R16'
02-06 19:59:59 com_github_MitjaNemec_ReplicateLayout.replicate_layout 990:Src text UUid:1e96e088-9308-4dc1-a6d0-a8dce47199ae
02-06 19:59:59 com_github_MitjaNemec_ReplicateLayout.replicate_layout 991:Dst text UUid:3f1034e6-5ac3-4969-83fb-330cf5e479ef
02-06 19:59:59 com_github_MitjaNemec_ReplicateLayout.replicate_layout 990:Src text UUid:8942cbe8-7443-4f19-9995-82e31a7acf0a
02-06 19:59:59 com_github_MitjaNemec_ReplicateLayout.replicate_layout 991:Dst text UUid:6c62c731-77a9-4612-a2ce-eaced95a8384
02-06 19:59:59 com_github_MitjaNemec_ReplicateLayout.replicate_layout 990:Src text UUid:819a0dc5-9510-40f5-83f6-eca713123760
02-06 19:59:59 com_github_MitjaNemec_ReplicateLayout.replicate_layout 991:Dst text UUid:848561cd-b28b-48a0-8257-82e1d28a0828
02-06 19:59:59 com_github_MitjaNemec_ReplicateLayout.replicate_layout 888:Replicating footprint: 'R24'
02-06 19:59:59 com_github_MitjaNemec_ReplicateLayout.replicate_layout 835:Src fp.id: '23B62780-2533-4532-BA12-A11F9C0CF620'
02-06 19:59:59 com_github_MitjaNemec_ReplicateLayout.replicate_layout 839:Dst fp.id: '23B62780-2533-4532-BA12-A11F9C0CF620'
02-06 19:59:59 com_github_MitjaNemec_ReplicateLayout.replicate_layout 895:found match in dst footprint: 'R25'
02-06 19:59:59 com_github_MitjaNemec_ReplicateLayout.replicate_layout 990:Src text UUid:f6d35454-739f-418e-a79f-849e39192255
02-06 19:59:59 com_github_MitjaNemec_ReplicateLayout.replicate_layout 991:Dst text UUid:8f3b11a4-740f-473b-aba1-c251b442337a
02-06 19:59:59 com_github_MitjaNemec_ReplicateLayout.replicate_layout 990:Src text UUid:c210ffe0-fb09-41f5-a379-d7cc0bf4ac35
02-06 19:59:59 com_github_MitjaNemec_ReplicateLayout.replicate_layout 991:Dst text UUid:7149f7c7-0b15-42ea-877f-2539d980e83b
02-06 19:59:59 com_github_MitjaNemec_ReplicateLayout.replicate_layout 990:Src text UUid:2f54da5a-9f8e-467d-9f55-8e432d41844d
02-06 19:59:59 com_github_MitjaNemec_ReplicateLayout.replicate_layout 991:Dst text UUid:1291448f-ffa8-4bb5-b34a-99db9999719c
02-06 19:59:59 com_github_MitjaNemec_ReplicateLayout.replicate_layout 888:Replicating footprint: 'C8'
02-06 19:59:59 com_github_MitjaNemec_ReplicateLayout.replicate_layout 835:Src fp.id: 'B64C972B-BD7E-4309-AE84-B4381209D8A8'
02-06 19:59:59 com_github_MitjaNemec_ReplicateLayout.replicate_layout 839:Dst fp.id: 'B64C972B-BD7E-4309-AE84-B4381209D8A8'
02-06 19:59:59 com_github_MitjaNemec_ReplicateLayout.replicate_layout 895:found match in dst footprint: 'C42'
02-06 19:59:59 com_github_MitjaNemec_ReplicateLayout.replicate_layout 990:Src text UUid:674540f8-dd10-47a9-8973-fa9b7b10522d
02-06 19:59:59 com_github_MitjaNemec_ReplicateLayout.replicate_layout 991:Dst text UUid:2846ef89-d7b6-42ef-9296-f09e01c3d153
02-06 19:59:59 com_github_MitjaNemec_ReplicateLayout.replicate_layout 990:Src text UUid:2e73f1b9-2ee6-4923-98d5-38a9f873f020
02-06 19:59:59 com_github_MitjaNemec_ReplicateLayout.replicate_layout 991:Dst text UUid:d2968711-b912-4537-936c-7fc83f10ddc2
02-06 19:59:59 com_github_MitjaNemec_ReplicateLayout.replicate_layout 990:Src text UUid:c00c51e3-1209-4ce0-a689-4c481ee0c581
02-06 19:59:59 com_github_MitjaNemec_ReplicateLayout.replicate_layout 991:Dst text UUid:917a8666-c58a-4f5a-963a-acd1f2fd96c5
02-06 19:59:59 com_github_MitjaNemec_ReplicateLayout.replicate_layout 888:Replicating footprint: 'Q2'
02-06 19:59:59 com_github_MitjaNemec_ReplicateLayout.replicate_layout 835:Src fp.id: 'A2BD9E9F-0A52-430E-B303-79779B381924'
02-06 19:59:59 com_github_MitjaNemec_ReplicateLayout.replicate_layout 839:Dst fp.id: 'A2BD9E9F-0A52-430E-B303-79779B381924'
02-06 19:59:59 com_github_MitjaNemec_ReplicateLayout.replicate_layout 895:found match in dst footprint: 'Q8'
02-06 19:59:59 com_github_MitjaNemec_ReplicateLayout.replicate_layout 990:Src text UUid:032fb030-a72e-4201-8f34-d6fa1e8b4013
02-06 19:59:59 com_github_MitjaNemec_ReplicateLayout.replicate_layout 991:Dst text UUid:23f991e3-9c8a-4f4b-ad4c-fa638114ada3
02-06 19:59:59 com_github_MitjaNemec_ReplicateLayout.replicate_layout 990:Src text UUid:31399777-4da9-4661-8f6a-092e4a8aa24e
02-06 19:59:59 com_github_MitjaNemec_ReplicateLayout.replicate_layout 991:Dst text UUid:2327ddc8-5add-4ce4-9f2f-f6c7b5e665ec
02-06 19:59:59 com_github_MitjaNemec_ReplicateLayout.replicate_layout 990:Src text UUid:6f5bc15f-8a78-4d9e-9b04-ffb28a951dea
02-06 19:59:59 com_github_MitjaNemec_ReplicateLayout.replicate_layout 991:Dst text UUid:9139b9ed-242c-4cdb-95a9-4685e90aa7a5
02-06 19:59:59 com_github_MitjaNemec_ReplicateLayout.replicate_layout 888:Replicating footprint: 'C9'
02-06 19:59:59 com_github_MitjaNemec_ReplicateLayout.replicate_layout 835:Src fp.id: '698B74F8-CB98-41A6-B4D3-AB4564F0719D'
02-06 19:59:59 com_github_MitjaNemec_ReplicateLayout.replicate_layout 839:Dst fp.id: '698B74F8-CB98-41A6-B4D3-AB4564F0719D'
02-06 19:59:59 com_github_MitjaNemec_ReplicateLayout.replicate_layout 895:found match in dst footprint: 'C43'
02-06 19:59:59 com_github_MitjaNemec_ReplicateLayout.replicate_layout 990:Src text UUid:91214486-9255-48b6-838c-e519dc9edef5
02-06 19:59:59 com_github_MitjaNemec_ReplicateLayout.replicate_layout 991:Dst text UUid:dcd52380-e104-4fa9-9ab5-6d9e3a7ff167
02-06 19:59:59 com_github_MitjaNemec_ReplicateLayout.replicate_layout 990:Src text UUid:b5b49edc-f1db-4767-9800-87eaae54d6a4
02-06 19:59:59 com_github_MitjaNemec_ReplicateLayout.replicate_layout 991:Dst text UUid:626f53f7-6614-4a27-8ca3-306196f506ee
02-06 19:59:59 com_github_MitjaNemec_ReplicateLayout.replicate_layout 990:Src text UUid:88f4f40c-ef30-4eeb-bde7-8c746533965b
02-06 19:59:59 com_github_MitjaNemec_ReplicateLayout.replicate_layout 991:Dst text UUid:7efbdb7a-8be0-4609-b42d-68bf81cf4112
02-06 19:59:59 com_github_MitjaNemec_ReplicateLayout.replicate_layout 888:Replicating footprint: 'R11'
02-06 19:59:59 com_github_MitjaNemec_ReplicateLayout.replicate_layout 835:Src fp.id: '8A4A571C-67B1-49ED-B03D-3C80AE522578'
02-06 19:59:59 com_github_MitjaNemec_ReplicateLayout.replicate_layout 839:Dst fp.id: '8A4A571C-67B1-49ED-B03D-3C80AE522578'
02-06 19:59:59 com_github_MitjaNemec_ReplicateLayout.replicate_layout 895:found match in dst footprint: 'R27'
02-06 19:59:59 com_github_MitjaNemec_ReplicateLayout.replicate_layout 990:Src text UUid:c3437dfa-9d59-4189-9c43-a24907a6563d
02-06 19:59:59 com_github_MitjaNemec_ReplicateLayout.replicate_layout 991:Dst text UUid:bfabb647-83f2-4f2b-a0eb-a3da9566602c
02-06 19:59:59 com_github_MitjaNemec_ReplicateLayout.replicate_layout 990:Src text UUid:655ad94d-73cb-42c0-8147-340452b3c0a9
02-06 19:59:59 com_github_MitjaNemec_ReplicateLayout.replicate_layout 991:Dst text UUid:ae12d94e-77d2-4d7d-9df9-082a524da1f3
02-06 19:59:59 com_github_MitjaNemec_ReplicateLayout.replicate_layout 990:Src text UUid:88ee8564-bf4f-4b8a-9dd2-756604649089
02-06 19:59:59 com_github_MitjaNemec_ReplicateLayout.replicate_layout 991:Dst text UUid:b5238a30-14b6-430b-ab8e-fb07b5be2643
02-06 19:59:59 com_github_MitjaNemec_ReplicateLayout.replicate_layout 888:Replicating footprint: 'R10'
02-06 19:59:59 com_github_MitjaNemec_ReplicateLayout.replicate_layout 835:Src fp.id: '5AC5E4A1-B49D-4038-A8D3-544A515736CA'
02-06 19:59:59 com_github_MitjaNemec_ReplicateLayout.replicate_layout 839:Dst fp.id: '5AC5E4A1-B49D-4038-A8D3-544A515736CA'
02-06 19:59:59 com_github_MitjaNemec_ReplicateLayout.replicate_layout 895:found match in dst footprint: 'R26'
02-06 19:59:59 com_github_MitjaNemec_ReplicateLayout.replicate_layout 990:Src text UUid:3dbbf1e8-1d06-47ed-9cdf-66e60512100c
02-06 19:59:59 com_github_MitjaNemec_ReplicateLayout.replicate_layout 991:Dst text UUid:3d05af08-7345-4bba-b5e9-26144456066f
02-06 19:59:59 com_github_MitjaNemec_ReplicateLayout.replicate_layout 990:Src text UUid:d86bee47-ab53-4aba-b681-55bab3e0ddd3
02-06 19:59:59 com_github_MitjaNemec_ReplicateLayout.replicate_layout 991:Dst text UUid:a9635699-325b-4329-95ce-827872d068ad
02-06 19:59:59 com_github_MitjaNemec_ReplicateLayout.replicate_layout 990:Src text UUid:c2b77392-320d-4e5b-9347-e7a6350611e0
02-06 19:59:59 com_github_MitjaNemec_ReplicateLayout.replicate_layout 991:Dst text UUid:88c5edba-cff9-438b-9324-68418e75c6b2
02-06 19:59:59 com_github_MitjaNemec_ReplicateLayout.replicate_layout 888:Replicating footprint: 'Q4'
02-06 19:59:59 com_github_MitjaNemec_ReplicateLayout.replicate_layout 835:Src fp.id: 'F04BCC9C-2F9B-41A6-956C-484A5846072B'
02-06 19:59:59 com_github_MitjaNemec_ReplicateLayout.replicate_layout 839:Dst fp.id: 'F04BCC9C-2F9B-41A6-956C-484A5846072B'
02-06 19:59:59 com_github_MitjaNemec_ReplicateLayout.replicate_layout 895:found match in dst footprint: 'Q10'
02-06 19:59:59 com_github_MitjaNemec_ReplicateLayout.replicate_layout 990:Src text UUid:6b488397-6c57-4fa0-b0d4-a97193ca274e
02-06 19:59:59 com_github_MitjaNemec_ReplicateLayout.replicate_layout 991:Dst text UUid:f68e2194-00ed-434b-b730-6253eba424ef
02-06 19:59:59 com_github_MitjaNemec_ReplicateLayout.replicate_layout 990:Src text UUid:8f391af8-736c-43f2-9d43-82f473e9aa16
02-06 19:59:59 com_github_MitjaNemec_ReplicateLayout.replicate_layout 991:Dst text UUid:39e45563-1363-44e2-8c6c-aa917806c2d8
02-06 19:59:59 com_github_MitjaNemec_ReplicateLayout.replicate_layout 990:Src text UUid:3f699be3-fca2-4cad-ac7d-8a7f9bf7e7a8
02-06 19:59:59 com_github_MitjaNemec_ReplicateLayout.replicate_layout 991:Dst text UUid:da81c43f-c82c-48bb-a7a5-1821356ffff9
02-06 19:59:59 com_github_MitjaNemec_ReplicateLayout.replicate_layout 888:Replicating footprint: 'Q3'
02-06 19:59:59 com_github_MitjaNemec_ReplicateLayout.replicate_layout 835:Src fp.id: '252981A4-F34C-4C05-8677-DE9745672A56'
02-06 19:59:59 com_github_MitjaNemec_ReplicateLayout.replicate_layout 839:Dst fp.id: '252981A4-F34C-4C05-8677-DE9745672A56'
02-06 19:59:59 com_github_MitjaNemec_ReplicateLayout.replicate_layout 895:found match in dst footprint: 'Q9'
02-06 19:59:59 com_github_MitjaNemec_ReplicateLayout.replicate_layout 990:Src text UUid:fdcf2bad-bb24-4677-86a6-66a8d60423cb
02-06 19:59:59 com_github_MitjaNemec_ReplicateLayout.replicate_layout 991:Dst text UUid:15ecfeec-92a0-49a7-a87d-4de62b68a00a
02-06 19:59:59 com_github_MitjaNemec_ReplicateLayout.replicate_layout 990:Src text UUid:85101cb7-3dff-4a05-aa33-85bf37c9e544
02-06 19:59:59 com_github_MitjaNemec_ReplicateLayout.replicate_layout 991:Dst text UUid:bd1cc61c-6b5c-452a-bcdb-9d013b6fdc80
02-06 19:59:59 com_github_MitjaNemec_ReplicateLayout.replicate_layout 990:Src text UUid:49cb5ce9-6ce7-4069-b659-d80056257ffa
02-06 19:59:59 com_github_MitjaNemec_ReplicateLayout.replicate_layout 991:Dst text UUid:884fc8b1-ba65-45d7-8847-fc954f157548
02-06 19:59:59 com_github_MitjaNemec_ReplicateLayout.replicate_layout 888:Replicating footprint: 'J4'
02-06 19:59:59 com_github_MitjaNemec_ReplicateLayout.replicate_layout 835:Src fp.id: '239937C8-5656-47A4-B89E-546A8F1FD04A'
02-06 19:59:59 com_github_MitjaNemec_ReplicateLayout.replicate_layout 839:Dst fp.id: '239937C8-5656-47A4-B89E-546A8F1FD04A'
02-06 19:59:59 com_github_MitjaNemec_ReplicateLayout.replicate_layout 895:found match in dst footprint: 'J9'
02-06 19:59:59 com_github_MitjaNemec_ReplicateLayout.replicate_layout 990:Src text UUid:e2d7f9e1-1812-46dc-bb28-0d24fb32ded7
02-06 19:59:59 com_github_MitjaNemec_ReplicateLayout.replicate_layout 991:Dst text UUid:4e199453-5c8d-4cbd-aa7b-4026859afcb8
02-06 19:59:59 com_github_MitjaNemec_ReplicateLayout.replicate_layout 990:Src text UUid:32c03350-b873-4a4b-a74c-8e9fe726f5d7
02-06 19:59:59 com_github_MitjaNemec_ReplicateLayout.replicate_layout 991:Dst text UUid:3089c0e3-2151-40ce-9515-d3eb65c67bab
02-06 19:59:59 com_github_MitjaNemec_ReplicateLayout.replicate_layout 990:Src text UUid:a0e45337-c4d7-4184-90e4-d28ac8b51408
02-06 19:59:59 com_github_MitjaNemec_ReplicateLayout.replicate_layout 991:Dst text UUid:f458b98e-4105-4a9c-90d4-f7ec907f675d
02-06 19:59:59 com_github_MitjaNemec_ReplicateLayout.replicate_layout 990:Src text UUid:7f7d7a94-8cc4-4c90-8587-9bb36e913fe1
02-06 19:59:59 com_github_MitjaNemec_ReplicateLayout.replicate_layout 991:Dst text UUid:d9581558-aba1-44d2-b7c8-a9c3fb684c36
02-06 19:59:59 com_github_MitjaNemec_ReplicateLayout.replicate_layout 990:Src text UUid:442d1267-9887-416d-bd38-095e67ad0685
02-06 19:59:59 com_github_MitjaNemec_ReplicateLayout.replicate_layout 991:Dst text UUid:1954c98f-ac14-4551-b227-21797b9aa9ec
02-06 19:59:59 com_github_MitjaNemec_ReplicateLayout.replicate_layout 888:Replicating footprint: 'J2'
02-06 19:59:59 com_github_MitjaNemec_ReplicateLayout.replicate_layout 835:Src fp.id: '7124E6FA-01D0-43CC-A111-0CBB340FFE05'
02-06 19:59:59 com_github_MitjaNemec_ReplicateLayout.replicate_layout 839:Dst fp.id: '7124E6FA-01D0-43CC-A111-0CBB340FFE05'
02-06 19:59:59 com_github_MitjaNemec_ReplicateLayout.replicate_layout 895:found match in dst footprint: 'J8'
02-06 19:59:59 com_github_MitjaNemec_ReplicateLayout.replicate_layout 990:Src text UUid:c417e1c2-77b3-477d-8bbd-1c09d9b31f81
02-06 19:59:59 com_github_MitjaNemec_ReplicateLayout.replicate_layout 991:Dst text UUid:512b861d-0d1f-4be3-87e8-dcee7c27edbe
02-06 19:59:59 com_github_MitjaNemec_ReplicateLayout.replicate_layout 990:Src text UUid:160badd6-6162-473d-bcfc-be6aa57d479c
02-06 19:59:59 com_github_MitjaNemec_ReplicateLayout.replicate_layout 991:Dst text UUid:06a516c7-9f75-4248-9431-496732f95a19
02-06 19:59:59 com_github_MitjaNemec_ReplicateLayout.replicate_layout 990:Src text UUid:f5544bd4-5f09-475e-a98b-eddccd25f3de
02-06 19:59:59 com_github_MitjaNemec_ReplicateLayout.replicate_layout 991:Dst text UUid:1bf42496-9402-43ae-a2ac-71649c43f7e7
02-06 19:59:59 com_github_MitjaNemec_ReplicateLayout.replicate_layout 990:Src text UUid:1dea93ed-1c0f-4647-a9b0-414cd5083936
02-06 19:59:59 com_github_MitjaNemec_ReplicateLayout.replicate_layout 991:Dst text UUid:aee9a856-b3cc-4da0-a47f-82d2ce31b1af
02-06 19:59:59 com_github_MitjaNemec_ReplicateLayout.replicate_layout 990:Src text UUid:ac1aad75-7b1b-434e-8d97-d9dc2c392bb1
02-06 19:59:59 com_github_MitjaNemec_ReplicateLayout.replicate_layout 991:Dst text UUid:094eeff6-e32d-46c6-97e7-c5c2b59b3cb6
02-06 19:59:59 com_github_MitjaNemec_ReplicateLayout.replicate_layout 888:Replicating footprint: 'D6'
02-06 19:59:59 com_github_MitjaNemec_ReplicateLayout.replicate_layout 835:Src fp.id: 'D7C9BA8C-4386-4F70-AF66-448EA2EE61AA'
02-06 19:59:59 com_github_MitjaNemec_ReplicateLayout.replicate_layout 839:Dst fp.id: 'D7C9BA8C-4386-4F70-AF66-448EA2EE61AA'
02-06 19:59:59 com_github_MitjaNemec_ReplicateLayout.replicate_layout 895:found match in dst footprint: 'D7'
02-06 19:59:59 com_github_MitjaNemec_ReplicateLayout.replicate_layout 990:Src text UUid:790c38e6-8878-43e9-9d1a-9e45c594fca8
02-06 19:59:59 com_github_MitjaNemec_ReplicateLayout.replicate_layout 991:Dst text UUid:21fefd89-51d8-419e-8f41-6727005cf024
02-06 19:59:59 com_github_MitjaNemec_ReplicateLayout.replicate_layout 990:Src text UUid:41559b84-f6b3-4849-9d17-fc778d7d7f69
02-06 19:59:59 com_github_MitjaNemec_ReplicateLayout.replicate_layout 991:Dst text UUid:24fb2ce8-a875-4981-a328-e1b0edb5f305
02-06 19:59:59 com_github_MitjaNemec_ReplicateLayout.replicate_layout 990:Src text UUid:a3835d3a-6ecc-4c71-b00c-ccbe74db5fb8
02-06 19:59:59 com_github_MitjaNemec_ReplicateLayout.replicate_layout 991:Dst text UUid:3cc94610-19f3-4435-ac1f-e5a423fec89b
02-06 19:59:59 com_github_MitjaNemec_ReplicateLayout.replicate_layout 888:Replicating footprint: 'D4'
02-06 19:59:59 com_github_MitjaNemec_ReplicateLayout.replicate_layout 835:Src fp.id: '9CD2AE12-3F02-4FA0-ABA6-27426A196269'
02-06 19:59:59 com_github_MitjaNemec_ReplicateLayout.replicate_layout 839:Dst fp.id: '9CD2AE12-3F02-4FA0-ABA6-27426A196269'
02-06 19:59:59 com_github_MitjaNemec_ReplicateLayout.replicate_layout 895:found match in dst footprint: 'D5'
02-06 19:59:59 com_github_MitjaNemec_ReplicateLayout.replicate_layout 990:Src text UUid:11251558-da92-4d76-b1e4-b5ec252d986e
02-06 19:59:59 com_github_MitjaNemec_ReplicateLayout.replicate_layout 991:Dst text UUid:f6889793-d6e7-4de4-9b6c-f2b995cd5b9f
02-06 19:59:59 com_github_MitjaNemec_ReplicateLayout.replicate_layout 990:Src text UUid:feba98dc-e682-4c53-bd42-6ed6fa128448
02-06 19:59:59 com_github_MitjaNemec_ReplicateLayout.replicate_layout 991:Dst text UUid:bf65ee66-8761-46f0-9361-3441ae653f8d
02-06 19:59:59 com_github_MitjaNemec_ReplicateLayout.replicate_layout 990:Src text UUid:55a18958-c2da-48a1-a363-9034c9d8d22b
02-06 19:59:59 com_github_MitjaNemec_ReplicateLayout.replicate_layout 991:Dst text UUid:0ad9a78b-d313-46a8-8de7-b1e9c02a4c1e
02-06 19:59:59 com_github_MitjaNemec_ReplicateLayout.replicate_layout 888:Replicating footprint: 'C31'
02-06 19:59:59 com_github_MitjaNemec_ReplicateLayout.replicate_layout 835:Src fp.id: 'A5DBC05B-A46B-4055-BA7D-91C4152B883A'
02-06 19:59:59 com_github_MitjaNemec_ReplicateLayout.replicate_layout 839:Dst fp.id: 'A5DBC05B-A46B-4055-BA7D-91C4152B883A'
02-06 19:59:59 com_github_MitjaNemec_ReplicateLayout.replicate_layout 895:found match in dst footprint: 'C49'
02-06 19:59:59 com_github_MitjaNemec_ReplicateLayout.replicate_layout 990:Src text UUid:2ddee1e4-5ad5-4470-8e92-ffc5c7015a9b
02-06 19:59:59 com_github_MitjaNemec_ReplicateLayout.replicate_layout 991:Dst text UUid:4995e0ef-5f3b-44da-bb1f-68864c03dcae
02-06 19:59:59 com_github_MitjaNemec_ReplicateLayout.replicate_layout 990:Src text UUid:d1115ee4-4530-4928-89f6-2bd097eec354
02-06 19:59:59 com_github_MitjaNemec_ReplicateLayout.replicate_layout 991:Dst text UUid:3f39575d-07e5-4d7a-af9a-0727b12de99d
02-06 19:59:59 com_github_MitjaNemec_ReplicateLayout.replicate_layout 990:Src text UUid:9748119b-f751-47f8-9145-96061a667200
02-06 19:59:59 com_github_MitjaNemec_ReplicateLayout.replicate_layout 991:Dst text UUid:eef3273d-1287-46d5-9691-1c1ea3ef6dbf
02-06 19:59:59 com_github_MitjaNemec_ReplicateLayout.replicate_layout 888:Replicating footprint: 'C22'
02-06 19:59:59 com_github_MitjaNemec_ReplicateLayout.replicate_layout 835:Src fp.id: '0D20A2D3-B7B7-450F-8807-77E84BFC1741'
02-06 19:59:59 com_github_MitjaNemec_ReplicateLayout.replicate_layout 839:Dst fp.id: '0D20A2D3-B7B7-450F-8807-77E84BFC1741'
02-06 19:59:59 com_github_MitjaNemec_ReplicateLayout.replicate_layout 895:found match in dst footprint: 'C48'
02-06 19:59:59 com_github_MitjaNemec_ReplicateLayout.replicate_layout 990:Src text UUid:4391bc24-8bfe-406d-9278-3e10b18d5e06
02-06 19:59:59 com_github_MitjaNemec_ReplicateLayout.replicate_layout 991:Dst text UUid:0ed9a0e9-a59b-49a2-9727-f4cc3eb350db
02-06 19:59:59 com_github_MitjaNemec_ReplicateLayout.replicate_layout 990:Src text UUid:d592d51d-431e-4804-805d-b28652c11a9e
02-06 19:59:59 com_github_MitjaNemec_ReplicateLayout.replicate_layout 991:Dst text UUid:3468c0de-f9bc-494e-982e-a6807d7a0893
02-06 19:59:59 com_github_MitjaNemec_ReplicateLayout.replicate_layout 990:Src text UUid:56f199c2-beff-4f69-92b4-7f3b3728fdf9
02-06 19:59:59 com_github_MitjaNemec_ReplicateLayout.replicate_layout 991:Dst text UUid:4830d514-968d-42c9-8697-703ee6d69895
02-06 19:59:59 com_github_MitjaNemec_ReplicateLayout.replicate_layout 888:Replicating footprint: 'C19'
02-06 19:59:59 com_github_MitjaNemec_ReplicateLayout.replicate_layout 835:Src fp.id: '812A38E6-7FEF-4018-96CF-FA54ED664B06'
02-06 19:59:59 com_github_MitjaNemec_ReplicateLayout.replicate_layout 839:Dst fp.id: '812A38E6-7FEF-4018-96CF-FA54ED664B06'
02-06 19:59:59 com_github_MitjaNemec_ReplicateLayout.replicate_layout 895:found match in dst footprint: 'C46'
02-06 19:59:59 com_github_MitjaNemec_ReplicateLayout.replicate_layout 990:Src text UUid:42eb595e-b549-4c1d-8b80-77af0cd33f7e
02-06 19:59:59 com_github_MitjaNemec_ReplicateLayout.replicate_layout 991:Dst text UUid:518094c1-dfcd-454a-81d4-655076a18b90
02-06 19:59:59 com_github_MitjaNemec_ReplicateLayout.replicate_layout 990:Src text UUid:950a9508-1791-4ced-981f-e7c22268862c
02-06 19:59:59 com_github_MitjaNemec_ReplicateLayout.replicate_layout 991:Dst text UUid:766132bf-66b5-4896-b72a-6e96d6adcb20
02-06 19:59:59 com_github_MitjaNemec_ReplicateLayout.replicate_layout 990:Src text UUid:21e84bb9-edec-4d32-8f69-5ef8d55e1c63
02-06 19:59:59 com_github_MitjaNemec_ReplicateLayout.replicate_layout 991:Dst text UUid:b7888b8d-539c-4a49-b3fe-c1c01064d55f
02-06 19:59:59 com_github_MitjaNemec_ReplicateLayout.replicate_layout 888:Replicating footprint: 'C10'
02-06 19:59:59 com_github_MitjaNemec_ReplicateLayout.replicate_layout 835:Src fp.id: 'D4078D9D-030D-4CDE-B3F7-D60987BBCAA0'
02-06 19:59:59 com_github_MitjaNemec_ReplicateLayout.replicate_layout 839:Dst fp.id: 'D4078D9D-030D-4CDE-B3F7-D60987BBCAA0'
02-06 19:59:59 com_github_MitjaNemec_ReplicateLayout.replicate_layout 895:found match in dst footprint: 'C44'
02-06 19:59:59 com_github_MitjaNemec_ReplicateLayout.replicate_layout 990:Src text UUid:ea1774d8-afd3-466c-a1e8-2393cf59f4a2
02-06 19:59:59 com_github_MitjaNemec_ReplicateLayout.replicate_layout 991:Dst text UUid:1c8c690a-30c2-493c-a03b-b379267f35c6
02-06 19:59:59 com_github_MitjaNemec_ReplicateLayout.replicate_layout 990:Src text UUid:80d17845-edf8-4157-8bae-67bd3d0eda34
02-06 19:59:59 com_github_MitjaNemec_ReplicateLayout.replicate_layout 991:Dst text UUid:7c33fea4-0a8a-4d3e-80a0-bc1186e6911e
02-06 19:59:59 com_github_MitjaNemec_ReplicateLayout.replicate_layout 990:Src text UUid:bd8849b7-a5e1-4ebf-a90b-502eb88e14a5
02-06 19:59:59 com_github_MitjaNemec_ReplicateLayout.replicate_layout 991:Dst text UUid:7b26a5c9-bf2f-41d3-9584-8f719ed24255
02-06 19:59:59 root 340:updating GUI message: 'Replicating tracks'
02-06 19:59:59 com_github_MitjaNemec_ReplicateLayout.replicate_layout 1014:Replicating tracks
02-06 19:59:59 root 345:updating GUI with: 0
02-06 19:59:59 com_github_MitjaNemec_ReplicateLayout.replicate_layout 1020:Replicating tracks on sheet ['/Analog Stuff/', '/Analog Stuff/Mosfets 1/']
02-06 19:59:59 com_github_MitjaNemec_ReplicateLayout.replicate_layout 835:Src fp.id: '7124E6FA-01D0-43CC-A111-0CBB340FFE05'
02-06 19:59:59 com_github_MitjaNemec_ReplicateLayout.replicate_layout 839:Dst fp.id: '7124E6FA-01D0-43CC-A111-0CBB340FFE05'
02-06 19:59:59 com_github_MitjaNemec_ReplicateLayout.replicate_layout 792:Net pairs for sheet ['/Analog Stuff/', '/Analog Stuff/Mosfets 1/'] :[('/Analog Stuff/~{chan3}', '/Analog Stuff/~{chan1}'), ('/Analog Stuff/vsense_p2', '/Analog Stuff/vsense_p0'), ('Net-(Q2A-B1)', 'Net-(Q8A-B1)'), ('Net-(Q2B-B2)', 'Net-(Q8B-B2)'), ('/Analog Stuff/~{chan2}', '/Analog Stuff/~{chan0}'), ('Net-(D6-K)', 'Net-(D7-K)'), ('Net-(D6-A)', 'Net-(D7-A)'), ('', ''), ('Vdrive', 'Vdrive'), ('GND', 'GND'), ('Net-(Q2A-C1)', 'Net-(Q8A-C1)'), ('Net-(D4-K)', 'Net-(D5-K)'), ('Net-(D4-A)', 'Net-(D5-A)'), ('VBUS', 'VBUS'), ('/Analog Stuff/vsense_p3', '/Analog Stuff/vsense_p1'), ('Net-(Q2B-C2)', 'Net-(Q8B-C2)')]
02-06 19:59:59 root 340:updating GUI message: 'Replicating zones'
02-06 19:59:59 com_github_MitjaNemec_ReplicateLayout.replicate_layout 1084:Replicating zones
02-06 19:59:59 root 345:updating GUI with: 0
02-06 19:59:59 com_github_MitjaNemec_ReplicateLayout.replicate_layout 1091:Replicating zones on sheet ['/Analog Stuff/', '/Analog Stuff/Mosfets 1/']
02-06 19:59:59 com_github_MitjaNemec_ReplicateLayout.replicate_layout 835:Src fp.id: '7124E6FA-01D0-43CC-A111-0CBB340FFE05'
02-06 19:59:59 com_github_MitjaNemec_ReplicateLayout.replicate_layout 839:Dst fp.id: '7124E6FA-01D0-43CC-A111-0CBB340FFE05'
02-06 19:59:59 com_github_MitjaNemec_ReplicateLayout.replicate_layout 792:Net pairs for sheet ['/Analog Stuff/', '/Analog Stuff/Mosfets 1/'] :[('/Analog Stuff/~{chan3}', '/Analog Stuff/~{chan1}'), ('/Analog Stuff/vsense_p2', '/Analog Stuff/vsense_p0'), ('Net-(Q2A-B1)', 'Net-(Q8A-B1)'), ('Net-(Q2B-B2)', 'Net-(Q8B-B2)'), ('/Analog Stuff/~{chan2}', '/Analog Stuff/~{chan0}'), ('Net-(D6-K)', 'Net-(D7-K)'), ('Net-(D6-A)', 'Net-(D7-A)'), ('', ''), ('Vdrive', 'Vdrive'), ('GND', 'GND'), ('Net-(Q2A-C1)', 'Net-(Q8A-C1)'), ('Net-(D4-K)', 'Net-(D5-K)'), ('Net-(D4-A)', 'Net-(D5-A)'), ('VBUS', 'VBUS'), ('/Analog Stuff/vsense_p3', '/Analog Stuff/vsense_p1'), ('Net-(Q2B-C2)', 'Net-(Q8B-C2)')]
02-06 19:59:59 root 340:updating GUI message: 'Replicating text'
02-06 19:59:59 com_github_MitjaNemec_ReplicateLayout.replicate_layout 1173:Replicating text
02-06 19:59:59 root 345:updating GUI with: 0
02-06 19:59:59 com_github_MitjaNemec_ReplicateLayout.replicate_layout 1180:Replicating text on sheet ['/Analog Stuff/', '/Analog Stuff/Mosfets 1/']
02-06 19:59:59 com_github_MitjaNemec_ReplicateLayout.replicate_layout 835:Src fp.id: '7124E6FA-01D0-43CC-A111-0CBB340FFE05'
02-06 19:59:59 com_github_MitjaNemec_ReplicateLayout.replicate_layout 839:Dst fp.id: '7124E6FA-01D0-43CC-A111-0CBB340FFE05'
02-06 19:59:59 root 340:updating GUI message: 'Replicating drawings'
02-06 19:59:59 com_github_MitjaNemec_ReplicateLayout.replicate_layout 1224:Replicating drawings
02-06 19:59:59 com_github_MitjaNemec_ReplicateLayout.replicate_layout 1230:Replicating drawings on sheet ['/Analog Stuff/', '/Analog Stuff/Mosfets 1/']
02-06 19:59:59 com_github_MitjaNemec_ReplicateLayout.replicate_layout 835:Src fp.id: '7124E6FA-01D0-43CC-A111-0CBB340FFE05'
02-06 19:59:59 com_github_MitjaNemec_ReplicateLayout.replicate_layout 839:Dst fp.id: '7124E6FA-01D0-43CC-A111-0CBB340FFE05'
02-06 19:59:59 com_github_MitjaNemec_ReplicateLayout.action_replicate_layout 264:Replication complete
