06-12 13:07:56 com_github_MitjaNemec_ReplicateLayout.action_replicate_layout 409:Plugin executed on: 'linux'
06-12 13:07:56 com_github_MitjaNemec_ReplicateLayout.action_replicate_layout 410:Plugin executed with python version: '3.13.3 (main, Apr  9 2025, 07:44:25) [GCC 14.2.1 20250207]'
06-12 13:07:56 com_github_MitjaNemec_ReplicateLayout.action_replicate_layout 411:KiCad build version: 9.0.2
06-12 13:07:56 com_github_MitjaNemec_ReplicateLayout.action_replicate_layout 412:Plugin version: 4.0.3
06-12 13:07:56 com_github_MitjaNemec_ReplicateLayout.action_replicate_layout 413:Frame repr: <wx._core.Frame object at 0x7f2f936e92e0>
06-12 13:07:56 com_github_MitjaNemec_ReplicateLayout.action_replicate_layout 437:Preparing replicator with U502 as a reference
06-12 13:07:56 com_github_MitjaNemec_ReplicateLayout.replicate_layout 117:getting a list of all footprints on board
06-12 13:07:56 com_github_MitjaNemec_ReplicateLayout.action_replicate_layout 485:source anchor footprint is 'U502'
Located on: ['/Channel2/']
With filenames: ['channel.kicad_sch']
With sheet_id:['/Channel2/']
06-12 13:07:56 com_github_MitjaNemec_ReplicateLayout.action_replicate_layout 492:Corresponding footprints are 
[('U402', ['/Channel1/']), ('U302', ['/Channel0/']), ('U602', ['/Channel3/']), ('U502', ['/Channel2/'])]
06-12 13:07:56 com_github_MitjaNemec_ReplicateLayout.action_replicate_layout 504:Showing dialog
06-12 13:07:56 com_github_MitjaNemec_ReplicateLayout.replicate_layout 472:constructing a list of sheets suitable for replication on level:'/Channel2/', file:'channel.kicad_sch'
06-12 13:07:56 com_github_MitjaNemec_ReplicateLayout.replicate_layout 509:suitable sheets are:[['/Channel0/'], ['/Channel1/'], ['/Channel3/']]
06-12 13:07:56 com_github_MitjaNemec_ReplicateLayout.replicate_layout 1512:Level selected: ['/Channel2/']
06-12 13:07:56 com_github_MitjaNemec_ReplicateLayout.replicate_layout 1336:Filtering list of tracks
06-12 13:07:56 com_github_MitjaNemec_ReplicateLayout.action_replicate_layout 510:Toolbar position: wx.Point(3527, 99)
06-12 13:07:56 com_github_MitjaNemec_ReplicateLayout.action_replicate_layout 515:Dialog position: wx.Point(3088, 99)
06-12 13:07:58 com_github_MitjaNemec_ReplicateLayout.action_replicate_layout 329:User canceled the dialog
