10-04 16:31:49 com_github_MitjaNemec_ReplicateLayout.action_replicate_layout 409:Plugin executed on: 'win32'
10-04 16:31:49 com_github_MitjaNemec_ReplicateLayout.action_replicate_layout 410:Plugin executed with python version: '3.11.5 (main, Jan 27 2025, 07:08:36) [MSC v.1942 64 bit (AMD64)]'
10-04 16:31:49 com_github_MitjaNemec_ReplicateLayout.action_replicate_layout 411:KiCad build version: 9.0.2
10-04 16:31:49 com_github_MitjaNemec_ReplicateLayout.action_replicate_layout 412:Plugin version: 4.0.3
10-04 16:31:49 com_github_MitjaNemec_ReplicateLayout.action_replicate_layout 413:Frame repr: <wx._core.Frame object at 0x0000017333F38EE0>
10-04 16:31:49 com_github_MitjaNemec_ReplicateLayout.action_replicate_layout 437:Preparing replicator with J8 as a reference
10-04 16:31:49 com_github_MitjaNemec_ReplicateLayout.replicate_layout 117:getting a list of all footprints on board
10-04 16:31:49 com_github_MitjaNemec_ReplicateLayout.action_replicate_layout 485:source anchor footprint is 'J8'
Located on: ['/Analog Stuff/', '/Analog Stuff/Mosfets 1/']
With filenames: ['gate_driver.kicad_sch', 'mosfets.kicad_sch']
With sheet_id:['/Analog Stuff/', '/Analog Stuff/Mosfets 1/']
10-04 16:31:49 com_github_MitjaNemec_ReplicateLayout.action_replicate_layout 492:Corresponding footprints are 
[('J8', ['/Analog Stuff/', '/Analog Stuff/Mosfets 1/']), ('J2', ['/Analog Stuff/', '/Analog Stuff/Mosfets 2/'])]
10-04 16:31:49 com_github_MitjaNemec_ReplicateLayout.action_replicate_layout 504:Showing dialog
10-04 16:31:49 com_github_MitjaNemec_ReplicateLayout.replicate_layout 472:constructing a list of sheets suitable for replication on level:'/Analog Stuff/Mosfets 1/', file:'mosfets.kicad_sch'
10-04 16:31:49 com_github_MitjaNemec_ReplicateLayout.replicate_layout 509:suitable sheets are:[['/Analog Stuff/', '/Analog Stuff/Mosfets 2/']]
10-04 16:31:49 com_github_MitjaNemec_ReplicateLayout.replicate_layout 1512:Level selected: ['/Analog Stuff/', '/Analog Stuff/Mosfets 1/']
10-04 16:31:49 com_github_MitjaNemec_ReplicateLayout.replicate_layout 1336:Filtering list of tracks
10-04 16:31:49 com_github_MitjaNemec_ReplicateLayout.action_replicate_layout 510:Toolbar position: wx.Point(2846, -2046)
10-04 16:31:49 com_github_MitjaNemec_ReplicateLayout.action_replicate_layout 515:Dialog position: wx.Point(2407, -2046)
10-04 16:31:51 com_github_MitjaNemec_ReplicateLayout.replicate_layout 472:constructing a list of sheets suitable for replication on level:'/Analog Stuff/Mosfets 1/', file:'mosfets.kicad_sch'
10-04 16:31:51 com_github_MitjaNemec_ReplicateLayout.replicate_layout 509:suitable sheets are:[['/Analog Stuff/', '/Analog Stuff/Mosfets 2/']]
10-04 16:31:51 com_github_MitjaNemec_ReplicateLayout.action_replicate_layout 248:Replicating layout
10-04 16:31:51 com_github_MitjaNemec_ReplicateLayout.replicate_layout 288:Starting replication of sheets: [['/Analog Stuff/', '/Analog Stuff/Mosfets 2/']]
on level: ['/Analog Stuff/', '/Analog Stuff/Mosfets 1/']
with tracks=True, zone=True, text=True, text=True, intersecting=False, remove=False, locked footprints=False, group_only=False
10-04 16:31:51 root 340:updating GUI message: 'Preparing for replication'
10-04 16:31:51 root 345:updating GUI with: 0
10-04 16:31:51 com_github_MitjaNemec_ReplicateLayout.replicate_layout 358:Getting the list of source footprints
10-04 16:31:51 root 345:updating GUI with: 0
10-04 16:31:51 com_github_MitjaNemec_ReplicateLayout.replicate_layout 368:Getting the list of all the remaining footprints
10-04 16:31:51 com_github_MitjaNemec_ReplicateLayout.replicate_layout 375:Getting source tracks
10-04 16:31:51 com_github_MitjaNemec_ReplicateLayout.replicate_layout 1336:Filtering list of tracks
10-04 16:31:51 com_github_MitjaNemec_ReplicateLayout.replicate_layout 379:Getting source zones
10-04 16:31:51 com_github_MitjaNemec_ReplicateLayout.replicate_layout 383:Getting source text items
10-04 16:31:51 com_github_MitjaNemec_ReplicateLayout.replicate_layout 387:Getting source drawing items
10-04 16:31:51 root 340:updating GUI message: 'Replicating footprints'
10-04 16:31:51 com_github_MitjaNemec_ReplicateLayout.replicate_layout 863:Replicating footprints
10-04 16:31:51 com_github_MitjaNemec_ReplicateLayout.replicate_layout 870:Replicating footprints on sheet ['/Analog Stuff/', '/Analog Stuff/Mosfets 2/']
10-04 16:31:51 com_github_MitjaNemec_ReplicateLayout.replicate_layout 835:Src fp.id: '7124E6FA-01D0-43CC-A111-0CBB340FFE05'
10-04 16:31:51 com_github_MitjaNemec_ReplicateLayout.replicate_layout 839:Dst fp.id: '7124E6FA-01D0-43CC-A111-0CBB340FFE05'
10-04 16:31:51 com_github_MitjaNemec_ReplicateLayout.replicate_layout 888:Replicating footprint: 'C43'
10-04 16:31:51 com_github_MitjaNemec_ReplicateLayout.replicate_layout 835:Src fp.id: '698B74F8-CB98-41A6-B4D3-AB4564F0719D'
10-04 16:31:51 com_github_MitjaNemec_ReplicateLayout.replicate_layout 839:Dst fp.id: '698B74F8-CB98-41A6-B4D3-AB4564F0719D'
10-04 16:31:51 com_github_MitjaNemec_ReplicateLayout.replicate_layout 895:found match in dst footprint: 'C9'
10-04 16:31:51 com_github_MitjaNemec_ReplicateLayout.replicate_layout 990:Src text UUid:ea0a66b2-e039-4bd8-9b0d-f187404f1e80
10-04 16:31:51 com_github_MitjaNemec_ReplicateLayout.replicate_layout 991:Dst text UUid:ebef86c1-0563-4de6-9278-b2ead22245e5
10-04 16:31:51 com_github_MitjaNemec_ReplicateLayout.replicate_layout 990:Src text UUid:39be5924-6480-47bd-b714-4ada90e05d60
10-04 16:31:51 com_github_MitjaNemec_ReplicateLayout.replicate_layout 991:Dst text UUid:59f57751-6fb4-43cc-b5ff-b7072e92ea39
10-04 16:31:51 com_github_MitjaNemec_ReplicateLayout.replicate_layout 990:Src text UUid:159f51f6-454c-4d64-97f9-1d09eaca6d71
10-04 16:31:51 com_github_MitjaNemec_ReplicateLayout.replicate_layout 991:Dst text UUid:3d77726a-dd11-4cc1-bd73-f0a07a95700b
10-04 16:31:51 com_github_MitjaNemec_ReplicateLayout.replicate_layout 888:Replicating footprint: 'C42'
10-04 16:31:51 com_github_MitjaNemec_ReplicateLayout.replicate_layout 835:Src fp.id: 'B64C972B-BD7E-4309-AE84-B4381209D8A8'
10-04 16:31:51 com_github_MitjaNemec_ReplicateLayout.replicate_layout 839:Dst fp.id: 'B64C972B-BD7E-4309-AE84-B4381209D8A8'
10-04 16:31:51 com_github_MitjaNemec_ReplicateLayout.replicate_layout 895:found match in dst footprint: 'C8'
10-04 16:31:51 com_github_MitjaNemec_ReplicateLayout.replicate_layout 990:Src text UUid:60fd38ae-9096-4af1-992b-6ac952ded262
10-04 16:31:51 com_github_MitjaNemec_ReplicateLayout.replicate_layout 991:Dst text UUid:86bc8eb1-6a46-474d-b269-0fdf3ae619de
10-04 16:31:51 com_github_MitjaNemec_ReplicateLayout.replicate_layout 990:Src text UUid:fb8b2e39-9fdc-4a0a-9045-60acbe1edc5d
10-04 16:31:51 com_github_MitjaNemec_ReplicateLayout.replicate_layout 991:Dst text UUid:03f2146b-cd13-4477-a725-fa8f1f67a503
10-04 16:31:51 com_github_MitjaNemec_ReplicateLayout.replicate_layout 990:Src text UUid:6269fcc1-3afa-4fdf-8beb-d8a9193c8b45
10-04 16:31:51 com_github_MitjaNemec_ReplicateLayout.replicate_layout 991:Dst text UUid:1efd25ad-ed9e-40eb-bb04-007e8501eea9
10-04 16:31:51 com_github_MitjaNemec_ReplicateLayout.replicate_layout 888:Replicating footprint: 'R26'
10-04 16:31:51 com_github_MitjaNemec_ReplicateLayout.replicate_layout 835:Src fp.id: '5AC5E4A1-B49D-4038-A8D3-544A515736CA'
10-04 16:31:51 com_github_MitjaNemec_ReplicateLayout.replicate_layout 839:Dst fp.id: '5AC5E4A1-B49D-4038-A8D3-544A515736CA'
10-04 16:31:51 com_github_MitjaNemec_ReplicateLayout.replicate_layout 895:found match in dst footprint: 'R10'
10-04 16:31:51 com_github_MitjaNemec_ReplicateLayout.replicate_layout 990:Src text UUid:a8ae676f-e2f6-4baf-bbcc-4afda71c934a
10-04 16:31:51 com_github_MitjaNemec_ReplicateLayout.replicate_layout 991:Dst text UUid:3ff94877-90b4-431c-8bb5-ae12cef832b0
10-04 16:31:51 com_github_MitjaNemec_ReplicateLayout.replicate_layout 990:Src text UUid:b0ba7693-9327-492d-969e-3617bd9297ec
10-04 16:31:51 com_github_MitjaNemec_ReplicateLayout.replicate_layout 991:Dst text UUid:afe0889b-9c59-42cf-a7cb-1ea6c2d0d783
10-04 16:31:51 com_github_MitjaNemec_ReplicateLayout.replicate_layout 990:Src text UUid:723d5876-e949-405c-b6ca-e450475e397e
10-04 16:31:51 com_github_MitjaNemec_ReplicateLayout.replicate_layout 991:Dst text UUid:f217d42d-31ca-4e93-b1df-bc706d9aee76
10-04 16:31:51 com_github_MitjaNemec_ReplicateLayout.replicate_layout 888:Replicating footprint: 'J8'
10-04 16:31:51 com_github_MitjaNemec_ReplicateLayout.replicate_layout 835:Src fp.id: '7124E6FA-01D0-43CC-A111-0CBB340FFE05'
10-04 16:31:51 com_github_MitjaNemec_ReplicateLayout.replicate_layout 839:Dst fp.id: '7124E6FA-01D0-43CC-A111-0CBB340FFE05'
10-04 16:31:51 com_github_MitjaNemec_ReplicateLayout.replicate_layout 895:found match in dst footprint: 'J2'
10-04 16:31:51 com_github_MitjaNemec_ReplicateLayout.replicate_layout 990:Src text UUid:e96a00b8-7238-4016-bd73-9d3760cfd52a
10-04 16:31:51 com_github_MitjaNemec_ReplicateLayout.replicate_layout 991:Dst text UUid:56c85754-74ec-44a5-9bcb-f83ff39068d0
10-04 16:31:51 com_github_MitjaNemec_ReplicateLayout.replicate_layout 990:Src text UUid:3fc6a15f-bf37-4f76-9655-f0f3c462e44a
10-04 16:31:51 com_github_MitjaNemec_ReplicateLayout.replicate_layout 991:Dst text UUid:928186ab-d8f4-4924-90b7-dd27a3a0ec48
10-04 16:31:51 com_github_MitjaNemec_ReplicateLayout.replicate_layout 990:Src text UUid:4b726f16-ccc6-46c6-a0b0-10ff31aecfb8
10-04 16:31:51 com_github_MitjaNemec_ReplicateLayout.replicate_layout 991:Dst text UUid:416f4559-4dd3-48a6-9c16-4d8b1d133795
10-04 16:31:51 com_github_MitjaNemec_ReplicateLayout.replicate_layout 990:Src text UUid:5e18fc8d-784c-4761-b0f8-094ca9529c45
10-04 16:31:51 com_github_MitjaNemec_ReplicateLayout.replicate_layout 991:Dst text UUid:625d43ef-a211-4065-b049-8e9da842f62e
10-04 16:31:51 com_github_MitjaNemec_ReplicateLayout.replicate_layout 990:Src text UUid:81a01a58-3985-4eeb-8fdf-1f7213a00b71
10-04 16:31:51 com_github_MitjaNemec_ReplicateLayout.replicate_layout 991:Dst text UUid:876cd817-b3ce-4bcd-a4dd-889f4ca9c63a
10-04 16:31:51 com_github_MitjaNemec_ReplicateLayout.replicate_layout 888:Replicating footprint: 'R22'
10-04 16:31:51 root 345:updating GUI with: 26
10-04 16:31:51 com_github_MitjaNemec_ReplicateLayout.replicate_layout 835:Src fp.id: 'C983FEA5-2E60-4F21-B848-EEA6D0E4D665'
10-04 16:31:51 com_github_MitjaNemec_ReplicateLayout.replicate_layout 839:Dst fp.id: 'C983FEA5-2E60-4F21-B848-EEA6D0E4D665'
10-04 16:31:51 com_github_MitjaNemec_ReplicateLayout.replicate_layout 895:found match in dst footprint: 'R7'
10-04 16:31:51 com_github_MitjaNemec_ReplicateLayout.replicate_layout 990:Src text UUid:f507443f-4bda-4e29-a451-2dfd3997fe06
10-04 16:31:51 com_github_MitjaNemec_ReplicateLayout.replicate_layout 991:Dst text UUid:37acb81f-1b42-4d57-8b71-a5d1b64ce27f
10-04 16:31:51 com_github_MitjaNemec_ReplicateLayout.replicate_layout 990:Src text UUid:1a8ffa78-e20c-4986-9bb0-8706db28f1cb
10-04 16:31:51 com_github_MitjaNemec_ReplicateLayout.replicate_layout 991:Dst text UUid:13585599-e40a-46e3-b814-a50d6ec48d6d
10-04 16:31:51 com_github_MitjaNemec_ReplicateLayout.replicate_layout 990:Src text UUid:e446024f-d04d-4964-984c-586b752308a6
10-04 16:31:51 com_github_MitjaNemec_ReplicateLayout.replicate_layout 991:Dst text UUid:72801707-b758-47f9-be60-a8e99700cde1
10-04 16:31:51 com_github_MitjaNemec_ReplicateLayout.replicate_layout 888:Replicating footprint: 'C46'
10-04 16:31:51 com_github_MitjaNemec_ReplicateLayout.replicate_layout 835:Src fp.id: '812A38E6-7FEF-4018-96CF-FA54ED664B06'
10-04 16:31:51 com_github_MitjaNemec_ReplicateLayout.replicate_layout 839:Dst fp.id: '812A38E6-7FEF-4018-96CF-FA54ED664B06'
10-04 16:31:51 com_github_MitjaNemec_ReplicateLayout.replicate_layout 895:found match in dst footprint: 'C19'
10-04 16:31:51 com_github_MitjaNemec_ReplicateLayout.replicate_layout 990:Src text UUid:14c3e56d-dec4-4004-96c1-0dc439456eb6
10-04 16:31:51 com_github_MitjaNemec_ReplicateLayout.replicate_layout 991:Dst text UUid:6526cce3-baac-48f9-a5f6-bc8a91c671a1
10-04 16:31:51 com_github_MitjaNemec_ReplicateLayout.replicate_layout 990:Src text UUid:79e9ad29-1c74-4add-87ef-9d2fb00ca5aa
10-04 16:31:51 com_github_MitjaNemec_ReplicateLayout.replicate_layout 991:Dst text UUid:04e23e39-8519-415d-a4d8-20531c9bd04e
10-04 16:31:51 com_github_MitjaNemec_ReplicateLayout.replicate_layout 990:Src text UUid:2c0f6a88-58ad-48b6-9ed1-7e5cb0d57ed3
10-04 16:31:51 com_github_MitjaNemec_ReplicateLayout.replicate_layout 991:Dst text UUid:05202939-b05f-4be8-bd4b-26c593a8f725
10-04 16:31:51 com_github_MitjaNemec_ReplicateLayout.replicate_layout 888:Replicating footprint: 'Q8'
10-04 16:31:51 com_github_MitjaNemec_ReplicateLayout.replicate_layout 835:Src fp.id: 'A2BD9E9F-0A52-430E-B303-79779B381924'
10-04 16:31:51 com_github_MitjaNemec_ReplicateLayout.replicate_layout 839:Dst fp.id: 'A2BD9E9F-0A52-430E-B303-79779B381924'
10-04 16:31:51 com_github_MitjaNemec_ReplicateLayout.replicate_layout 895:found match in dst footprint: 'Q2'
10-04 16:31:51 com_github_MitjaNemec_ReplicateLayout.replicate_layout 990:Src text UUid:2b8d518d-3369-48b7-96cd-70d051cc24f8
10-04 16:31:51 com_github_MitjaNemec_ReplicateLayout.replicate_layout 991:Dst text UUid:555deaf6-8fdc-4acf-9922-c39deb8b434d
10-04 16:31:51 com_github_MitjaNemec_ReplicateLayout.replicate_layout 990:Src text UUid:bf3556d9-d442-4789-822e-def2a9563c5a
10-04 16:31:51 com_github_MitjaNemec_ReplicateLayout.replicate_layout 991:Dst text UUid:e8c7059f-91bb-4140-94f0-067961092362
10-04 16:31:51 com_github_MitjaNemec_ReplicateLayout.replicate_layout 990:Src text UUid:4d6db228-4158-404e-a153-2c80eec0036b
10-04 16:31:51 com_github_MitjaNemec_ReplicateLayout.replicate_layout 991:Dst text UUid:44e007cc-1657-4f94-bcd3-8c91e38dfc90
10-04 16:31:51 com_github_MitjaNemec_ReplicateLayout.replicate_layout 888:Replicating footprint: 'C47'
10-04 16:31:51 com_github_MitjaNemec_ReplicateLayout.replicate_layout 835:Src fp.id: '297736D8-9C70-4982-862E-E57E3FEF8CB9'
10-04 16:31:51 com_github_MitjaNemec_ReplicateLayout.replicate_layout 839:Dst fp.id: '297736D8-9C70-4982-862E-E57E3FEF8CB9'
10-04 16:31:51 com_github_MitjaNemec_ReplicateLayout.replicate_layout 895:found match in dst footprint: 'C21'
10-04 16:31:51 com_github_MitjaNemec_ReplicateLayout.replicate_layout 990:Src text UUid:e932ca7d-38d9-4297-b2b1-4680f3ca0052
10-04 16:31:51 com_github_MitjaNemec_ReplicateLayout.replicate_layout 991:Dst text UUid:1db8ab5c-49f8-4b53-89a7-6b97f5664ae1
10-04 16:31:51 com_github_MitjaNemec_ReplicateLayout.replicate_layout 990:Src text UUid:3c1f8392-d5eb-4f0e-8bf4-63212ded672a
10-04 16:31:51 com_github_MitjaNemec_ReplicateLayout.replicate_layout 991:Dst text UUid:b85dc21c-c59f-4e31-967f-c60fa5ada607
10-04 16:31:51 com_github_MitjaNemec_ReplicateLayout.replicate_layout 990:Src text UUid:49bdfb6b-94cf-4221-8b2e-b16746dfa3c9
10-04 16:31:51 com_github_MitjaNemec_ReplicateLayout.replicate_layout 991:Dst text UUid:fe5e88a4-696c-431e-9973-f6f25849aa03
10-04 16:31:51 com_github_MitjaNemec_ReplicateLayout.replicate_layout 888:Replicating footprint: 'J9'
10-04 16:31:51 com_github_MitjaNemec_ReplicateLayout.replicate_layout 835:Src fp.id: '239937C8-5656-47A4-B89E-546A8F1FD04A'
10-04 16:31:51 com_github_MitjaNemec_ReplicateLayout.replicate_layout 839:Dst fp.id: '239937C8-5656-47A4-B89E-546A8F1FD04A'
10-04 16:31:51 com_github_MitjaNemec_ReplicateLayout.replicate_layout 895:found match in dst footprint: 'J4'
10-04 16:31:51 com_github_MitjaNemec_ReplicateLayout.replicate_layout 990:Src text UUid:0d54b63d-cdeb-4297-bdef-48925243c0fd
10-04 16:31:51 com_github_MitjaNemec_ReplicateLayout.replicate_layout 991:Dst text UUid:ff41159c-43d4-480d-a35a-97f06c227b6a
10-04 16:31:51 com_github_MitjaNemec_ReplicateLayout.replicate_layout 990:Src text UUid:a897789e-1049-4508-97b5-1078bd542512
10-04 16:31:51 com_github_MitjaNemec_ReplicateLayout.replicate_layout 991:Dst text UUid:dc183c19-d5d3-4c0b-9f9f-c54885d6fa8a
10-04 16:31:51 com_github_MitjaNemec_ReplicateLayout.replicate_layout 990:Src text UUid:797dfc56-3fb8-4692-b63c-ae394b480730
10-04 16:31:51 com_github_MitjaNemec_ReplicateLayout.replicate_layout 991:Dst text UUid:488a3f39-d8f7-4df3-bb3a-251a31cc279e
10-04 16:31:51 com_github_MitjaNemec_ReplicateLayout.replicate_layout 990:Src text UUid:29862a97-2acf-45ff-beb1-9b1d6113879c
10-04 16:31:51 com_github_MitjaNemec_ReplicateLayout.replicate_layout 991:Dst text UUid:a529b10c-16a4-447a-b2b7-a705ae558e9c
10-04 16:31:51 com_github_MitjaNemec_ReplicateLayout.replicate_layout 990:Src text UUid:b8ecb2e3-43f0-4faf-a388-df9ecffb47d2
10-04 16:31:51 com_github_MitjaNemec_ReplicateLayout.replicate_layout 991:Dst text UUid:ff3350dc-ed59-45a3-bbfd-1b802956f17f
10-04 16:31:51 com_github_MitjaNemec_ReplicateLayout.replicate_layout 888:Replicating footprint: 'R21'
10-04 16:31:51 com_github_MitjaNemec_ReplicateLayout.replicate_layout 835:Src fp.id: '13E105F2-C862-464D-B4CB-DC6C4B6CCABE'
10-04 16:31:51 com_github_MitjaNemec_ReplicateLayout.replicate_layout 839:Dst fp.id: '13E105F2-C862-464D-B4CB-DC6C4B6CCABE'
10-04 16:31:51 com_github_MitjaNemec_ReplicateLayout.replicate_layout 895:found match in dst footprint: 'R6'
10-04 16:31:51 com_github_MitjaNemec_ReplicateLayout.replicate_layout 990:Src text UUid:71a95ebd-5b25-4a61-a714-ab1bd1023aac
10-04 16:31:51 com_github_MitjaNemec_ReplicateLayout.replicate_layout 991:Dst text UUid:44a5397b-762b-443f-99b1-057bd473b4e0
10-04 16:31:51 com_github_MitjaNemec_ReplicateLayout.replicate_layout 990:Src text UUid:fccdb237-fbed-4858-be63-698321c7a727
10-04 16:31:51 com_github_MitjaNemec_ReplicateLayout.replicate_layout 991:Dst text UUid:2c5e6b2e-4996-4475-84ae-ce412715d4b8
10-04 16:31:51 com_github_MitjaNemec_ReplicateLayout.replicate_layout 990:Src text UUid:8ae9ce91-ba42-4d78-80ed-867c48668bed
10-04 16:31:51 com_github_MitjaNemec_ReplicateLayout.replicate_layout 991:Dst text UUid:646cdc24-34b0-482a-9d46-aed7be898529
10-04 16:31:51 com_github_MitjaNemec_ReplicateLayout.replicate_layout 888:Replicating footprint: 'C48'
10-04 16:31:51 com_github_MitjaNemec_ReplicateLayout.replicate_layout 835:Src fp.id: '0D20A2D3-B7B7-450F-8807-77E84BFC1741'
10-04 16:31:51 com_github_MitjaNemec_ReplicateLayout.replicate_layout 839:Dst fp.id: '0D20A2D3-B7B7-450F-8807-77E84BFC1741'
10-04 16:31:51 com_github_MitjaNemec_ReplicateLayout.replicate_layout 895:found match in dst footprint: 'C22'
10-04 16:31:51 com_github_MitjaNemec_ReplicateLayout.replicate_layout 990:Src text UUid:7a7ca7f0-a9c1-49fd-a591-8ae078543aee
10-04 16:31:51 com_github_MitjaNemec_ReplicateLayout.replicate_layout 991:Dst text UUid:bc04e9d0-6a0c-48bf-813f-9bf1925b66ae
10-04 16:31:51 com_github_MitjaNemec_ReplicateLayout.replicate_layout 990:Src text UUid:db65a19e-a608-4b8f-bbae-6a07f1c742a2
10-04 16:31:51 com_github_MitjaNemec_ReplicateLayout.replicate_layout 991:Dst text UUid:740e4c15-d4db-49bd-9d07-c63705c96f2f
10-04 16:31:51 com_github_MitjaNemec_ReplicateLayout.replicate_layout 990:Src text UUid:4b325b45-6401-476d-9c9f-a0b933649887
10-04 16:31:51 com_github_MitjaNemec_ReplicateLayout.replicate_layout 991:Dst text UUid:14541e08-6864-4d4a-b5ff-f183ff82381d
10-04 16:31:51 com_github_MitjaNemec_ReplicateLayout.replicate_layout 888:Replicating footprint: 'R16'
10-04 16:31:51 com_github_MitjaNemec_ReplicateLayout.replicate_layout 835:Src fp.id: 'C2203948-84C2-4DBE-BFD2-CC8A3F498E17'
10-04 16:31:51 com_github_MitjaNemec_ReplicateLayout.replicate_layout 839:Dst fp.id: 'C2203948-84C2-4DBE-BFD2-CC8A3F498E17'
10-04 16:31:51 com_github_MitjaNemec_ReplicateLayout.replicate_layout 895:found match in dst footprint: 'R5'
10-04 16:31:51 com_github_MitjaNemec_ReplicateLayout.replicate_layout 990:Src text UUid:1c898cde-7476-4826-9560-b1a207020110
10-04 16:31:51 com_github_MitjaNemec_ReplicateLayout.replicate_layout 991:Dst text UUid:685e80f1-8eed-4a9e-9f33-d452a48fce26
10-04 16:31:51 com_github_MitjaNemec_ReplicateLayout.replicate_layout 990:Src text UUid:6409e442-33d0-4d5c-bbc0-8f37ef43f004
10-04 16:31:51 com_github_MitjaNemec_ReplicateLayout.replicate_layout 991:Dst text UUid:1b0e861d-66c1-4686-b81d-f7bb9372d99e
10-04 16:31:51 com_github_MitjaNemec_ReplicateLayout.replicate_layout 990:Src text UUid:60be413a-e6b4-4e68-8c2d-2e9eb2c4b135
10-04 16:31:51 com_github_MitjaNemec_ReplicateLayout.replicate_layout 991:Dst text UUid:2ee20d1f-da3c-4e37-976a-325ae357ca17
10-04 16:31:51 com_github_MitjaNemec_ReplicateLayout.replicate_layout 888:Replicating footprint: 'Q9'
10-04 16:31:51 com_github_MitjaNemec_ReplicateLayout.replicate_layout 835:Src fp.id: '252981A4-F34C-4C05-8677-DE9745672A56'
10-04 16:31:51 com_github_MitjaNemec_ReplicateLayout.replicate_layout 839:Dst fp.id: '252981A4-F34C-4C05-8677-DE9745672A56'
10-04 16:31:51 com_github_MitjaNemec_ReplicateLayout.replicate_layout 895:found match in dst footprint: 'Q3'
10-04 16:31:51 com_github_MitjaNemec_ReplicateLayout.replicate_layout 990:Src text UUid:0933862c-0a95-4a08-8461-432b67b0dd81
10-04 16:31:51 com_github_MitjaNemec_ReplicateLayout.replicate_layout 991:Dst text UUid:09f1573d-35a0-48d9-b951-2a887501b177
10-04 16:31:51 com_github_MitjaNemec_ReplicateLayout.replicate_layout 990:Src text UUid:9f41f78f-d1fc-4df8-be33-7fef99000413
10-04 16:31:51 com_github_MitjaNemec_ReplicateLayout.replicate_layout 991:Dst text UUid:0dec5ab3-28a7-4873-8a58-b544645bf7c8
10-04 16:31:51 com_github_MitjaNemec_ReplicateLayout.replicate_layout 990:Src text UUid:1c0a3273-deed-4add-866c-b7d5aa227252
10-04 16:31:51 com_github_MitjaNemec_ReplicateLayout.replicate_layout 991:Dst text UUid:e26a93d6-d9f6-43d5-95b2-c03d2abff54a
10-04 16:31:51 com_github_MitjaNemec_ReplicateLayout.replicate_layout 888:Replicating footprint: 'R23'
10-04 16:31:51 com_github_MitjaNemec_ReplicateLayout.replicate_layout 835:Src fp.id: '404DF32F-2009-4A70-8595-CD9BEC498213'
10-04 16:31:51 com_github_MitjaNemec_ReplicateLayout.replicate_layout 839:Dst fp.id: '404DF32F-2009-4A70-8595-CD9BEC498213'
10-04 16:31:51 com_github_MitjaNemec_ReplicateLayout.replicate_layout 895:found match in dst footprint: 'R9'
10-04 16:31:51 com_github_MitjaNemec_ReplicateLayout.replicate_layout 990:Src text UUid:43982bbf-bfe6-45a7-a582-064186a0946b
10-04 16:31:51 com_github_MitjaNemec_ReplicateLayout.replicate_layout 991:Dst text UUid:dd7b3740-66c7-4e84-99fe-c77af387adce
10-04 16:31:51 com_github_MitjaNemec_ReplicateLayout.replicate_layout 990:Src text UUid:7a3ae2f8-5d75-424e-850c-f8add977ece9
10-04 16:31:51 com_github_MitjaNemec_ReplicateLayout.replicate_layout 991:Dst text UUid:0dc90aba-ddb3-4f3e-b259-b06430380a8a
10-04 16:31:51 com_github_MitjaNemec_ReplicateLayout.replicate_layout 990:Src text UUid:c616dc17-fe18-46ba-ada5-2f8430d5b78c
10-04 16:31:51 com_github_MitjaNemec_ReplicateLayout.replicate_layout 991:Dst text UUid:507c87f7-6659-44c2-b1f4-263d2b2d669a
10-04 16:31:51 com_github_MitjaNemec_ReplicateLayout.replicate_layout 888:Replicating footprint: 'C49'
10-04 16:31:51 com_github_MitjaNemec_ReplicateLayout.replicate_layout 835:Src fp.id: 'A5DBC05B-A46B-4055-BA7D-91C4152B883A'
10-04 16:31:51 com_github_MitjaNemec_ReplicateLayout.replicate_layout 839:Dst fp.id: 'A5DBC05B-A46B-4055-BA7D-91C4152B883A'
10-04 16:31:51 com_github_MitjaNemec_ReplicateLayout.replicate_layout 895:found match in dst footprint: 'C31'
10-04 16:31:51 com_github_MitjaNemec_ReplicateLayout.replicate_layout 990:Src text UUid:67fe0dd2-db60-45ab-81af-d957aac5aaf3
10-04 16:31:51 com_github_MitjaNemec_ReplicateLayout.replicate_layout 991:Dst text UUid:7f00138b-0ef6-4ea9-aa99-071ce45170cc
10-04 16:31:51 com_github_MitjaNemec_ReplicateLayout.replicate_layout 990:Src text UUid:b5cc21fc-0ae1-4381-baf5-edc9158648a9
10-04 16:31:51 com_github_MitjaNemec_ReplicateLayout.replicate_layout 991:Dst text UUid:ee836360-de55-47b4-ad8c-6999f11794ed
10-04 16:31:51 com_github_MitjaNemec_ReplicateLayout.replicate_layout 990:Src text UUid:5e8f51ef-d0b2-4965-b530-94f70b64dd4a
10-04 16:31:51 com_github_MitjaNemec_ReplicateLayout.replicate_layout 991:Dst text UUid:ef4f8afc-53e6-43a8-abb4-28072d6eac30
10-04 16:31:51 com_github_MitjaNemec_ReplicateLayout.replicate_layout 888:Replicating footprint: 'Q10'
10-04 16:31:51 com_github_MitjaNemec_ReplicateLayout.replicate_layout 835:Src fp.id: 'F04BCC9C-2F9B-41A6-956C-484A5846072B'
10-04 16:31:51 com_github_MitjaNemec_ReplicateLayout.replicate_layout 839:Dst fp.id: 'F04BCC9C-2F9B-41A6-956C-484A5846072B'
10-04 16:31:51 com_github_MitjaNemec_ReplicateLayout.replicate_layout 895:found match in dst footprint: 'Q4'
10-04 16:31:51 com_github_MitjaNemec_ReplicateLayout.replicate_layout 990:Src text UUid:a934d86c-cf5b-40a1-853e-df64dcea4a5c
10-04 16:31:51 com_github_MitjaNemec_ReplicateLayout.replicate_layout 991:Dst text UUid:852a92c7-bcc3-475d-8042-7a83ba5765e3
10-04 16:31:51 com_github_MitjaNemec_ReplicateLayout.replicate_layout 990:Src text UUid:10649dc1-098d-4916-835f-8356898922c6
10-04 16:31:51 com_github_MitjaNemec_ReplicateLayout.replicate_layout 991:Dst text UUid:969a8a35-cbbe-4e17-914d-f84ba47d46a7
10-04 16:31:51 com_github_MitjaNemec_ReplicateLayout.replicate_layout 990:Src text UUid:a2c12b7b-8fa3-4572-b03a-3e4164c2a3e9
10-04 16:31:51 com_github_MitjaNemec_ReplicateLayout.replicate_layout 991:Dst text UUid:762cd5a9-54f0-4a8a-9180-96095396da47
10-04 16:31:51 com_github_MitjaNemec_ReplicateLayout.replicate_layout 888:Replicating footprint: 'C45'
10-04 16:31:51 com_github_MitjaNemec_ReplicateLayout.replicate_layout 835:Src fp.id: '9858E1BC-8628-4AA9-9C81-3128F974A0C3'
10-04 16:31:51 com_github_MitjaNemec_ReplicateLayout.replicate_layout 839:Dst fp.id: '9858E1BC-8628-4AA9-9C81-3128F974A0C3'
10-04 16:31:51 com_github_MitjaNemec_ReplicateLayout.replicate_layout 895:found match in dst footprint: 'C11'
10-04 16:31:51 com_github_MitjaNemec_ReplicateLayout.replicate_layout 990:Src text UUid:5dbf3a5f-1c9f-4a9a-af5a-61b2a7b35842
10-04 16:31:51 com_github_MitjaNemec_ReplicateLayout.replicate_layout 991:Dst text UUid:142d2a9d-6870-4a78-a39b-9018fdc444a5
10-04 16:31:51 com_github_MitjaNemec_ReplicateLayout.replicate_layout 990:Src text UUid:dfec2bd6-2211-453a-b958-37d513e769f5
10-04 16:31:51 com_github_MitjaNemec_ReplicateLayout.replicate_layout 991:Dst text UUid:bc9b450f-277a-4f0d-a2b3-cede7fbd06b9
10-04 16:31:51 com_github_MitjaNemec_ReplicateLayout.replicate_layout 990:Src text UUid:5968a244-3995-469f-8fc9-306e41e4b820
10-04 16:31:51 com_github_MitjaNemec_ReplicateLayout.replicate_layout 991:Dst text UUid:ce6eb1ca-ad54-4ecf-a279-6139d3d1c4ce
10-04 16:31:51 com_github_MitjaNemec_ReplicateLayout.replicate_layout 888:Replicating footprint: 'C44'
10-04 16:31:51 com_github_MitjaNemec_ReplicateLayout.replicate_layout 835:Src fp.id: 'D4078D9D-030D-4CDE-B3F7-D60987BBCAA0'
10-04 16:31:51 com_github_MitjaNemec_ReplicateLayout.replicate_layout 839:Dst fp.id: 'D4078D9D-030D-4CDE-B3F7-D60987BBCAA0'
10-04 16:31:51 com_github_MitjaNemec_ReplicateLayout.replicate_layout 895:found match in dst footprint: 'C10'
10-04 16:31:51 com_github_MitjaNemec_ReplicateLayout.replicate_layout 990:Src text UUid:3820f0b2-9236-4251-ad6d-79c0c5ec0461
10-04 16:31:51 com_github_MitjaNemec_ReplicateLayout.replicate_layout 991:Dst text UUid:3ad8b094-a71d-4056-8da9-02c84e063865
10-04 16:31:51 com_github_MitjaNemec_ReplicateLayout.replicate_layout 990:Src text UUid:a6254c8a-ca32-40aa-b815-db71de21764e
10-04 16:31:51 com_github_MitjaNemec_ReplicateLayout.replicate_layout 991:Dst text UUid:aa1e2c29-fbac-458d-bc23-8d6da74c2bac
10-04 16:31:51 com_github_MitjaNemec_ReplicateLayout.replicate_layout 990:Src text UUid:cab9a59f-52de-42db-93cb-4761c3f8a36c
10-04 16:31:51 com_github_MitjaNemec_ReplicateLayout.replicate_layout 991:Dst text UUid:053c7079-50f9-4e72-a058-508e5aa08b99
10-04 16:31:51 com_github_MitjaNemec_ReplicateLayout.replicate_layout 888:Replicating footprint: 'R27'
10-04 16:31:51 com_github_MitjaNemec_ReplicateLayout.replicate_layout 835:Src fp.id: '8A4A571C-67B1-49ED-B03D-3C80AE522578'
10-04 16:31:51 com_github_MitjaNemec_ReplicateLayout.replicate_layout 839:Dst fp.id: '8A4A571C-67B1-49ED-B03D-3C80AE522578'
10-04 16:31:51 com_github_MitjaNemec_ReplicateLayout.replicate_layout 895:found match in dst footprint: 'R11'
10-04 16:31:51 com_github_MitjaNemec_ReplicateLayout.replicate_layout 990:Src text UUid:696d9ce4-634b-4a45-8f00-252fbc3275d8
10-04 16:31:51 com_github_MitjaNemec_ReplicateLayout.replicate_layout 991:Dst text UUid:b55519ff-9cbd-43a1-b6ae-3646d109dc19
10-04 16:31:51 com_github_MitjaNemec_ReplicateLayout.replicate_layout 990:Src text UUid:a659adae-93a2-4549-bdac-045ed6bdf4d0
10-04 16:31:51 com_github_MitjaNemec_ReplicateLayout.replicate_layout 991:Dst text UUid:57485d7e-5569-4a6c-98fc-c85cda932846
10-04 16:31:51 com_github_MitjaNemec_ReplicateLayout.replicate_layout 990:Src text UUid:07688875-7e16-4e97-a1f9-ba545f072c5d
10-04 16:31:51 com_github_MitjaNemec_ReplicateLayout.replicate_layout 991:Dst text UUid:52270195-adad-466c-86b9-7123330166f9
10-04 16:31:51 root 340:updating GUI message: 'Replicating tracks'
10-04 16:31:51 com_github_MitjaNemec_ReplicateLayout.replicate_layout 1014:Replicating tracks
10-04 16:31:51 com_github_MitjaNemec_ReplicateLayout.replicate_layout 1020:Replicating tracks on sheet ['/Analog Stuff/', '/Analog Stuff/Mosfets 2/']
10-04 16:31:51 com_github_MitjaNemec_ReplicateLayout.replicate_layout 835:Src fp.id: '7124E6FA-01D0-43CC-A111-0CBB340FFE05'
10-04 16:31:51 com_github_MitjaNemec_ReplicateLayout.replicate_layout 839:Dst fp.id: '7124E6FA-01D0-43CC-A111-0CBB340FFE05'
10-04 16:31:51 com_github_MitjaNemec_ReplicateLayout.replicate_layout 792:Net pairs for sheet ['/Analog Stuff/', '/Analog Stuff/Mosfets 2/'] :[('Net-(J9-Pin_2)', 'Net-(J4-Pin_2)'), ('', ''), ('Net-(Q8A-C1)', 'Net-(Q2A-C1)'), ('Vdrive', 'Vdrive'), ('/Analog Stuff/~{chan1}', '/Analog Stuff/~{chan3}'), ('VBUS', 'VBUS'), ('Net-(Q8B-B2)', 'Net-(Q2B-B2)'), ('/Analog Stuff/vsense_p0', '/Analog Stuff/vsense_p2'), ('Net-(Q8A-B1)', 'Net-(Q2A-B1)'), ('/Analog Stuff/~{chan0}', '/Analog Stuff/~{chan2}'), ('Net-(J8-Pin_2)', 'Net-(J2-Pin_2)'), ('/Analog Stuff/vsense_p1', '/Analog Stuff/vsense_p3'), ('Net-(Q10-G)', 'Net-(Q2B-C2)'), ('GND', 'GND')]
10-04 16:31:51 root 345:updating GUI with: 2
10-04 16:31:51 root 340:updating GUI message: 'Replicating zones'
10-04 16:31:51 com_github_MitjaNemec_ReplicateLayout.replicate_layout 1084:Replicating zones
10-04 16:31:51 com_github_MitjaNemec_ReplicateLayout.replicate_layout 1091:Replicating zones on sheet ['/Analog Stuff/', '/Analog Stuff/Mosfets 2/']
10-04 16:31:51 com_github_MitjaNemec_ReplicateLayout.replicate_layout 835:Src fp.id: '7124E6FA-01D0-43CC-A111-0CBB340FFE05'
10-04 16:31:51 com_github_MitjaNemec_ReplicateLayout.replicate_layout 839:Dst fp.id: '7124E6FA-01D0-43CC-A111-0CBB340FFE05'
10-04 16:31:51 com_github_MitjaNemec_ReplicateLayout.replicate_layout 792:Net pairs for sheet ['/Analog Stuff/', '/Analog Stuff/Mosfets 2/'] :[('Net-(J9-Pin_2)', 'Net-(J4-Pin_2)'), ('', ''), ('Net-(Q8A-C1)', 'Net-(Q2A-C1)'), ('Vdrive', 'Vdrive'), ('/Analog Stuff/~{chan1}', '/Analog Stuff/~{chan3}'), ('VBUS', 'VBUS'), ('Net-(Q8B-B2)', 'Net-(Q2B-B2)'), ('/Analog Stuff/vsense_p0', '/Analog Stuff/vsense_p2'), ('Net-(Q8A-B1)', 'Net-(Q2A-B1)'), ('/Analog Stuff/~{chan0}', '/Analog Stuff/~{chan2}'), ('Net-(J8-Pin_2)', 'Net-(J2-Pin_2)'), ('/Analog Stuff/vsense_p1', '/Analog Stuff/vsense_p3'), ('Net-(Q10-G)', 'Net-(Q2B-C2)'), ('GND', 'GND')]
10-04 16:31:51 root 340:updating GUI message: 'Replicating text'
10-04 16:31:51 com_github_MitjaNemec_ReplicateLayout.replicate_layout 1173:Replicating text
10-04 16:31:51 com_github_MitjaNemec_ReplicateLayout.replicate_layout 1180:Replicating text on sheet ['/Analog Stuff/', '/Analog Stuff/Mosfets 2/']
10-04 16:31:51 com_github_MitjaNemec_ReplicateLayout.replicate_layout 835:Src fp.id: '7124E6FA-01D0-43CC-A111-0CBB340FFE05'
10-04 16:31:51 com_github_MitjaNemec_ReplicateLayout.replicate_layout 839:Dst fp.id: '7124E6FA-01D0-43CC-A111-0CBB340FFE05'
10-04 16:31:51 root 340:updating GUI message: 'Replicating drawings'
10-04 16:31:51 com_github_MitjaNemec_ReplicateLayout.replicate_layout 1224:Replicating drawings
10-04 16:31:51 com_github_MitjaNemec_ReplicateLayout.replicate_layout 1230:Replicating drawings on sheet ['/Analog Stuff/', '/Analog Stuff/Mosfets 2/']
10-04 16:31:51 com_github_MitjaNemec_ReplicateLayout.replicate_layout 835:Src fp.id: '7124E6FA-01D0-43CC-A111-0CBB340FFE05'
10-04 16:31:51 com_github_MitjaNemec_ReplicateLayout.replicate_layout 839:Dst fp.id: '7124E6FA-01D0-43CC-A111-0CBB340FFE05'
10-04 16:31:52 com_github_MitjaNemec_ReplicateLayout.action_replicate_layout 264:Replication complete
