01-18 19:38:07 com_github_MitjaNemec_ReplicateLayout.action_replicate_layout 409:Plugin executed on: 'win32'
01-18 19:38:07 com_github_MitjaNemec_ReplicateLayout.action_replicate_layout 410:Plugin executed with python version: '3.11.5 (main, Jun 15 2025, 06:45:45) [MSC v.1942 64 bit (AMD64)]'
01-18 19:38:07 com_github_MitjaNemec_ReplicateLayout.action_replicate_layout 411:KiCad build version: 9.0.4
01-18 19:38:07 com_github_MitjaNemec_ReplicateLayout.action_replicate_layout 412:Plugin version: 4.0.3
01-18 19:38:07 com_github_MitjaNemec_ReplicateLayout.action_replicate_layout 413:Frame repr: <wx._core.Frame object at 0x0000019F96AFC4C0>
01-18 19:38:07 com_github_MitjaNemec_ReplicateLayout.action_replicate_layout 437:Preparing replicator with Q301 as a reference
01-18 19:38:07 com_github_MitjaNemec_ReplicateLayout.replicate_layout 117:getting a list of all footprints on board
01-18 19:38:07 com_github_MitjaNemec_ReplicateLayout.action_replicate_layout 485:source anchor footprint is 'Q301'
Located on: ['/MOSFETS A/']
With filenames: ['mosfets.kicad_sch']
With sheet_id:['/MOSFETS A/']
01-18 19:38:07 com_github_MitjaNemec_ReplicateLayout.action_replicate_layout 492:Corresponding footprints are 
[('Q501', ['/MOSFETS C/']), ('Q401', ['/MOSFETS B/']), ('Q301', ['/MOSFETS A/'])]
01-18 19:38:07 com_github_MitjaNemec_ReplicateLayout.action_replicate_layout 504:Showing dialog
01-18 19:38:07 com_github_MitjaNemec_ReplicateLayout.replicate_layout 472:constructing a list of sheets suitable for replication on level:'/MOSFETS A/', file:'mosfets.kicad_sch'
01-18 19:38:07 com_github_MitjaNemec_ReplicateLayout.replicate_layout 509:suitable sheets are:[['/MOSFETS B/'], ['/MOSFETS C/']]
01-18 19:38:07 com_github_MitjaNemec_ReplicateLayout.replicate_layout 1512:Level selected: ['/MOSFETS A/']
01-18 19:38:07 com_github_MitjaNemec_ReplicateLayout.replicate_layout 1336:Filtering list of tracks
01-18 19:38:07 com_github_MitjaNemec_ReplicateLayout.action_replicate_layout 510:Toolbar position: wx.Point(1886, 77)
01-18 19:38:07 com_github_MitjaNemec_ReplicateLayout.action_replicate_layout 515:Dialog position: wx.Point(1447, 77)
01-18 19:38:08 com_github_MitjaNemec_ReplicateLayout.replicate_layout 472:constructing a list of sheets suitable for replication on level:'/MOSFETS A/', file:'mosfets.kicad_sch'
01-18 19:38:08 com_github_MitjaNemec_ReplicateLayout.replicate_layout 509:suitable sheets are:[['/MOSFETS B/'], ['/MOSFETS C/']]
01-18 19:38:08 com_github_MitjaNemec_ReplicateLayout.action_replicate_layout 248:Replicating layout
01-18 19:38:08 com_github_MitjaNemec_ReplicateLayout.replicate_layout 288:Starting replication of sheets: [['/MOSFETS B/'], ['/MOSFETS C/']]
on level: ['/MOSFETS A/']
with tracks=True, zone=True, text=True, text=True, intersecting=False, remove=False, locked footprints=False, group_only=False
01-18 19:38:08 root 340:updating GUI message: 'Preparing for replication'
01-18 19:38:08 root 345:updating GUI with: 0
01-18 19:38:08 com_github_MitjaNemec_ReplicateLayout.replicate_layout 358:Getting the list of source footprints
01-18 19:38:08 com_github_MitjaNemec_ReplicateLayout.replicate_layout 368:Getting the list of all the remaining footprints
01-18 19:38:08 com_github_MitjaNemec_ReplicateLayout.replicate_layout 375:Getting source tracks
01-18 19:38:08 com_github_MitjaNemec_ReplicateLayout.replicate_layout 1336:Filtering list of tracks
01-18 19:38:08 com_github_MitjaNemec_ReplicateLayout.replicate_layout 379:Getting source zones
01-18 19:38:08 com_github_MitjaNemec_ReplicateLayout.replicate_layout 383:Getting source text items
01-18 19:38:08 com_github_MitjaNemec_ReplicateLayout.replicate_layout 387:Getting source drawing items
01-18 19:38:08 root 340:updating GUI message: 'Replicating footprints'
01-18 19:38:08 com_github_MitjaNemec_ReplicateLayout.replicate_layout 863:Replicating footprints
01-18 19:38:08 com_github_MitjaNemec_ReplicateLayout.replicate_layout 870:Replicating footprints on sheet ['/MOSFETS B/']
01-18 19:38:08 com_github_MitjaNemec_ReplicateLayout.replicate_layout 835:Src fp.id: '252981A4-F34C-4C05-8677-DE9745672A56'
01-18 19:38:08 com_github_MitjaNemec_ReplicateLayout.replicate_layout 839:Dst fp.id: '252981A4-F34C-4C05-8677-DE9745672A56'
01-18 19:38:08 com_github_MitjaNemec_ReplicateLayout.replicate_layout 888:Replicating footprint: 'R306'
01-18 19:38:08 com_github_MitjaNemec_ReplicateLayout.replicate_layout 835:Src fp.id: 'BAF817F9-F181-4782-8C6B-6FC63F28BFF1'
01-18 19:38:08 com_github_MitjaNemec_ReplicateLayout.replicate_layout 839:Dst fp.id: 'BAF817F9-F181-4782-8C6B-6FC63F28BFF1'
01-18 19:38:08 com_github_MitjaNemec_ReplicateLayout.replicate_layout 895:found match in dst footprint: 'R406'
01-18 19:38:08 com_github_MitjaNemec_ReplicateLayout.replicate_layout 990:Src text UUid:a1ed2133-ad45-4e15-9900-d90fa6387d68
01-18 19:38:08 com_github_MitjaNemec_ReplicateLayout.replicate_layout 991:Dst text UUid:9f3102e3-1179-4f29-9ef6-2a99655ccf09
01-18 19:38:08 com_github_MitjaNemec_ReplicateLayout.replicate_layout 990:Src text UUid:f86b1b17-21b7-46b4-9630-e878eabb691a
01-18 19:38:08 com_github_MitjaNemec_ReplicateLayout.replicate_layout 991:Dst text UUid:acb2ce3c-4c56-431e-a26e-dc1939f6e877
01-18 19:38:08 com_github_MitjaNemec_ReplicateLayout.replicate_layout 990:Src text UUid:a034d318-6ade-4e51-80d7-751c9804ae0d
01-18 19:38:08 com_github_MitjaNemec_ReplicateLayout.replicate_layout 991:Dst text UUid:8f9a7724-85b2-4152-8d04-085ce032338f
01-18 19:38:08 com_github_MitjaNemec_ReplicateLayout.replicate_layout 888:Replicating footprint: 'R307'
01-18 19:38:08 com_github_MitjaNemec_ReplicateLayout.replicate_layout 835:Src fp.id: 'E67697A5-DF05-4577-8127-6333CDF74C45'
01-18 19:38:08 com_github_MitjaNemec_ReplicateLayout.replicate_layout 839:Dst fp.id: 'E67697A5-DF05-4577-8127-6333CDF74C45'
01-18 19:38:08 com_github_MitjaNemec_ReplicateLayout.replicate_layout 895:found match in dst footprint: 'R407'
01-18 19:38:08 com_github_MitjaNemec_ReplicateLayout.replicate_layout 990:Src text UUid:263b7a41-c4ca-4609-8ea6-da0da9226725
01-18 19:38:08 com_github_MitjaNemec_ReplicateLayout.replicate_layout 991:Dst text UUid:ad302f13-4a9e-495e-a774-ee9e06c50a50
01-18 19:38:08 com_github_MitjaNemec_ReplicateLayout.replicate_layout 990:Src text UUid:179f9d96-2fa4-45df-91a2-3da97aac5fa7
01-18 19:38:08 com_github_MitjaNemec_ReplicateLayout.replicate_layout 991:Dst text UUid:ecc83a09-0c7e-40aa-8a1b-070fe847a921
01-18 19:38:08 com_github_MitjaNemec_ReplicateLayout.replicate_layout 990:Src text UUid:aee1f347-0f7f-4ff5-93ed-c8f0e1a69986
01-18 19:38:08 com_github_MitjaNemec_ReplicateLayout.replicate_layout 991:Dst text UUid:9ee7ecc6-3578-4fcb-90aa-a5f8ecc416bf
01-18 19:38:08 com_github_MitjaNemec_ReplicateLayout.replicate_layout 888:Replicating footprint: 'R305'
01-18 19:38:08 com_github_MitjaNemec_ReplicateLayout.replicate_layout 835:Src fp.id: 'ED639C6C-60CF-4251-BBAA-E48A194588AA'
01-18 19:38:08 com_github_MitjaNemec_ReplicateLayout.replicate_layout 839:Dst fp.id: 'ED639C6C-60CF-4251-BBAA-E48A194588AA'
01-18 19:38:08 com_github_MitjaNemec_ReplicateLayout.replicate_layout 895:found match in dst footprint: 'R405'
01-18 19:38:08 com_github_MitjaNemec_ReplicateLayout.replicate_layout 990:Src text UUid:439c09fa-8e20-41ad-8ca3-0924d1672f43
01-18 19:38:08 com_github_MitjaNemec_ReplicateLayout.replicate_layout 991:Dst text UUid:d90c54ee-7f19-4a5e-965f-ea87b2f03d13
01-18 19:38:08 com_github_MitjaNemec_ReplicateLayout.replicate_layout 990:Src text UUid:47fdf93a-bd24-4106-9362-61ffc6873b49
01-18 19:38:08 com_github_MitjaNemec_ReplicateLayout.replicate_layout 991:Dst text UUid:40f7db7b-7df8-4c57-bf22-a14da7c31920
01-18 19:38:08 com_github_MitjaNemec_ReplicateLayout.replicate_layout 990:Src text UUid:6cfe9ef8-12fc-44a5-bebc-6a746e561e3f
01-18 19:38:08 com_github_MitjaNemec_ReplicateLayout.replicate_layout 991:Dst text UUid:591c59f0-1ed2-4095-9098-eadb0f4f4fb3
01-18 19:38:08 com_github_MitjaNemec_ReplicateLayout.replicate_layout 888:Replicating footprint: 'R304'
01-18 19:38:08 com_github_MitjaNemec_ReplicateLayout.replicate_layout 835:Src fp.id: '2B07E5BA-C6D9-4B67-989F-1AF8FBD1A43D'
01-18 19:38:08 com_github_MitjaNemec_ReplicateLayout.replicate_layout 839:Dst fp.id: '2B07E5BA-C6D9-4B67-989F-1AF8FBD1A43D'
01-18 19:38:08 com_github_MitjaNemec_ReplicateLayout.replicate_layout 895:found match in dst footprint: 'R404'
01-18 19:38:08 com_github_MitjaNemec_ReplicateLayout.replicate_layout 990:Src text UUid:1684cfed-2768-4879-80de-65d2aee85cdd
01-18 19:38:08 com_github_MitjaNemec_ReplicateLayout.replicate_layout 991:Dst text UUid:1d7b0dc8-deb4-4d27-95bd-322c1c2c4652
01-18 19:38:08 com_github_MitjaNemec_ReplicateLayout.replicate_layout 990:Src text UUid:3a4bf02b-7b24-414c-a368-4734623064ed
01-18 19:38:08 com_github_MitjaNemec_ReplicateLayout.replicate_layout 991:Dst text UUid:a428999c-dff8-4999-9f79-2bdc3209f548
01-18 19:38:08 com_github_MitjaNemec_ReplicateLayout.replicate_layout 990:Src text UUid:aff37484-dad9-4524-ad50-e4cc68b69064
01-18 19:38:08 com_github_MitjaNemec_ReplicateLayout.replicate_layout 991:Dst text UUid:9048569d-0e35-4043-89e4-bd17f3fbb494
01-18 19:38:08 com_github_MitjaNemec_ReplicateLayout.replicate_layout 888:Replicating footprint: 'R303'
01-18 19:38:08 com_github_MitjaNemec_ReplicateLayout.replicate_layout 835:Src fp.id: '2684ACEE-86F7-467F-B87D-B9E825BFF82A'
01-18 19:38:08 com_github_MitjaNemec_ReplicateLayout.replicate_layout 839:Dst fp.id: '2684ACEE-86F7-467F-B87D-B9E825BFF82A'
01-18 19:38:08 com_github_MitjaNemec_ReplicateLayout.replicate_layout 895:found match in dst footprint: 'R403'
01-18 19:38:08 com_github_MitjaNemec_ReplicateLayout.replicate_layout 990:Src text UUid:72321bcb-90f9-4a0a-b776-d24668eb351b
01-18 19:38:08 com_github_MitjaNemec_ReplicateLayout.replicate_layout 991:Dst text UUid:6622f572-6738-4e6c-96b3-2bea8f1dc356
01-18 19:38:08 com_github_MitjaNemec_ReplicateLayout.replicate_layout 990:Src text UUid:e416bed5-70b3-4d67-b343-ba6d719a55e9
01-18 19:38:08 com_github_MitjaNemec_ReplicateLayout.replicate_layout 991:Dst text UUid:bef63596-dfa1-4fc9-bc40-8a3b3c5143f4
01-18 19:38:08 com_github_MitjaNemec_ReplicateLayout.replicate_layout 990:Src text UUid:71738b83-3332-4db1-ad59-3c1208da6aae
01-18 19:38:08 com_github_MitjaNemec_ReplicateLayout.replicate_layout 991:Dst text UUid:21e401ad-2ee8-4441-9869-f84c95f31c87
01-18 19:38:08 com_github_MitjaNemec_ReplicateLayout.replicate_layout 888:Replicating footprint: 'R302'
01-18 19:38:08 com_github_MitjaNemec_ReplicateLayout.replicate_layout 835:Src fp.id: '6CEE99F7-3E8F-4BC9-801C-EE191C05BB86'
01-18 19:38:08 com_github_MitjaNemec_ReplicateLayout.replicate_layout 839:Dst fp.id: '6CEE99F7-3E8F-4BC9-801C-EE191C05BB86'
01-18 19:38:08 com_github_MitjaNemec_ReplicateLayout.replicate_layout 895:found match in dst footprint: 'R402'
01-18 19:38:08 com_github_MitjaNemec_ReplicateLayout.replicate_layout 990:Src text UUid:945294fd-e8e6-4f18-914c-f6d1ee584802
01-18 19:38:08 com_github_MitjaNemec_ReplicateLayout.replicate_layout 991:Dst text UUid:a1495629-73d3-436e-b75b-df7304426526
01-18 19:38:08 com_github_MitjaNemec_ReplicateLayout.replicate_layout 990:Src text UUid:be3745a8-a2b8-4e73-93a1-7eba238892ae
01-18 19:38:08 com_github_MitjaNemec_ReplicateLayout.replicate_layout 991:Dst text UUid:7982a0e6-a558-4f19-aaf4-d70204ead4f0
01-18 19:38:08 com_github_MitjaNemec_ReplicateLayout.replicate_layout 990:Src text UUid:8b92c438-901b-49d3-a0b9-26217c2aaa54
01-18 19:38:08 com_github_MitjaNemec_ReplicateLayout.replicate_layout 991:Dst text UUid:43e6ead6-fb62-43de-95dd-7a21ce72350c
01-18 19:38:08 com_github_MitjaNemec_ReplicateLayout.replicate_layout 888:Replicating footprint: 'R301'
01-18 19:38:08 com_github_MitjaNemec_ReplicateLayout.replicate_layout 835:Src fp.id: '29175FF1-A6F4-49EA-9653-DDCE8740FB6B'
01-18 19:38:08 com_github_MitjaNemec_ReplicateLayout.replicate_layout 839:Dst fp.id: '29175FF1-A6F4-49EA-9653-DDCE8740FB6B'
01-18 19:38:08 com_github_MitjaNemec_ReplicateLayout.replicate_layout 895:found match in dst footprint: 'R401'
01-18 19:38:08 com_github_MitjaNemec_ReplicateLayout.replicate_layout 990:Src text UUid:709957c3-828e-42f5-badc-65c6b5cb0604
01-18 19:38:08 com_github_MitjaNemec_ReplicateLayout.replicate_layout 991:Dst text UUid:e3daf2ed-1cee-41d5-8788-f1a1f5922402
01-18 19:38:08 com_github_MitjaNemec_ReplicateLayout.replicate_layout 990:Src text UUid:67435420-5147-41fe-b46e-b61778328d0d
01-18 19:38:08 com_github_MitjaNemec_ReplicateLayout.replicate_layout 991:Dst text UUid:339b748b-967c-44b6-a536-fdbacf247167
01-18 19:38:08 com_github_MitjaNemec_ReplicateLayout.replicate_layout 990:Src text UUid:9f870147-04c5-4311-8528-6b9bbf2f4b2f
01-18 19:38:08 com_github_MitjaNemec_ReplicateLayout.replicate_layout 991:Dst text UUid:4295cc55-86e2-4d47-a632-a1fec45eb365
01-18 19:38:08 com_github_MitjaNemec_ReplicateLayout.replicate_layout 888:Replicating footprint: 'Q302'
01-18 19:38:08 com_github_MitjaNemec_ReplicateLayout.replicate_layout 835:Src fp.id: '7983C46F-3065-4AAD-8AEE-97892F395609'
01-18 19:38:08 com_github_MitjaNemec_ReplicateLayout.replicate_layout 839:Dst fp.id: '7983C46F-3065-4AAD-8AEE-97892F395609'
01-18 19:38:08 com_github_MitjaNemec_ReplicateLayout.replicate_layout 895:found match in dst footprint: 'Q402'
01-18 19:38:08 com_github_MitjaNemec_ReplicateLayout.replicate_layout 990:Src text UUid:8dff16dd-1098-4ccf-b44c-2442a44ae53a
01-18 19:38:08 com_github_MitjaNemec_ReplicateLayout.replicate_layout 991:Dst text UUid:732909d3-883a-4f06-bd9e-bd73976ede46
01-18 19:38:08 com_github_MitjaNemec_ReplicateLayout.replicate_layout 990:Src text UUid:caa85d57-fe0c-463b-83ae-c577ec86ae18
01-18 19:38:08 com_github_MitjaNemec_ReplicateLayout.replicate_layout 991:Dst text UUid:2341a6ad-20a6-4b03-b3d7-1b972bb4bda3
01-18 19:38:08 com_github_MitjaNemec_ReplicateLayout.replicate_layout 990:Src text UUid:1f264f33-5d88-452d-a6b2-f9c439517eab
01-18 19:38:08 com_github_MitjaNemec_ReplicateLayout.replicate_layout 991:Dst text UUid:6ddf19ea-5421-4987-9d9b-d515e6f90391
01-18 19:38:08 com_github_MitjaNemec_ReplicateLayout.replicate_layout 888:Replicating footprint: 'Q301'
01-18 19:38:08 com_github_MitjaNemec_ReplicateLayout.replicate_layout 835:Src fp.id: '252981A4-F34C-4C05-8677-DE9745672A56'
01-18 19:38:08 com_github_MitjaNemec_ReplicateLayout.replicate_layout 839:Dst fp.id: '252981A4-F34C-4C05-8677-DE9745672A56'
01-18 19:38:08 com_github_MitjaNemec_ReplicateLayout.replicate_layout 895:found match in dst footprint: 'Q401'
01-18 19:38:08 com_github_MitjaNemec_ReplicateLayout.replicate_layout 990:Src text UUid:d9d9689c-7be1-4476-9dbc-59f6ca467985
01-18 19:38:08 com_github_MitjaNemec_ReplicateLayout.replicate_layout 991:Dst text UUid:c1707a1f-df31-45a7-8b65-6269ddcec3e0
01-18 19:38:08 com_github_MitjaNemec_ReplicateLayout.replicate_layout 990:Src text UUid:36033a50-d2f7-4a9d-a56d-5657ab93bcbf
01-18 19:38:08 com_github_MitjaNemec_ReplicateLayout.replicate_layout 991:Dst text UUid:c71f4877-9a1e-436f-ab5e-1198c8b90420
01-18 19:38:08 com_github_MitjaNemec_ReplicateLayout.replicate_layout 990:Src text UUid:66ccaa2a-b006-4ea6-a4a5-c5b4578c9826
01-18 19:38:08 com_github_MitjaNemec_ReplicateLayout.replicate_layout 991:Dst text UUid:4b0d5e5e-6151-4e9e-a118-27ee8ea88816
01-18 19:38:08 com_github_MitjaNemec_ReplicateLayout.replicate_layout 888:Replicating footprint: 'C303'
01-18 19:38:08 com_github_MitjaNemec_ReplicateLayout.replicate_layout 835:Src fp.id: 'A8A00A87-2793-4A68-A2E0-58B5FE9BD85E'
01-18 19:38:08 com_github_MitjaNemec_ReplicateLayout.replicate_layout 839:Dst fp.id: 'A8A00A87-2793-4A68-A2E0-58B5FE9BD85E'
01-18 19:38:08 com_github_MitjaNemec_ReplicateLayout.replicate_layout 895:found match in dst footprint: 'C403'
01-18 19:38:08 com_github_MitjaNemec_ReplicateLayout.replicate_layout 990:Src text UUid:2d2532e4-4eb2-4e9e-8d77-5fd2f395c4b8
01-18 19:38:08 com_github_MitjaNemec_ReplicateLayout.replicate_layout 991:Dst text UUid:e428646d-23af-44a7-9fe6-ab85ea2321f7
01-18 19:38:08 com_github_MitjaNemec_ReplicateLayout.replicate_layout 990:Src text UUid:7621887c-2d5d-46c2-b7fc-ce7349470fce
01-18 19:38:08 com_github_MitjaNemec_ReplicateLayout.replicate_layout 991:Dst text UUid:122862f5-c90b-471f-9cf2-b66c93fed6a5
01-18 19:38:08 com_github_MitjaNemec_ReplicateLayout.replicate_layout 990:Src text UUid:6bc9e6b1-18cb-479d-bc9d-11925e7f81ac
01-18 19:38:08 com_github_MitjaNemec_ReplicateLayout.replicate_layout 991:Dst text UUid:24d38cf0-1d12-4f86-8549-14c2e2bf6806
01-18 19:38:08 com_github_MitjaNemec_ReplicateLayout.replicate_layout 888:Replicating footprint: 'C302'
01-18 19:38:08 com_github_MitjaNemec_ReplicateLayout.replicate_layout 835:Src fp.id: '6D9A79AB-0C8A-4D68-B419-9BA3BEE82855'
01-18 19:38:08 com_github_MitjaNemec_ReplicateLayout.replicate_layout 839:Dst fp.id: '6D9A79AB-0C8A-4D68-B419-9BA3BEE82855'
01-18 19:38:08 com_github_MitjaNemec_ReplicateLayout.replicate_layout 895:found match in dst footprint: 'C402'
01-18 19:38:08 com_github_MitjaNemec_ReplicateLayout.replicate_layout 990:Src text UUid:499d9e14-6e12-4442-be5e-5b8db0fdf818
01-18 19:38:08 com_github_MitjaNemec_ReplicateLayout.replicate_layout 991:Dst text UUid:911c9228-bbda-4d9a-a299-261a8a2d5df0
01-18 19:38:08 com_github_MitjaNemec_ReplicateLayout.replicate_layout 990:Src text UUid:95d81199-4da0-4a8c-8b6f-6d69ac3ed8f4
01-18 19:38:08 com_github_MitjaNemec_ReplicateLayout.replicate_layout 991:Dst text UUid:53fe6926-5d1c-41f3-a8fe-31cfb5d89da5
01-18 19:38:08 com_github_MitjaNemec_ReplicateLayout.replicate_layout 990:Src text UUid:abcf3407-7d48-4a2b-ba30-d6820464c899
01-18 19:38:08 com_github_MitjaNemec_ReplicateLayout.replicate_layout 991:Dst text UUid:0843c7cf-882f-4ed7-a2b3-8020b4b4c10f
01-18 19:38:08 com_github_MitjaNemec_ReplicateLayout.replicate_layout 888:Replicating footprint: 'C301'
01-18 19:38:08 com_github_MitjaNemec_ReplicateLayout.replicate_layout 835:Src fp.id: '0AE6EDA1-982A-460E-8537-6CBD77228F6E'
01-18 19:38:08 com_github_MitjaNemec_ReplicateLayout.replicate_layout 839:Dst fp.id: '0AE6EDA1-982A-460E-8537-6CBD77228F6E'
01-18 19:38:08 com_github_MitjaNemec_ReplicateLayout.replicate_layout 895:found match in dst footprint: 'C401'
01-18 19:38:08 com_github_MitjaNemec_ReplicateLayout.replicate_layout 990:Src text UUid:a1857053-f3d4-4946-b437-a432bdb14200
01-18 19:38:08 com_github_MitjaNemec_ReplicateLayout.replicate_layout 991:Dst text UUid:5900432e-f50e-4802-b37b-5f0b8dd60fff
01-18 19:38:08 com_github_MitjaNemec_ReplicateLayout.replicate_layout 990:Src text UUid:a6add648-bc0f-428d-8bc1-e877b2df5f76
01-18 19:38:08 com_github_MitjaNemec_ReplicateLayout.replicate_layout 991:Dst text UUid:7f862adb-5d1b-40ee-b5b8-314042de3e31
01-18 19:38:08 com_github_MitjaNemec_ReplicateLayout.replicate_layout 990:Src text UUid:d40fedd8-7155-4353-87a4-914c1857756a
01-18 19:38:08 com_github_MitjaNemec_ReplicateLayout.replicate_layout 991:Dst text UUid:74fe8fce-4bc6-4ee6-929d-73e7619256d2
01-18 19:38:08 com_github_MitjaNemec_ReplicateLayout.replicate_layout 870:Replicating footprints on sheet ['/MOSFETS C/']
01-18 19:38:08 com_github_MitjaNemec_ReplicateLayout.replicate_layout 835:Src fp.id: '252981A4-F34C-4C05-8677-DE9745672A56'
01-18 19:38:08 com_github_MitjaNemec_ReplicateLayout.replicate_layout 839:Dst fp.id: '252981A4-F34C-4C05-8677-DE9745672A56'
01-18 19:38:08 com_github_MitjaNemec_ReplicateLayout.replicate_layout 888:Replicating footprint: 'R306'
01-18 19:38:08 com_github_MitjaNemec_ReplicateLayout.replicate_layout 835:Src fp.id: 'BAF817F9-F181-4782-8C6B-6FC63F28BFF1'
01-18 19:38:08 com_github_MitjaNemec_ReplicateLayout.replicate_layout 839:Dst fp.id: 'BAF817F9-F181-4782-8C6B-6FC63F28BFF1'
01-18 19:38:08 com_github_MitjaNemec_ReplicateLayout.replicate_layout 895:found match in dst footprint: 'R506'
01-18 19:38:08 com_github_MitjaNemec_ReplicateLayout.replicate_layout 990:Src text UUid:a1ed2133-ad45-4e15-9900-d90fa6387d68
01-18 19:38:08 com_github_MitjaNemec_ReplicateLayout.replicate_layout 991:Dst text UUid:0feaa237-4aee-43aa-8cbe-e37bf1d599ec
01-18 19:38:08 com_github_MitjaNemec_ReplicateLayout.replicate_layout 990:Src text UUid:f86b1b17-21b7-46b4-9630-e878eabb691a
01-18 19:38:08 com_github_MitjaNemec_ReplicateLayout.replicate_layout 991:Dst text UUid:c1bece62-da19-4221-8c1f-f91ab28fff94
01-18 19:38:08 com_github_MitjaNemec_ReplicateLayout.replicate_layout 990:Src text UUid:a034d318-6ade-4e51-80d7-751c9804ae0d
01-18 19:38:08 com_github_MitjaNemec_ReplicateLayout.replicate_layout 991:Dst text UUid:09c661d0-7371-453e-b350-fc1799ca2f4b
01-18 19:38:08 com_github_MitjaNemec_ReplicateLayout.replicate_layout 888:Replicating footprint: 'R307'
01-18 19:38:08 root 345:updating GUI with: 58
01-18 19:38:08 com_github_MitjaNemec_ReplicateLayout.replicate_layout 835:Src fp.id: 'E67697A5-DF05-4577-8127-6333CDF74C45'
01-18 19:38:08 com_github_MitjaNemec_ReplicateLayout.replicate_layout 839:Dst fp.id: 'E67697A5-DF05-4577-8127-6333CDF74C45'
01-18 19:38:08 com_github_MitjaNemec_ReplicateLayout.replicate_layout 895:found match in dst footprint: 'R507'
01-18 19:38:08 com_github_MitjaNemec_ReplicateLayout.replicate_layout 990:Src text UUid:263b7a41-c4ca-4609-8ea6-da0da9226725
01-18 19:38:08 com_github_MitjaNemec_ReplicateLayout.replicate_layout 991:Dst text UUid:fd5451f5-c520-4fb3-b6c1-918ccc6b1501
01-18 19:38:08 com_github_MitjaNemec_ReplicateLayout.replicate_layout 990:Src text UUid:179f9d96-2fa4-45df-91a2-3da97aac5fa7
01-18 19:38:08 com_github_MitjaNemec_ReplicateLayout.replicate_layout 991:Dst text UUid:af1ecf37-b3ba-40fd-8b4b-7f1045e644f4
01-18 19:38:08 com_github_MitjaNemec_ReplicateLayout.replicate_layout 990:Src text UUid:aee1f347-0f7f-4ff5-93ed-c8f0e1a69986
01-18 19:38:08 com_github_MitjaNemec_ReplicateLayout.replicate_layout 991:Dst text UUid:aa2437e1-b200-4b64-a799-394ea6eb9ab8
01-18 19:38:08 com_github_MitjaNemec_ReplicateLayout.replicate_layout 888:Replicating footprint: 'R305'
01-18 19:38:08 com_github_MitjaNemec_ReplicateLayout.replicate_layout 835:Src fp.id: 'ED639C6C-60CF-4251-BBAA-E48A194588AA'
01-18 19:38:08 com_github_MitjaNemec_ReplicateLayout.replicate_layout 839:Dst fp.id: 'ED639C6C-60CF-4251-BBAA-E48A194588AA'
01-18 19:38:08 com_github_MitjaNemec_ReplicateLayout.replicate_layout 895:found match in dst footprint: 'R505'
01-18 19:38:08 com_github_MitjaNemec_ReplicateLayout.replicate_layout 990:Src text UUid:439c09fa-8e20-41ad-8ca3-0924d1672f43
01-18 19:38:08 com_github_MitjaNemec_ReplicateLayout.replicate_layout 991:Dst text UUid:020bcc56-30d8-4395-9f9a-74c79d51278d
01-18 19:38:08 com_github_MitjaNemec_ReplicateLayout.replicate_layout 990:Src text UUid:47fdf93a-bd24-4106-9362-61ffc6873b49
01-18 19:38:08 com_github_MitjaNemec_ReplicateLayout.replicate_layout 991:Dst text UUid:32d25fed-d833-4555-9e0b-ec9e42ed4ba7
01-18 19:38:08 com_github_MitjaNemec_ReplicateLayout.replicate_layout 990:Src text UUid:6cfe9ef8-12fc-44a5-bebc-6a746e561e3f
01-18 19:38:08 com_github_MitjaNemec_ReplicateLayout.replicate_layout 991:Dst text UUid:fb244b5a-28d6-4923-9b9a-74b750475092
01-18 19:38:08 com_github_MitjaNemec_ReplicateLayout.replicate_layout 888:Replicating footprint: 'R304'
01-18 19:38:08 com_github_MitjaNemec_ReplicateLayout.replicate_layout 835:Src fp.id: '2B07E5BA-C6D9-4B67-989F-1AF8FBD1A43D'
01-18 19:38:08 com_github_MitjaNemec_ReplicateLayout.replicate_layout 839:Dst fp.id: '2B07E5BA-C6D9-4B67-989F-1AF8FBD1A43D'
01-18 19:38:08 com_github_MitjaNemec_ReplicateLayout.replicate_layout 895:found match in dst footprint: 'R504'
01-18 19:38:08 com_github_MitjaNemec_ReplicateLayout.replicate_layout 990:Src text UUid:1684cfed-2768-4879-80de-65d2aee85cdd
01-18 19:38:08 com_github_MitjaNemec_ReplicateLayout.replicate_layout 991:Dst text UUid:1da05374-a54d-4959-bdf0-3d4655fc0438
01-18 19:38:08 com_github_MitjaNemec_ReplicateLayout.replicate_layout 990:Src text UUid:3a4bf02b-7b24-414c-a368-4734623064ed
01-18 19:38:08 com_github_MitjaNemec_ReplicateLayout.replicate_layout 991:Dst text UUid:885d0379-263a-4cb5-a8b2-91fbf45c2552
01-18 19:38:08 com_github_MitjaNemec_ReplicateLayout.replicate_layout 990:Src text UUid:aff37484-dad9-4524-ad50-e4cc68b69064
01-18 19:38:08 com_github_MitjaNemec_ReplicateLayout.replicate_layout 991:Dst text UUid:4d060d0c-8e90-40a5-8aeb-0cb9ac6976a1
01-18 19:38:08 com_github_MitjaNemec_ReplicateLayout.replicate_layout 888:Replicating footprint: 'R303'
01-18 19:38:08 com_github_MitjaNemec_ReplicateLayout.replicate_layout 835:Src fp.id: '2684ACEE-86F7-467F-B87D-B9E825BFF82A'
01-18 19:38:08 com_github_MitjaNemec_ReplicateLayout.replicate_layout 839:Dst fp.id: '2684ACEE-86F7-467F-B87D-B9E825BFF82A'
01-18 19:38:08 com_github_MitjaNemec_ReplicateLayout.replicate_layout 895:found match in dst footprint: 'R503'
01-18 19:38:08 com_github_MitjaNemec_ReplicateLayout.replicate_layout 990:Src text UUid:72321bcb-90f9-4a0a-b776-d24668eb351b
01-18 19:38:08 com_github_MitjaNemec_ReplicateLayout.replicate_layout 991:Dst text UUid:bdd8ca06-c384-451d-b8e4-c7ea27ca527b
01-18 19:38:08 com_github_MitjaNemec_ReplicateLayout.replicate_layout 990:Src text UUid:e416bed5-70b3-4d67-b343-ba6d719a55e9
01-18 19:38:08 com_github_MitjaNemec_ReplicateLayout.replicate_layout 991:Dst text UUid:4286e53c-5cf7-40aa-a41a-c361b1955900
01-18 19:38:08 com_github_MitjaNemec_ReplicateLayout.replicate_layout 990:Src text UUid:71738b83-3332-4db1-ad59-3c1208da6aae
01-18 19:38:08 com_github_MitjaNemec_ReplicateLayout.replicate_layout 991:Dst text UUid:40ca6e3b-3856-493c-a65b-d6848714168e
01-18 19:38:08 com_github_MitjaNemec_ReplicateLayout.replicate_layout 888:Replicating footprint: 'R302'
01-18 19:38:08 com_github_MitjaNemec_ReplicateLayout.replicate_layout 835:Src fp.id: '6CEE99F7-3E8F-4BC9-801C-EE191C05BB86'
01-18 19:38:08 com_github_MitjaNemec_ReplicateLayout.replicate_layout 839:Dst fp.id: '6CEE99F7-3E8F-4BC9-801C-EE191C05BB86'
01-18 19:38:08 com_github_MitjaNemec_ReplicateLayout.replicate_layout 895:found match in dst footprint: 'R502'
01-18 19:38:08 com_github_MitjaNemec_ReplicateLayout.replicate_layout 990:Src text UUid:945294fd-e8e6-4f18-914c-f6d1ee584802
01-18 19:38:08 com_github_MitjaNemec_ReplicateLayout.replicate_layout 991:Dst text UUid:bd3a3e6f-afa8-4bf6-a113-f14edd1e3016
01-18 19:38:08 com_github_MitjaNemec_ReplicateLayout.replicate_layout 990:Src text UUid:be3745a8-a2b8-4e73-93a1-7eba238892ae
01-18 19:38:08 com_github_MitjaNemec_ReplicateLayout.replicate_layout 991:Dst text UUid:25a47a5e-12b2-4531-8317-f54a10a35571
01-18 19:38:08 com_github_MitjaNemec_ReplicateLayout.replicate_layout 990:Src text UUid:8b92c438-901b-49d3-a0b9-26217c2aaa54
01-18 19:38:08 com_github_MitjaNemec_ReplicateLayout.replicate_layout 991:Dst text UUid:bd4efcf4-0b85-4c06-97f8-41d2a96a5fae
01-18 19:38:08 com_github_MitjaNemec_ReplicateLayout.replicate_layout 888:Replicating footprint: 'R301'
01-18 19:38:08 com_github_MitjaNemec_ReplicateLayout.replicate_layout 835:Src fp.id: '29175FF1-A6F4-49EA-9653-DDCE8740FB6B'
01-18 19:38:08 com_github_MitjaNemec_ReplicateLayout.replicate_layout 839:Dst fp.id: '29175FF1-A6F4-49EA-9653-DDCE8740FB6B'
01-18 19:38:08 com_github_MitjaNemec_ReplicateLayout.replicate_layout 895:found match in dst footprint: 'R501'
01-18 19:38:08 com_github_MitjaNemec_ReplicateLayout.replicate_layout 990:Src text UUid:709957c3-828e-42f5-badc-65c6b5cb0604
01-18 19:38:08 com_github_MitjaNemec_ReplicateLayout.replicate_layout 991:Dst text UUid:85bd0f13-1b0d-4177-b8c6-d4dc6d933723
01-18 19:38:08 com_github_MitjaNemec_ReplicateLayout.replicate_layout 990:Src text UUid:67435420-5147-41fe-b46e-b61778328d0d
01-18 19:38:08 com_github_MitjaNemec_ReplicateLayout.replicate_layout 991:Dst text UUid:70aecbb6-630d-48b7-a5ac-77587dcd95b8
01-18 19:38:08 com_github_MitjaNemec_ReplicateLayout.replicate_layout 990:Src text UUid:9f870147-04c5-4311-8528-6b9bbf2f4b2f
01-18 19:38:08 com_github_MitjaNemec_ReplicateLayout.replicate_layout 991:Dst text UUid:68b1c045-f24e-4e4e-a8bb-d033885f30a8
01-18 19:38:08 com_github_MitjaNemec_ReplicateLayout.replicate_layout 888:Replicating footprint: 'Q302'
01-18 19:38:08 com_github_MitjaNemec_ReplicateLayout.replicate_layout 835:Src fp.id: '7983C46F-3065-4AAD-8AEE-97892F395609'
01-18 19:38:08 com_github_MitjaNemec_ReplicateLayout.replicate_layout 839:Dst fp.id: '7983C46F-3065-4AAD-8AEE-97892F395609'
01-18 19:38:08 com_github_MitjaNemec_ReplicateLayout.replicate_layout 895:found match in dst footprint: 'Q502'
01-18 19:38:08 com_github_MitjaNemec_ReplicateLayout.replicate_layout 990:Src text UUid:8dff16dd-1098-4ccf-b44c-2442a44ae53a
01-18 19:38:08 com_github_MitjaNemec_ReplicateLayout.replicate_layout 991:Dst text UUid:c8e221e3-2805-4e02-80fa-3a7a15a2342b
01-18 19:38:08 com_github_MitjaNemec_ReplicateLayout.replicate_layout 990:Src text UUid:caa85d57-fe0c-463b-83ae-c577ec86ae18
01-18 19:38:08 com_github_MitjaNemec_ReplicateLayout.replicate_layout 991:Dst text UUid:89f508ca-17ac-41df-8fa8-b6c629410b41
01-18 19:38:08 com_github_MitjaNemec_ReplicateLayout.replicate_layout 990:Src text UUid:1f264f33-5d88-452d-a6b2-f9c439517eab
01-18 19:38:08 com_github_MitjaNemec_ReplicateLayout.replicate_layout 991:Dst text UUid:05c986cd-2f91-44b5-9ee4-c6a8074effbd
01-18 19:38:08 com_github_MitjaNemec_ReplicateLayout.replicate_layout 888:Replicating footprint: 'Q301'
01-18 19:38:08 com_github_MitjaNemec_ReplicateLayout.replicate_layout 835:Src fp.id: '252981A4-F34C-4C05-8677-DE9745672A56'
01-18 19:38:08 com_github_MitjaNemec_ReplicateLayout.replicate_layout 839:Dst fp.id: '252981A4-F34C-4C05-8677-DE9745672A56'
01-18 19:38:08 com_github_MitjaNemec_ReplicateLayout.replicate_layout 895:found match in dst footprint: 'Q501'
01-18 19:38:08 com_github_MitjaNemec_ReplicateLayout.replicate_layout 990:Src text UUid:d9d9689c-7be1-4476-9dbc-59f6ca467985
01-18 19:38:08 com_github_MitjaNemec_ReplicateLayout.replicate_layout 991:Dst text UUid:20f720fe-4e19-4a80-afa7-00dbf0e58fe3
01-18 19:38:08 com_github_MitjaNemec_ReplicateLayout.replicate_layout 990:Src text UUid:36033a50-d2f7-4a9d-a56d-5657ab93bcbf
01-18 19:38:08 com_github_MitjaNemec_ReplicateLayout.replicate_layout 991:Dst text UUid:f0174c9c-4e3b-4992-b4ea-16b9ef32e4df
01-18 19:38:08 com_github_MitjaNemec_ReplicateLayout.replicate_layout 990:Src text UUid:66ccaa2a-b006-4ea6-a4a5-c5b4578c9826
01-18 19:38:08 com_github_MitjaNemec_ReplicateLayout.replicate_layout 991:Dst text UUid:ef7c04c6-57bc-4f5c-8dcc-b871c518563a
01-18 19:38:08 com_github_MitjaNemec_ReplicateLayout.replicate_layout 888:Replicating footprint: 'C303'
01-18 19:38:08 com_github_MitjaNemec_ReplicateLayout.replicate_layout 835:Src fp.id: 'A8A00A87-2793-4A68-A2E0-58B5FE9BD85E'
01-18 19:38:08 com_github_MitjaNemec_ReplicateLayout.replicate_layout 839:Dst fp.id: 'A8A00A87-2793-4A68-A2E0-58B5FE9BD85E'
01-18 19:38:08 com_github_MitjaNemec_ReplicateLayout.replicate_layout 895:found match in dst footprint: 'C503'
01-18 19:38:08 com_github_MitjaNemec_ReplicateLayout.replicate_layout 990:Src text UUid:2d2532e4-4eb2-4e9e-8d77-5fd2f395c4b8
01-18 19:38:08 com_github_MitjaNemec_ReplicateLayout.replicate_layout 991:Dst text UUid:a9cb8fb9-f7ad-4357-8f64-d6c6f6fe079d
01-18 19:38:08 com_github_MitjaNemec_ReplicateLayout.replicate_layout 990:Src text UUid:7621887c-2d5d-46c2-b7fc-ce7349470fce
01-18 19:38:08 com_github_MitjaNemec_ReplicateLayout.replicate_layout 991:Dst text UUid:89fb8285-82fe-40a6-9f55-6e5fde54ef29
01-18 19:38:08 com_github_MitjaNemec_ReplicateLayout.replicate_layout 990:Src text UUid:6bc9e6b1-18cb-479d-bc9d-11925e7f81ac
01-18 19:38:08 com_github_MitjaNemec_ReplicateLayout.replicate_layout 991:Dst text UUid:6cff74fa-f43e-4fae-9905-8cd80ffa4e28
01-18 19:38:08 com_github_MitjaNemec_ReplicateLayout.replicate_layout 888:Replicating footprint: 'C302'
01-18 19:38:08 com_github_MitjaNemec_ReplicateLayout.replicate_layout 835:Src fp.id: '6D9A79AB-0C8A-4D68-B419-9BA3BEE82855'
01-18 19:38:08 com_github_MitjaNemec_ReplicateLayout.replicate_layout 839:Dst fp.id: '6D9A79AB-0C8A-4D68-B419-9BA3BEE82855'
01-18 19:38:08 com_github_MitjaNemec_ReplicateLayout.replicate_layout 895:found match in dst footprint: 'C502'
01-18 19:38:08 com_github_MitjaNemec_ReplicateLayout.replicate_layout 990:Src text UUid:499d9e14-6e12-4442-be5e-5b8db0fdf818
01-18 19:38:08 com_github_MitjaNemec_ReplicateLayout.replicate_layout 991:Dst text UUid:42d0781d-d113-4e2b-85dc-91de6f384e67
01-18 19:38:08 com_github_MitjaNemec_ReplicateLayout.replicate_layout 990:Src text UUid:95d81199-4da0-4a8c-8b6f-6d69ac3ed8f4
01-18 19:38:08 com_github_MitjaNemec_ReplicateLayout.replicate_layout 991:Dst text UUid:c3fe9df0-4c4b-47e6-b190-a7f9b008914a
01-18 19:38:08 com_github_MitjaNemec_ReplicateLayout.replicate_layout 990:Src text UUid:abcf3407-7d48-4a2b-ba30-d6820464c899
01-18 19:38:08 com_github_MitjaNemec_ReplicateLayout.replicate_layout 991:Dst text UUid:93dd2cd1-d3b0-4ead-a9b9-cae0cd3795af
01-18 19:38:08 com_github_MitjaNemec_ReplicateLayout.replicate_layout 888:Replicating footprint: 'C301'
01-18 19:38:08 com_github_MitjaNemec_ReplicateLayout.replicate_layout 835:Src fp.id: '0AE6EDA1-982A-460E-8537-6CBD77228F6E'
01-18 19:38:08 com_github_MitjaNemec_ReplicateLayout.replicate_layout 839:Dst fp.id: '0AE6EDA1-982A-460E-8537-6CBD77228F6E'
01-18 19:38:08 com_github_MitjaNemec_ReplicateLayout.replicate_layout 895:found match in dst footprint: 'C501'
01-18 19:38:08 com_github_MitjaNemec_ReplicateLayout.replicate_layout 990:Src text UUid:a1857053-f3d4-4946-b437-a432bdb14200
01-18 19:38:08 com_github_MitjaNemec_ReplicateLayout.replicate_layout 991:Dst text UUid:f965c652-739c-4a51-a90e-0230507c9e2e
01-18 19:38:08 com_github_MitjaNemec_ReplicateLayout.replicate_layout 990:Src text UUid:a6add648-bc0f-428d-8bc1-e877b2df5f76
01-18 19:38:08 com_github_MitjaNemec_ReplicateLayout.replicate_layout 991:Dst text UUid:54ec76c6-2505-474a-b5d3-b03d23a8e3f4
01-18 19:38:08 com_github_MitjaNemec_ReplicateLayout.replicate_layout 990:Src text UUid:d40fedd8-7155-4353-87a4-914c1857756a
01-18 19:38:08 com_github_MitjaNemec_ReplicateLayout.replicate_layout 991:Dst text UUid:4078ba96-06f0-43e9-a0d3-01ce17715758
01-18 19:38:08 root 340:updating GUI message: 'Replicating tracks'
01-18 19:38:08 com_github_MitjaNemec_ReplicateLayout.replicate_layout 1014:Replicating tracks
01-18 19:38:08 com_github_MitjaNemec_ReplicateLayout.replicate_layout 1020:Replicating tracks on sheet ['/MOSFETS B/']
01-18 19:38:08 com_github_MitjaNemec_ReplicateLayout.replicate_layout 835:Src fp.id: '252981A4-F34C-4C05-8677-DE9745672A56'
01-18 19:38:08 com_github_MitjaNemec_ReplicateLayout.replicate_layout 839:Dst fp.id: '252981A4-F34C-4C05-8677-DE9745672A56'
01-18 19:38:08 com_github_MitjaNemec_ReplicateLayout.replicate_layout 792:Net pairs for sheet ['/MOSFETS B/'] :[('GND', 'GND'), ('V_SUPPLY', 'V_SUPPLY'), ('Net-(Q301-G)', 'Net-(Q401-G)'), ('Net-(Q302-G)', 'Net-(Q402-G)'), ('/Gate Driver/GH_A', '/Gate Driver/GH_B'), ('/Gate Driver/GL_A', '/Gate Driver/GL_B'), ('/PHASEA', '/PHASEB'), ('Net-(C303-Pad1)', 'Net-(C403-Pad1)'), ('SNA', 'SNB')]
01-18 19:38:08 com_github_MitjaNemec_ReplicateLayout.replicate_layout 1020:Replicating tracks on sheet ['/MOSFETS C/']
01-18 19:38:08 com_github_MitjaNemec_ReplicateLayout.replicate_layout 835:Src fp.id: '252981A4-F34C-4C05-8677-DE9745672A56'
01-18 19:38:08 com_github_MitjaNemec_ReplicateLayout.replicate_layout 839:Dst fp.id: '252981A4-F34C-4C05-8677-DE9745672A56'
01-18 19:38:08 com_github_MitjaNemec_ReplicateLayout.replicate_layout 776:Significant difference between src net: ['SNA'] and dst net: ['', 'Gate Driver', 'H3_LOW'], with src_net_depth=1, dst_net_depth=3, src_fp_depth=1, dst_fp_depth=1, match level 0.00
01-18 19:38:08 com_github_MitjaNemec_ReplicateLayout.replicate_layout 776:Significant difference between src net: ['SNA'] and dst net: ['', 'Gate Driver', 'H3_LOW'], with src_net_depth=1, dst_net_depth=3, src_fp_depth=1, dst_fp_depth=1, match level 0.00
01-18 19:38:08 com_github_MitjaNemec_ReplicateLayout.replicate_layout 776:Significant difference between src net: ['SNA'] and dst net: ['', 'Gate Driver', 'H3_LOW'], with src_net_depth=1, dst_net_depth=3, src_fp_depth=1, dst_fp_depth=1, match level 0.00
01-18 19:38:08 com_github_MitjaNemec_ReplicateLayout.replicate_layout 776:Significant difference between src net: ['SNA'] and dst net: ['', 'Gate Driver', 'H3_LOW'], with src_net_depth=1, dst_net_depth=3, src_fp_depth=1, dst_fp_depth=1, match level 0.00
01-18 19:38:08 com_github_MitjaNemec_ReplicateLayout.replicate_layout 792:Net pairs for sheet ['/MOSFETS C/'] :[('Net-(Q302-G)', 'Net-(Q502-G)'), ('GND', 'GND'), ('V_SUPPLY', 'V_SUPPLY'), ('Net-(Q301-G)', 'Net-(Q501-G)'), ('Net-(C303-Pad1)', 'Net-(C503-Pad1)'), ('SNA', '/Gate Driver/H3_LOW'), ('/PHASEA', '/PHASEC'), ('/Gate Driver/GH_A', '/Gate Driver/H3_VS'), ('/Gate Driver/GL_A', '/Gate Driver/GH_C')]
01-18 19:38:08 root 340:updating GUI message: 'Replicating zones'
01-18 19:38:08 com_github_MitjaNemec_ReplicateLayout.replicate_layout 1084:Replicating zones
01-18 19:38:08 com_github_MitjaNemec_ReplicateLayout.replicate_layout 1091:Replicating zones on sheet ['/MOSFETS B/']
01-18 19:38:08 com_github_MitjaNemec_ReplicateLayout.replicate_layout 835:Src fp.id: '252981A4-F34C-4C05-8677-DE9745672A56'
01-18 19:38:08 com_github_MitjaNemec_ReplicateLayout.replicate_layout 839:Dst fp.id: '252981A4-F34C-4C05-8677-DE9745672A56'
01-18 19:38:08 com_github_MitjaNemec_ReplicateLayout.replicate_layout 792:Net pairs for sheet ['/MOSFETS B/'] :[('GND', 'GND'), ('V_SUPPLY', 'V_SUPPLY'), ('Net-(Q301-G)', 'Net-(Q401-G)'), ('Net-(Q302-G)', 'Net-(Q402-G)'), ('/Gate Driver/GH_A', '/Gate Driver/GH_B'), ('/Gate Driver/GL_A', '/Gate Driver/GL_B'), ('/PHASEA', '/PHASEB'), ('Net-(C303-Pad1)', 'Net-(C403-Pad1)'), ('SNA', 'SNB')]
01-18 19:38:08 com_github_MitjaNemec_ReplicateLayout.replicate_layout 1091:Replicating zones on sheet ['/MOSFETS C/']
01-18 19:38:08 com_github_MitjaNemec_ReplicateLayout.replicate_layout 835:Src fp.id: '252981A4-F34C-4C05-8677-DE9745672A56'
01-18 19:38:08 com_github_MitjaNemec_ReplicateLayout.replicate_layout 839:Dst fp.id: '252981A4-F34C-4C05-8677-DE9745672A56'
01-18 19:38:08 com_github_MitjaNemec_ReplicateLayout.replicate_layout 776:Significant difference between src net: ['SNA'] and dst net: ['', 'Gate Driver', 'H3_LOW'], with src_net_depth=1, dst_net_depth=3, src_fp_depth=1, dst_fp_depth=1, match level 0.00
01-18 19:38:08 com_github_MitjaNemec_ReplicateLayout.replicate_layout 776:Significant difference between src net: ['SNA'] and dst net: ['', 'Gate Driver', 'H3_LOW'], with src_net_depth=1, dst_net_depth=3, src_fp_depth=1, dst_fp_depth=1, match level 0.00
01-18 19:38:08 com_github_MitjaNemec_ReplicateLayout.replicate_layout 776:Significant difference between src net: ['SNA'] and dst net: ['', 'Gate Driver', 'H3_LOW'], with src_net_depth=1, dst_net_depth=3, src_fp_depth=1, dst_fp_depth=1, match level 0.00
01-18 19:38:08 com_github_MitjaNemec_ReplicateLayout.replicate_layout 776:Significant difference between src net: ['SNA'] and dst net: ['', 'Gate Driver', 'H3_LOW'], with src_net_depth=1, dst_net_depth=3, src_fp_depth=1, dst_fp_depth=1, match level 0.00
01-18 19:38:08 com_github_MitjaNemec_ReplicateLayout.replicate_layout 792:Net pairs for sheet ['/MOSFETS C/'] :[('Net-(Q302-G)', 'Net-(Q502-G)'), ('GND', 'GND'), ('V_SUPPLY', 'V_SUPPLY'), ('Net-(Q301-G)', 'Net-(Q501-G)'), ('Net-(C303-Pad1)', 'Net-(C503-Pad1)'), ('SNA', '/Gate Driver/H3_LOW'), ('/PHASEA', '/PHASEC'), ('/Gate Driver/GH_A', '/Gate Driver/H3_VS'), ('/Gate Driver/GL_A', '/Gate Driver/GH_C')]
01-18 19:38:08 root 340:updating GUI message: 'Replicating text'
01-18 19:38:08 root 345:updating GUI with: 0
01-18 19:38:08 com_github_MitjaNemec_ReplicateLayout.replicate_layout 1173:Replicating text
01-18 19:38:08 com_github_MitjaNemec_ReplicateLayout.replicate_layout 1180:Replicating text on sheet ['/MOSFETS B/']
01-18 19:38:08 com_github_MitjaNemec_ReplicateLayout.replicate_layout 835:Src fp.id: '252981A4-F34C-4C05-8677-DE9745672A56'
01-18 19:38:08 com_github_MitjaNemec_ReplicateLayout.replicate_layout 839:Dst fp.id: '252981A4-F34C-4C05-8677-DE9745672A56'
01-18 19:38:08 com_github_MitjaNemec_ReplicateLayout.replicate_layout 1180:Replicating text on sheet ['/MOSFETS C/']
01-18 19:38:08 com_github_MitjaNemec_ReplicateLayout.replicate_layout 835:Src fp.id: '252981A4-F34C-4C05-8677-DE9745672A56'
01-18 19:38:08 com_github_MitjaNemec_ReplicateLayout.replicate_layout 839:Dst fp.id: '252981A4-F34C-4C05-8677-DE9745672A56'
01-18 19:38:08 root 340:updating GUI message: 'Replicating drawings'
01-18 19:38:08 com_github_MitjaNemec_ReplicateLayout.replicate_layout 1224:Replicating drawings
01-18 19:38:08 com_github_MitjaNemec_ReplicateLayout.replicate_layout 1230:Replicating drawings on sheet ['/MOSFETS B/']
01-18 19:38:08 com_github_MitjaNemec_ReplicateLayout.replicate_layout 835:Src fp.id: '252981A4-F34C-4C05-8677-DE9745672A56'
01-18 19:38:08 com_github_MitjaNemec_ReplicateLayout.replicate_layout 839:Dst fp.id: '252981A4-F34C-4C05-8677-DE9745672A56'
01-18 19:38:08 com_github_MitjaNemec_ReplicateLayout.replicate_layout 1230:Replicating drawings on sheet ['/MOSFETS C/']
01-18 19:38:08 com_github_MitjaNemec_ReplicateLayout.replicate_layout 835:Src fp.id: '252981A4-F34C-4C05-8677-DE9745672A56'
01-18 19:38:08 com_github_MitjaNemec_ReplicateLayout.replicate_layout 839:Dst fp.id: '252981A4-F34C-4C05-8677-DE9745672A56'
01-18 19:38:09 com_github_MitjaNemec_ReplicateLayout.action_replicate_layout 264:Replication complete
01-18 19:38:09 com_github_MitjaNemec_ReplicateLayout.action_replicate_layout 267:Letting the user know there are some issues with replicated design
01-18 19:38:09 com_github_MitjaNemec_ReplicateLayout.action_replicate_layout 271:Looks like the design has an exotic connectivity that the plugin might not handle properly
 Make sure that you check the connectivity around:
Footprint C502, pad 1
Footprint R504, pad 2
Footprint R505, pad 1
Footprint Q502, pad 3

