09-10 20:28:02 com_github_MitjaNemec_ReplicateLayout.action_replicate_layout 409:Plugin executed on: 'win32'
09-10 20:28:02 com_github_MitjaNemec_ReplicateLayout.action_replicate_layout 410:Plugin executed with python version: '3.11.5 (main, Jun 15 2025, 06:45:45) [MSC v.1942 64 bit (AMD64)]'
09-10 20:28:02 com_github_MitjaNemec_ReplicateLayout.action_replicate_layout 411:KiCad build version: 9.0.4
09-10 20:28:02 com_github_MitjaNemec_ReplicateLayout.action_replicate_layout 412:Plugin version: 4.0.3
09-10 20:28:02 com_github_MitjaNemec_ReplicateLayout.action_replicate_layout 413:Frame repr: <wx._core.Frame object at 0x000002597E1B44C0>
09-10 20:28:02 com_github_MitjaNemec_ReplicateLayout.action_replicate_layout 437:Preparing replicator with J501 as a reference
09-10 20:28:02 com_github_MitjaNemec_ReplicateLayout.replicate_layout 117:getting a list of all footprints on board
09-10 20:28:02 com_github_MitjaNemec_ReplicateLayout.action_replicate_layout 485:source anchor footprint is 'J501'
Located on: ['/USB Hub 1/']
With filenames: ['usb-hub1.kicad_sch']
With sheet_id:['/USB Hub 1/']
09-10 20:28:02 com_github_MitjaNemec_ReplicateLayout.action_replicate_layout 492:Corresponding footprints are 
[('J801', ['/USB Hub 4/']), ('J701', ['/USB Hub 3/']), ('J601', ['/USB Hub 2/']), ('J501', ['/USB Hub 1/'])]
09-10 20:28:02 com_github_MitjaNemec_ReplicateLayout.action_replicate_layout 504:Showing dialog
09-10 20:28:02 com_github_MitjaNemec_ReplicateLayout.replicate_layout 472:constructing a list of sheets suitable for replication on level:'/USB Hub 1/', file:'usb-hub1.kicad_sch'
09-10 20:28:02 com_github_MitjaNemec_ReplicateLayout.replicate_layout 509:suitable sheets are:[['/USB Hub 2/'], ['/USB Hub 3/'], ['/USB Hub 4/']]
09-10 20:28:02 com_github_MitjaNemec_ReplicateLayout.replicate_layout 1512:Level selected: ['/USB Hub 1/']
09-10 20:28:02 com_github_MitjaNemec_ReplicateLayout.replicate_layout 1336:Filtering list of tracks
09-10 20:28:03 com_github_MitjaNemec_ReplicateLayout.action_replicate_layout 510:Toolbar position: wx.Point(1662, 111)
09-10 20:28:03 com_github_MitjaNemec_ReplicateLayout.action_replicate_layout 515:Dialog position: wx.Point(1223, 111)
09-10 20:28:05 com_github_MitjaNemec_ReplicateLayout.replicate_layout 472:constructing a list of sheets suitable for replication on level:'/USB Hub 1/', file:'usb-hub1.kicad_sch'
09-10 20:28:05 com_github_MitjaNemec_ReplicateLayout.replicate_layout 509:suitable sheets are:[['/USB Hub 2/'], ['/USB Hub 3/'], ['/USB Hub 4/']]
09-10 20:28:05 com_github_MitjaNemec_ReplicateLayout.action_replicate_layout 248:Replicating layout
09-10 20:28:05 com_github_MitjaNemec_ReplicateLayout.replicate_layout 288:Starting replication of sheets: [['/USB Hub 4/']]
on level: ['/USB Hub 1/']
with tracks=True, zone=True, text=True, text=True, intersecting=False, remove=False, locked footprints=False, group_only=False
09-10 20:28:05 root 340:updating GUI message: 'Preparing for replication'
09-10 20:28:05 root 345:updating GUI with: 0
09-10 20:28:05 com_github_MitjaNemec_ReplicateLayout.replicate_layout 358:Getting the list of source footprints
09-10 20:28:05 com_github_MitjaNemec_ReplicateLayout.replicate_layout 368:Getting the list of all the remaining footprints
09-10 20:28:05 com_github_MitjaNemec_ReplicateLayout.replicate_layout 375:Getting source tracks
09-10 20:28:05 com_github_MitjaNemec_ReplicateLayout.replicate_layout 1336:Filtering list of tracks
09-10 20:28:05 com_github_MitjaNemec_ReplicateLayout.replicate_layout 379:Getting source zones
09-10 20:28:05 root 345:updating GUI with: 50
09-10 20:28:05 com_github_MitjaNemec_ReplicateLayout.replicate_layout 383:Getting source text items
09-10 20:28:05 com_github_MitjaNemec_ReplicateLayout.replicate_layout 387:Getting source drawing items
09-10 20:28:05 root 340:updating GUI message: 'Replicating footprints'
09-10 20:28:05 root 345:updating GUI with: 0
09-10 20:28:05 com_github_MitjaNemec_ReplicateLayout.replicate_layout 863:Replicating footprints
09-10 20:28:05 com_github_MitjaNemec_ReplicateLayout.replicate_layout 870:Replicating footprints on sheet ['/USB Hub 4/']
09-10 20:28:05 com_github_MitjaNemec_ReplicateLayout.replicate_layout 835:Src fp.id: 'A293E2B0-32C7-4F26-B845-29CE01F4A047'
09-10 20:28:05 com_github_MitjaNemec_ReplicateLayout.replicate_layout 839:Dst fp.id: 'A293E2B0-32C7-4F26-B845-29CE01F4A047'
09-10 20:28:05 com_github_MitjaNemec_ReplicateLayout.replicate_layout 888:Replicating footprint: 'C503'
09-10 20:28:05 com_github_MitjaNemec_ReplicateLayout.replicate_layout 835:Src fp.id: 'AA89B827-88AC-4604-A413-B6F1682F7414'
09-10 20:28:05 com_github_MitjaNemec_ReplicateLayout.replicate_layout 839:Dst fp.id: 'AA89B827-88AC-4604-A413-B6F1682F7414'
09-10 20:28:05 com_github_MitjaNemec_ReplicateLayout.replicate_layout 895:found match in dst footprint: 'C803'
09-10 20:28:05 com_github_MitjaNemec_ReplicateLayout.replicate_layout 990:Src text UUid:db2cb61e-a9b7-4dec-9636-06c9e740d947
09-10 20:28:05 com_github_MitjaNemec_ReplicateLayout.replicate_layout 991:Dst text UUid:ab645dc9-e744-44a9-8762-7242ecc5bfc9
09-10 20:28:05 com_github_MitjaNemec_ReplicateLayout.replicate_layout 990:Src text UUid:06fae6b7-9f08-41bf-9bd3-bdd4750bfbb5
09-10 20:28:05 com_github_MitjaNemec_ReplicateLayout.replicate_layout 991:Dst text UUid:de289283-421a-43e4-9e63-ee7e18444d54
09-10 20:28:05 com_github_MitjaNemec_ReplicateLayout.replicate_layout 990:Src text UUid:ce7fa5b0-cdc3-42eb-99a5-a71dc07f7164
09-10 20:28:05 com_github_MitjaNemec_ReplicateLayout.replicate_layout 991:Dst text UUid:03cbf88e-ba1a-4343-bd4f-943693e56634
09-10 20:28:05 com_github_MitjaNemec_ReplicateLayout.replicate_layout 888:Replicating footprint: 'C504'
09-10 20:28:05 com_github_MitjaNemec_ReplicateLayout.replicate_layout 835:Src fp.id: '308A4A64-B184-492F-92F6-268DCA4EDEA1'
09-10 20:28:05 com_github_MitjaNemec_ReplicateLayout.replicate_layout 839:Dst fp.id: '308A4A64-B184-492F-92F6-268DCA4EDEA1'
09-10 20:28:05 com_github_MitjaNemec_ReplicateLayout.replicate_layout 895:found match in dst footprint: 'C804'
09-10 20:28:05 com_github_MitjaNemec_ReplicateLayout.replicate_layout 990:Src text UUid:6b8b8bc2-798d-4666-8971-a9a82a75d77e
09-10 20:28:05 com_github_MitjaNemec_ReplicateLayout.replicate_layout 991:Dst text UUid:b7745e7f-2f8e-453a-806b-c553185ec78a
09-10 20:28:05 com_github_MitjaNemec_ReplicateLayout.replicate_layout 990:Src text UUid:f5806251-0392-4aab-9e01-1abf6212bf92
09-10 20:28:05 com_github_MitjaNemec_ReplicateLayout.replicate_layout 991:Dst text UUid:af2681a4-2458-4d86-9c0e-efe2b892e091
09-10 20:28:05 com_github_MitjaNemec_ReplicateLayout.replicate_layout 990:Src text UUid:dcafa1e4-c3c1-4eaf-9df6-e255398d96ee
09-10 20:28:05 com_github_MitjaNemec_ReplicateLayout.replicate_layout 991:Dst text UUid:26666c1a-e07e-4b60-a6cf-d5f5c326786d
09-10 20:28:05 com_github_MitjaNemec_ReplicateLayout.replicate_layout 888:Replicating footprint: 'C502'
09-10 20:28:05 com_github_MitjaNemec_ReplicateLayout.replicate_layout 835:Src fp.id: '315A3BFC-7B6F-4F50-B7AF-6476960D5AC0'
09-10 20:28:05 com_github_MitjaNemec_ReplicateLayout.replicate_layout 839:Dst fp.id: '315A3BFC-7B6F-4F50-B7AF-6476960D5AC0'
09-10 20:28:05 com_github_MitjaNemec_ReplicateLayout.replicate_layout 895:found match in dst footprint: 'C802'
09-10 20:28:05 com_github_MitjaNemec_ReplicateLayout.replicate_layout 990:Src text UUid:e73eb4b2-027b-4ecf-af90-5c766f7ea9dd
09-10 20:28:05 com_github_MitjaNemec_ReplicateLayout.replicate_layout 991:Dst text UUid:00028f75-8a0d-4057-8140-e1337ad71094
09-10 20:28:05 com_github_MitjaNemec_ReplicateLayout.replicate_layout 990:Src text UUid:5d10c165-b7f4-4625-8506-d22bdb93d3ea
09-10 20:28:05 com_github_MitjaNemec_ReplicateLayout.replicate_layout 991:Dst text UUid:0aa43e1a-6270-406a-be4b-34213ebf18af
09-10 20:28:05 com_github_MitjaNemec_ReplicateLayout.replicate_layout 990:Src text UUid:67830f2e-6f8f-49f7-abe3-56aaef4d6285
09-10 20:28:05 com_github_MitjaNemec_ReplicateLayout.replicate_layout 991:Dst text UUid:a2cda176-1681-425a-a106-7bd0183a809b
09-10 20:28:05 com_github_MitjaNemec_ReplicateLayout.replicate_layout 888:Replicating footprint: 'C516'
09-10 20:28:05 com_github_MitjaNemec_ReplicateLayout.replicate_layout 835:Src fp.id: '915B5607-8777-4E62-B429-DDFAFBBD725B'
09-10 20:28:05 com_github_MitjaNemec_ReplicateLayout.replicate_layout 839:Dst fp.id: '915B5607-8777-4E62-B429-DDFAFBBD725B'
09-10 20:28:05 com_github_MitjaNemec_ReplicateLayout.replicate_layout 895:found match in dst footprint: 'C816'
09-10 20:28:05 com_github_MitjaNemec_ReplicateLayout.replicate_layout 990:Src text UUid:eb46d208-75e8-42d1-9694-64ad9932c0a0
09-10 20:28:05 com_github_MitjaNemec_ReplicateLayout.replicate_layout 991:Dst text UUid:63d9f10c-2f15-4164-82c7-93d0c2e98667
09-10 20:28:05 com_github_MitjaNemec_ReplicateLayout.replicate_layout 990:Src text UUid:4790479b-10ab-48bd-96c9-6ea9b19feebf
09-10 20:28:05 com_github_MitjaNemec_ReplicateLayout.replicate_layout 991:Dst text UUid:988855f8-3319-4b3d-a64b-cdb4612c9ded
09-10 20:28:05 com_github_MitjaNemec_ReplicateLayout.replicate_layout 990:Src text UUid:c294e79a-5870-4042-bb6d-4912b0feee03
09-10 20:28:05 com_github_MitjaNemec_ReplicateLayout.replicate_layout 991:Dst text UUid:2f9fe1b4-12ed-4455-87f2-8c217f3061ba
09-10 20:28:05 com_github_MitjaNemec_ReplicateLayout.replicate_layout 888:Replicating footprint: 'C510'
09-10 20:28:05 com_github_MitjaNemec_ReplicateLayout.replicate_layout 835:Src fp.id: '1E44F00B-9CD1-497C-BBB7-7AFC2485D740'
09-10 20:28:05 com_github_MitjaNemec_ReplicateLayout.replicate_layout 839:Dst fp.id: '1E44F00B-9CD1-497C-BBB7-7AFC2485D740'
09-10 20:28:05 com_github_MitjaNemec_ReplicateLayout.replicate_layout 895:found match in dst footprint: 'C810'
09-10 20:28:05 com_github_MitjaNemec_ReplicateLayout.replicate_layout 990:Src text UUid:3aa76d54-a04e-4284-906d-ad4504730ed3
09-10 20:28:05 com_github_MitjaNemec_ReplicateLayout.replicate_layout 991:Dst text UUid:89aa373a-930c-46d1-af02-c160612de35a
09-10 20:28:05 com_github_MitjaNemec_ReplicateLayout.replicate_layout 990:Src text UUid:71193c5c-0214-485c-8e9f-f6ade3e1f31a
09-10 20:28:05 com_github_MitjaNemec_ReplicateLayout.replicate_layout 991:Dst text UUid:bdeddb06-6540-4a8e-93e1-720c1a27efd6
09-10 20:28:05 com_github_MitjaNemec_ReplicateLayout.replicate_layout 990:Src text UUid:2af9b263-aa7a-4e77-b1d6-34e42e4cb7c2
09-10 20:28:05 com_github_MitjaNemec_ReplicateLayout.replicate_layout 991:Dst text UUid:42db0383-1f48-49e0-b556-be8e233d7db5
09-10 20:28:05 com_github_MitjaNemec_ReplicateLayout.replicate_layout 888:Replicating footprint: 'R501'
09-10 20:28:05 com_github_MitjaNemec_ReplicateLayout.replicate_layout 835:Src fp.id: '5822FD25-796F-42AC-9018-3DB7CA4A4F73'
09-10 20:28:05 com_github_MitjaNemec_ReplicateLayout.replicate_layout 839:Dst fp.id: '5822FD25-796F-42AC-9018-3DB7CA4A4F73'
09-10 20:28:05 com_github_MitjaNemec_ReplicateLayout.replicate_layout 895:found match in dst footprint: 'R801'
09-10 20:28:05 com_github_MitjaNemec_ReplicateLayout.replicate_layout 990:Src text UUid:0646290d-8564-4483-86fb-3cf1ebf6ffad
09-10 20:28:05 com_github_MitjaNemec_ReplicateLayout.replicate_layout 991:Dst text UUid:4447cf50-3549-4082-bb6b-a093f5bee450
09-10 20:28:05 com_github_MitjaNemec_ReplicateLayout.replicate_layout 990:Src text UUid:2c53f1ec-ca92-4f10-af84-47012c675305
09-10 20:28:05 com_github_MitjaNemec_ReplicateLayout.replicate_layout 991:Dst text UUid:f62a9877-4c55-46cb-b1f6-5fb0489d6b7e
09-10 20:28:05 com_github_MitjaNemec_ReplicateLayout.replicate_layout 990:Src text UUid:dfc2fff7-a0ee-4ee3-8d56-e44fad96c371
09-10 20:28:05 com_github_MitjaNemec_ReplicateLayout.replicate_layout 991:Dst text UUid:473ffcd6-e052-4f26-a861-ff5d49a8c4fd
09-10 20:28:05 com_github_MitjaNemec_ReplicateLayout.replicate_layout 888:Replicating footprint: 'C513'
09-10 20:28:05 com_github_MitjaNemec_ReplicateLayout.replicate_layout 835:Src fp.id: '92AF682A-552C-426D-8F47-FC0FD69CDF2A'
09-10 20:28:05 com_github_MitjaNemec_ReplicateLayout.replicate_layout 839:Dst fp.id: '92AF682A-552C-426D-8F47-FC0FD69CDF2A'
09-10 20:28:05 com_github_MitjaNemec_ReplicateLayout.replicate_layout 895:found match in dst footprint: 'C813'
09-10 20:28:05 com_github_MitjaNemec_ReplicateLayout.replicate_layout 990:Src text UUid:2c663b5a-5860-42c0-af52-21966e00c78d
09-10 20:28:05 com_github_MitjaNemec_ReplicateLayout.replicate_layout 991:Dst text UUid:f9897b15-16ac-4b1a-963f-f5ff3d5323ce
09-10 20:28:05 com_github_MitjaNemec_ReplicateLayout.replicate_layout 990:Src text UUid:ec68638d-fa51-4217-8923-4c8a0b6181a5
09-10 20:28:05 com_github_MitjaNemec_ReplicateLayout.replicate_layout 991:Dst text UUid:8eac4db1-6ce9-4d9f-84d2-0117d23b8826
09-10 20:28:05 com_github_MitjaNemec_ReplicateLayout.replicate_layout 990:Src text UUid:4830b7f8-26c5-447a-98b6-aeefb67e8b22
09-10 20:28:05 com_github_MitjaNemec_ReplicateLayout.replicate_layout 991:Dst text UUid:0b7aa7a1-27c7-4c87-bca4-c31024b15917
09-10 20:28:05 com_github_MitjaNemec_ReplicateLayout.replicate_layout 888:Replicating footprint: 'R506'
09-10 20:28:05 com_github_MitjaNemec_ReplicateLayout.replicate_layout 835:Src fp.id: 'C6539A08-D5AC-4258-8562-1980DAF595A9'
09-10 20:28:05 com_github_MitjaNemec_ReplicateLayout.replicate_layout 839:Dst fp.id: 'C6539A08-D5AC-4258-8562-1980DAF595A9'
09-10 20:28:05 com_github_MitjaNemec_ReplicateLayout.replicate_layout 895:found match in dst footprint: 'R806'
09-10 20:28:05 com_github_MitjaNemec_ReplicateLayout.replicate_layout 990:Src text UUid:d82482ec-3cd8-4091-9791-a1aefc100fdc
09-10 20:28:05 com_github_MitjaNemec_ReplicateLayout.replicate_layout 991:Dst text UUid:8c7232b9-dff6-4f15-a3e0-52106bd27d3f
09-10 20:28:05 com_github_MitjaNemec_ReplicateLayout.replicate_layout 990:Src text UUid:c1c84feb-8533-400f-bce6-ce492f454ae5
09-10 20:28:05 com_github_MitjaNemec_ReplicateLayout.replicate_layout 991:Dst text UUid:3dd4d952-9fe4-4576-bf22-2a93e9c41786
09-10 20:28:05 com_github_MitjaNemec_ReplicateLayout.replicate_layout 990:Src text UUid:92d98b4b-aa2b-4e34-858a-063fdce6639a
09-10 20:28:05 com_github_MitjaNemec_ReplicateLayout.replicate_layout 991:Dst text UUid:5c832ac1-df8e-45b3-9d22-b350cd09dddc
09-10 20:28:05 com_github_MitjaNemec_ReplicateLayout.replicate_layout 888:Replicating footprint: 'R502'
09-10 20:28:05 com_github_MitjaNemec_ReplicateLayout.replicate_layout 835:Src fp.id: '54A15A67-FA5F-4828-B46C-717C450306D3'
09-10 20:28:05 com_github_MitjaNemec_ReplicateLayout.replicate_layout 839:Dst fp.id: '54A15A67-FA5F-4828-B46C-717C450306D3'
09-10 20:28:05 com_github_MitjaNemec_ReplicateLayout.replicate_layout 895:found match in dst footprint: 'R802'
09-10 20:28:05 com_github_MitjaNemec_ReplicateLayout.replicate_layout 990:Src text UUid:00b8df72-87ce-4560-86ff-f3ecbb083c90
09-10 20:28:05 com_github_MitjaNemec_ReplicateLayout.replicate_layout 991:Dst text UUid:babdeff0-c5ea-41ca-89e9-7d77dfc70758
09-10 20:28:05 com_github_MitjaNemec_ReplicateLayout.replicate_layout 990:Src text UUid:fd912dcb-2b7e-484e-adf8-c0f196eb4391
09-10 20:28:05 com_github_MitjaNemec_ReplicateLayout.replicate_layout 991:Dst text UUid:138509e4-49a6-47e5-b1ab-2945f388a4bb
09-10 20:28:05 com_github_MitjaNemec_ReplicateLayout.replicate_layout 990:Src text UUid:7e4f4fe6-d432-4da8-94d1-3be240878ec0
09-10 20:28:05 com_github_MitjaNemec_ReplicateLayout.replicate_layout 991:Dst text UUid:5d6ed271-8871-4f00-9301-79918b93256f
09-10 20:28:05 com_github_MitjaNemec_ReplicateLayout.replicate_layout 888:Replicating footprint: 'C508'
09-10 20:28:05 com_github_MitjaNemec_ReplicateLayout.replicate_layout 835:Src fp.id: '9C98BDA1-CA80-456A-8A89-EAED27999BF8'
09-10 20:28:05 com_github_MitjaNemec_ReplicateLayout.replicate_layout 839:Dst fp.id: '9C98BDA1-CA80-456A-8A89-EAED27999BF8'
09-10 20:28:05 com_github_MitjaNemec_ReplicateLayout.replicate_layout 895:found match in dst footprint: 'C808'
09-10 20:28:05 com_github_MitjaNemec_ReplicateLayout.replicate_layout 990:Src text UUid:452017c4-1490-43f9-99f1-7ffeeec233ed
09-10 20:28:05 com_github_MitjaNemec_ReplicateLayout.replicate_layout 991:Dst text UUid:3e45a53d-d4ca-42b1-a573-f6373875b71c
09-10 20:28:05 com_github_MitjaNemec_ReplicateLayout.replicate_layout 990:Src text UUid:54d0a0c5-3181-4276-b87e-d59989779f1f
09-10 20:28:05 com_github_MitjaNemec_ReplicateLayout.replicate_layout 991:Dst text UUid:d7d05052-3b08-4ecb-9e1a-a5968f1b8019
09-10 20:28:05 com_github_MitjaNemec_ReplicateLayout.replicate_layout 990:Src text UUid:1b7b7ba8-b131-4e68-bd13-96341e6d68ab
09-10 20:28:05 com_github_MitjaNemec_ReplicateLayout.replicate_layout 991:Dst text UUid:1f0ae76b-2c7d-4e3b-ade7-d03d09349df0
09-10 20:28:05 com_github_MitjaNemec_ReplicateLayout.replicate_layout 888:Replicating footprint: 'C507'
09-10 20:28:05 com_github_MitjaNemec_ReplicateLayout.replicate_layout 835:Src fp.id: 'CC470E20-9F3D-4779-A5D2-2DE7C0022511'
09-10 20:28:05 com_github_MitjaNemec_ReplicateLayout.replicate_layout 839:Dst fp.id: 'CC470E20-9F3D-4779-A5D2-2DE7C0022511'
09-10 20:28:05 com_github_MitjaNemec_ReplicateLayout.replicate_layout 895:found match in dst footprint: 'C807'
09-10 20:28:05 com_github_MitjaNemec_ReplicateLayout.replicate_layout 990:Src text UUid:04eef418-74d6-4f5d-a68e-736b40109979
09-10 20:28:05 com_github_MitjaNemec_ReplicateLayout.replicate_layout 991:Dst text UUid:ea891069-7009-425e-8d1b-49f6a4777f16
09-10 20:28:05 com_github_MitjaNemec_ReplicateLayout.replicate_layout 990:Src text UUid:6a1f1559-46a8-4fbb-ae5f-4797a2efacc7
09-10 20:28:05 com_github_MitjaNemec_ReplicateLayout.replicate_layout 991:Dst text UUid:a57d38a3-7151-4a1c-be71-95cb239f78d7
09-10 20:28:05 com_github_MitjaNemec_ReplicateLayout.replicate_layout 990:Src text UUid:ecc4f9c3-7a12-4f44-bc67-518c68820650
09-10 20:28:05 com_github_MitjaNemec_ReplicateLayout.replicate_layout 991:Dst text UUid:515cbf99-f1b9-4710-a8c2-9aab87791ca2
09-10 20:28:05 com_github_MitjaNemec_ReplicateLayout.replicate_layout 888:Replicating footprint: 'J503'
09-10 20:28:05 com_github_MitjaNemec_ReplicateLayout.replicate_layout 835:Src fp.id: '7EA48CA0-7A37-4799-8699-B4AB8C2655FA'
09-10 20:28:05 com_github_MitjaNemec_ReplicateLayout.replicate_layout 839:Dst fp.id: '7EA48CA0-7A37-4799-8699-B4AB8C2655FA'
09-10 20:28:05 com_github_MitjaNemec_ReplicateLayout.replicate_layout 895:found match in dst footprint: 'J803'
09-10 20:28:05 com_github_MitjaNemec_ReplicateLayout.replicate_layout 990:Src text UUid:afbda046-2e0f-4cd9-a31a-50519dffdc10
09-10 20:28:05 com_github_MitjaNemec_ReplicateLayout.replicate_layout 991:Dst text UUid:d4b717ac-d400-43ed-a3ad-24df52bcdb2d
09-10 20:28:05 com_github_MitjaNemec_ReplicateLayout.replicate_layout 990:Src text UUid:0fc842e0-1ceb-427d-beb4-830f5c7892b9
09-10 20:28:05 com_github_MitjaNemec_ReplicateLayout.replicate_layout 991:Dst text UUid:e07fe799-97bb-4b74-9c52-6e2550725a88
09-10 20:28:05 com_github_MitjaNemec_ReplicateLayout.replicate_layout 990:Src text UUid:b852a9fd-87cb-4e54-bdde-3d52e0b43fb6
09-10 20:28:05 com_github_MitjaNemec_ReplicateLayout.replicate_layout 991:Dst text UUid:e3df260b-a513-4464-a9f9-47bcc3390f7e
09-10 20:28:05 com_github_MitjaNemec_ReplicateLayout.replicate_layout 888:Replicating footprint: 'R505'
09-10 20:28:05 com_github_MitjaNemec_ReplicateLayout.replicate_layout 835:Src fp.id: '2249B32E-D665-4996-A1A9-436398CCB498'
09-10 20:28:05 com_github_MitjaNemec_ReplicateLayout.replicate_layout 839:Dst fp.id: '2249B32E-D665-4996-A1A9-436398CCB498'
09-10 20:28:05 com_github_MitjaNemec_ReplicateLayout.replicate_layout 895:found match in dst footprint: 'R805'
09-10 20:28:05 com_github_MitjaNemec_ReplicateLayout.replicate_layout 990:Src text UUid:517e757b-6038-4ba8-81ba-efb7778b40f9
09-10 20:28:05 com_github_MitjaNemec_ReplicateLayout.replicate_layout 991:Dst text UUid:21b38402-5a06-4ce2-928b-a6ff2b2f7cf8
09-10 20:28:05 com_github_MitjaNemec_ReplicateLayout.replicate_layout 990:Src text UUid:e6e42f82-9a3c-4a73-9f60-2638ff859ccb
09-10 20:28:05 com_github_MitjaNemec_ReplicateLayout.replicate_layout 991:Dst text UUid:65adc8df-8a10-44cd-b5fe-587532936bcc
09-10 20:28:05 com_github_MitjaNemec_ReplicateLayout.replicate_layout 990:Src text UUid:b68645a0-1eab-4548-9ee3-464c6bd24690
09-10 20:28:05 com_github_MitjaNemec_ReplicateLayout.replicate_layout 991:Dst text UUid:fa8ff1dd-c884-40c2-b4e6-340ecd3eb205
09-10 20:28:05 com_github_MitjaNemec_ReplicateLayout.replicate_layout 888:Replicating footprint: 'U507'
09-10 20:28:05 com_github_MitjaNemec_ReplicateLayout.replicate_layout 835:Src fp.id: 'D6E1892C-8C65-418F-9400-CA02F3FCD869'
09-10 20:28:05 com_github_MitjaNemec_ReplicateLayout.replicate_layout 839:Dst fp.id: 'D6E1892C-8C65-418F-9400-CA02F3FCD869'
09-10 20:28:05 com_github_MitjaNemec_ReplicateLayout.replicate_layout 895:found match in dst footprint: 'U807'
09-10 20:28:05 com_github_MitjaNemec_ReplicateLayout.replicate_layout 990:Src text UUid:d0c0bee6-8df0-4585-b2e1-7aef9cab1bd3
09-10 20:28:05 com_github_MitjaNemec_ReplicateLayout.replicate_layout 991:Dst text UUid:33d941d9-14db-4a78-b9ef-88aa32341575
09-10 20:28:05 com_github_MitjaNemec_ReplicateLayout.replicate_layout 990:Src text UUid:08dcf1cb-f937-427e-95db-4690087d2b7c
09-10 20:28:05 com_github_MitjaNemec_ReplicateLayout.replicate_layout 991:Dst text UUid:b2f2ea9b-5bae-49df-aa9e-29c8e4a632b8
09-10 20:28:05 com_github_MitjaNemec_ReplicateLayout.replicate_layout 990:Src text UUid:038bf81a-448e-4484-82b0-c1d056159af2
09-10 20:28:05 com_github_MitjaNemec_ReplicateLayout.replicate_layout 991:Dst text UUid:52c26e59-ef93-4ed9-a742-c471a0843104
09-10 20:28:05 com_github_MitjaNemec_ReplicateLayout.replicate_layout 888:Replicating footprint: 'U506'
09-10 20:28:05 com_github_MitjaNemec_ReplicateLayout.replicate_layout 835:Src fp.id: 'AA5484AB-7C33-423F-9179-4DCF31566ECE'
09-10 20:28:05 com_github_MitjaNemec_ReplicateLayout.replicate_layout 839:Dst fp.id: 'AA5484AB-7C33-423F-9179-4DCF31566ECE'
09-10 20:28:05 com_github_MitjaNemec_ReplicateLayout.replicate_layout 895:found match in dst footprint: 'U806'
09-10 20:28:05 com_github_MitjaNemec_ReplicateLayout.replicate_layout 990:Src text UUid:326f3dc9-9792-40ef-bd9f-9a1d77910791
09-10 20:28:05 com_github_MitjaNemec_ReplicateLayout.replicate_layout 991:Dst text UUid:a1edc6d1-7bb9-4577-8129-ebbc2c7016e7
09-10 20:28:05 com_github_MitjaNemec_ReplicateLayout.replicate_layout 990:Src text UUid:41be4ddb-9e7e-4d0f-abc7-40c49ccd8fb1
09-10 20:28:05 com_github_MitjaNemec_ReplicateLayout.replicate_layout 991:Dst text UUid:c20a4225-7ad2-410a-bb6a-438b0a3ff905
09-10 20:28:05 com_github_MitjaNemec_ReplicateLayout.replicate_layout 990:Src text UUid:de125060-76fd-4bcf-a99c-3f74bad68dd6
09-10 20:28:05 com_github_MitjaNemec_ReplicateLayout.replicate_layout 991:Dst text UUid:9247d8f1-8944-4ed6-bd8d-e8b9475a33ef
09-10 20:28:05 com_github_MitjaNemec_ReplicateLayout.replicate_layout 888:Replicating footprint: 'R503'
09-10 20:28:05 com_github_MitjaNemec_ReplicateLayout.replicate_layout 835:Src fp.id: 'F048BEC5-D39F-46BB-B66D-F9EBB4D22FFF'
09-10 20:28:05 com_github_MitjaNemec_ReplicateLayout.replicate_layout 839:Dst fp.id: 'F048BEC5-D39F-46BB-B66D-F9EBB4D22FFF'
09-10 20:28:05 com_github_MitjaNemec_ReplicateLayout.replicate_layout 895:found match in dst footprint: 'R803'
09-10 20:28:05 com_github_MitjaNemec_ReplicateLayout.replicate_layout 990:Src text UUid:0f165f2b-b024-43c9-b962-14c3235e7d9d
09-10 20:28:05 com_github_MitjaNemec_ReplicateLayout.replicate_layout 991:Dst text UUid:2c34f908-a948-4be0-a9b5-755ad1d1360c
09-10 20:28:05 com_github_MitjaNemec_ReplicateLayout.replicate_layout 990:Src text UUid:5f5c6ab8-fd3e-4486-850a-f838caf2b556
09-10 20:28:05 com_github_MitjaNemec_ReplicateLayout.replicate_layout 991:Dst text UUid:8a0034b9-960e-46c7-aae7-7493776aee9c
09-10 20:28:05 com_github_MitjaNemec_ReplicateLayout.replicate_layout 990:Src text UUid:f21226bb-453d-46d0-96d1-80b585abf793
09-10 20:28:05 com_github_MitjaNemec_ReplicateLayout.replicate_layout 991:Dst text UUid:a5150517-cdb4-4eb1-a31d-9a85b94fe99d
09-10 20:28:05 com_github_MitjaNemec_ReplicateLayout.replicate_layout 888:Replicating footprint: 'U501'
09-10 20:28:05 com_github_MitjaNemec_ReplicateLayout.replicate_layout 835:Src fp.id: 'A98D3607-791E-49DB-BAC3-97B82DE4666F'
09-10 20:28:05 com_github_MitjaNemec_ReplicateLayout.replicate_layout 839:Dst fp.id: 'A98D3607-791E-49DB-BAC3-97B82DE4666F'
09-10 20:28:05 com_github_MitjaNemec_ReplicateLayout.replicate_layout 895:found match in dst footprint: 'U801'
09-10 20:28:05 com_github_MitjaNemec_ReplicateLayout.replicate_layout 990:Src text UUid:071c8839-a541-4252-a4be-ef796f35c78d
09-10 20:28:05 com_github_MitjaNemec_ReplicateLayout.replicate_layout 991:Dst text UUid:2756390c-e43f-4304-912f-cbaf131a972a
09-10 20:28:05 com_github_MitjaNemec_ReplicateLayout.replicate_layout 990:Src text UUid:282965bb-c932-4361-8e77-ea90c83e65d3
09-10 20:28:05 com_github_MitjaNemec_ReplicateLayout.replicate_layout 991:Dst text UUid:76e84a30-f2b9-486f-a7fc-366cc7c00a2d
09-10 20:28:05 com_github_MitjaNemec_ReplicateLayout.replicate_layout 990:Src text UUid:bdee293f-ec86-4921-86e3-823c92217bf5
09-10 20:28:05 com_github_MitjaNemec_ReplicateLayout.replicate_layout 991:Dst text UUid:cdd29d3e-4d8c-497a-aabc-8dbeb99ade16
09-10 20:28:05 com_github_MitjaNemec_ReplicateLayout.replicate_layout 888:Replicating footprint: 'C509'
09-10 20:28:05 root 345:updating GUI with: 32
09-10 20:28:05 com_github_MitjaNemec_ReplicateLayout.replicate_layout 835:Src fp.id: '3F69AB8B-2DBA-4DF0-A45A-1C7B8572A0BC'
09-10 20:28:05 com_github_MitjaNemec_ReplicateLayout.replicate_layout 839:Dst fp.id: '3F69AB8B-2DBA-4DF0-A45A-1C7B8572A0BC'
09-10 20:28:05 com_github_MitjaNemec_ReplicateLayout.replicate_layout 895:found match in dst footprint: 'C809'
09-10 20:28:05 com_github_MitjaNemec_ReplicateLayout.replicate_layout 990:Src text UUid:30ff6fe3-475a-471d-a240-a3084940ed60
09-10 20:28:05 com_github_MitjaNemec_ReplicateLayout.replicate_layout 991:Dst text UUid:0e148e7c-6221-4504-b1fc-92763146ef07
09-10 20:28:05 com_github_MitjaNemec_ReplicateLayout.replicate_layout 990:Src text UUid:6e474542-5a02-46a9-b660-52498019556d
09-10 20:28:05 com_github_MitjaNemec_ReplicateLayout.replicate_layout 991:Dst text UUid:1bf328f3-14c7-4e71-89d9-3a61d52d6041
09-10 20:28:05 com_github_MitjaNemec_ReplicateLayout.replicate_layout 990:Src text UUid:dd456c1e-fbd4-46c6-a126-585eb82106e7
09-10 20:28:05 com_github_MitjaNemec_ReplicateLayout.replicate_layout 991:Dst text UUid:3349e8ed-e668-4095-8ae1-9089605950cf
09-10 20:28:05 com_github_MitjaNemec_ReplicateLayout.replicate_layout 888:Replicating footprint: 'J501'
09-10 20:28:05 com_github_MitjaNemec_ReplicateLayout.replicate_layout 835:Src fp.id: 'A293E2B0-32C7-4F26-B845-29CE01F4A047'
09-10 20:28:05 com_github_MitjaNemec_ReplicateLayout.replicate_layout 839:Dst fp.id: 'A293E2B0-32C7-4F26-B845-29CE01F4A047'
09-10 20:28:05 com_github_MitjaNemec_ReplicateLayout.replicate_layout 895:found match in dst footprint: 'J801'
09-10 20:28:05 com_github_MitjaNemec_ReplicateLayout.replicate_layout 990:Src text UUid:006d77bb-7033-40e8-ab38-9474e7ea4039
09-10 20:28:05 com_github_MitjaNemec_ReplicateLayout.replicate_layout 991:Dst text UUid:a4f656dd-6fdc-4664-95f1-cc9ec3dda8f2
09-10 20:28:05 com_github_MitjaNemec_ReplicateLayout.replicate_layout 990:Src text UUid:4feecf05-af48-4191-96a7-4f2b31893e43
09-10 20:28:05 com_github_MitjaNemec_ReplicateLayout.replicate_layout 991:Dst text UUid:c37e8b5b-ee52-4046-a57f-807e6b2d5898
09-10 20:28:05 com_github_MitjaNemec_ReplicateLayout.replicate_layout 990:Src text UUid:86bde0bc-2106-4871-9635-18799a4c517f
09-10 20:28:05 com_github_MitjaNemec_ReplicateLayout.replicate_layout 991:Dst text UUid:62f1a261-8dc7-4fa5-9dfb-2536ac83b70b
09-10 20:28:05 com_github_MitjaNemec_ReplicateLayout.replicate_layout 888:Replicating footprint: 'J502'
09-10 20:28:05 com_github_MitjaNemec_ReplicateLayout.replicate_layout 835:Src fp.id: '42E71B4D-A992-4BE2-B8DF-AFB2EDF2B625'
09-10 20:28:05 com_github_MitjaNemec_ReplicateLayout.replicate_layout 839:Dst fp.id: '42E71B4D-A992-4BE2-B8DF-AFB2EDF2B625'
09-10 20:28:05 com_github_MitjaNemec_ReplicateLayout.replicate_layout 895:found match in dst footprint: 'J802'
09-10 20:28:05 com_github_MitjaNemec_ReplicateLayout.replicate_layout 990:Src text UUid:9f02ef08-7b23-4ed4-9a5b-7e7866dd3227
09-10 20:28:05 com_github_MitjaNemec_ReplicateLayout.replicate_layout 991:Dst text UUid:fa71b440-dad5-46e6-afaa-5228e2089a86
09-10 20:28:05 com_github_MitjaNemec_ReplicateLayout.replicate_layout 990:Src text UUid:c13ed0ac-f0d3-4ecc-9b08-c4b22e573335
09-10 20:28:05 com_github_MitjaNemec_ReplicateLayout.replicate_layout 991:Dst text UUid:8ec46153-f7ab-4a34-ba8c-8c3d49d9935d
09-10 20:28:05 com_github_MitjaNemec_ReplicateLayout.replicate_layout 990:Src text UUid:97ea2c7c-c9b5-4a6e-8ca6-29f63c2775c3
09-10 20:28:05 com_github_MitjaNemec_ReplicateLayout.replicate_layout 991:Dst text UUid:2cf2e48c-ad9f-4b82-a61d-8b211c2f0099
09-10 20:28:05 com_github_MitjaNemec_ReplicateLayout.replicate_layout 888:Replicating footprint: 'C506'
09-10 20:28:05 com_github_MitjaNemec_ReplicateLayout.replicate_layout 835:Src fp.id: 'FEA81587-5578-461D-9044-054FA9ECA294'
09-10 20:28:05 com_github_MitjaNemec_ReplicateLayout.replicate_layout 839:Dst fp.id: 'FEA81587-5578-461D-9044-054FA9ECA294'
09-10 20:28:05 com_github_MitjaNemec_ReplicateLayout.replicate_layout 895:found match in dst footprint: 'C806'
09-10 20:28:05 com_github_MitjaNemec_ReplicateLayout.replicate_layout 990:Src text UUid:7dbafaa6-6896-4c08-9e3d-72a63a284cf0
09-10 20:28:05 com_github_MitjaNemec_ReplicateLayout.replicate_layout 991:Dst text UUid:67628f77-0ff6-40d8-8d23-4e0a184999ca
09-10 20:28:05 com_github_MitjaNemec_ReplicateLayout.replicate_layout 990:Src text UUid:7209e6c4-458d-42a2-a9e0-806b01c03640
09-10 20:28:05 com_github_MitjaNemec_ReplicateLayout.replicate_layout 991:Dst text UUid:d33b4380-37fd-4540-99de-028181ec8ef9
09-10 20:28:05 com_github_MitjaNemec_ReplicateLayout.replicate_layout 990:Src text UUid:6a3a0ed1-0a65-4ff8-b9a2-9b0c9035ac38
09-10 20:28:05 com_github_MitjaNemec_ReplicateLayout.replicate_layout 991:Dst text UUid:f6df2bf2-6774-4e8e-950a-058a38e42a9a
09-10 20:28:05 com_github_MitjaNemec_ReplicateLayout.replicate_layout 888:Replicating footprint: 'C532'
09-10 20:28:05 com_github_MitjaNemec_ReplicateLayout.replicate_layout 835:Src fp.id: '3C89B441-F42A-4579-9394-551843C7C53F'
09-10 20:28:05 com_github_MitjaNemec_ReplicateLayout.replicate_layout 839:Dst fp.id: '3C89B441-F42A-4579-9394-551843C7C53F'
09-10 20:28:05 com_github_MitjaNemec_ReplicateLayout.replicate_layout 895:found match in dst footprint: 'C832'
09-10 20:28:05 com_github_MitjaNemec_ReplicateLayout.replicate_layout 990:Src text UUid:33d0a57e-124c-493a-8a06-913d139654e7
09-10 20:28:05 com_github_MitjaNemec_ReplicateLayout.replicate_layout 991:Dst text UUid:14eec259-0e1d-49da-bf39-bc52cdfa1122
09-10 20:28:05 com_github_MitjaNemec_ReplicateLayout.replicate_layout 990:Src text UUid:69214c94-faed-468a-baca-09b1af052baf
09-10 20:28:05 com_github_MitjaNemec_ReplicateLayout.replicate_layout 991:Dst text UUid:1660520e-4de0-4897-86cf-3ba0f042ce14
09-10 20:28:05 com_github_MitjaNemec_ReplicateLayout.replicate_layout 990:Src text UUid:05f1b12c-ab42-4450-b9d5-b450db0251b7
09-10 20:28:05 com_github_MitjaNemec_ReplicateLayout.replicate_layout 991:Dst text UUid:f094d5bf-da52-45a0-92bf-92985ca09f99
09-10 20:28:05 com_github_MitjaNemec_ReplicateLayout.replicate_layout 888:Replicating footprint: 'R504'
09-10 20:28:05 com_github_MitjaNemec_ReplicateLayout.replicate_layout 835:Src fp.id: '5E2BA273-CBD6-414F-9168-A1622C8797E0'
09-10 20:28:05 com_github_MitjaNemec_ReplicateLayout.replicate_layout 839:Dst fp.id: '5E2BA273-CBD6-414F-9168-A1622C8797E0'
09-10 20:28:05 com_github_MitjaNemec_ReplicateLayout.replicate_layout 895:found match in dst footprint: 'R804'
09-10 20:28:05 com_github_MitjaNemec_ReplicateLayout.replicate_layout 990:Src text UUid:37d2dd6c-dcc6-48ce-939f-5426b2f5e22d
09-10 20:28:05 com_github_MitjaNemec_ReplicateLayout.replicate_layout 991:Dst text UUid:04a68548-4d60-4f8b-8151-dd5675a1414e
09-10 20:28:05 com_github_MitjaNemec_ReplicateLayout.replicate_layout 990:Src text UUid:b0255734-cc30-4b7b-8982-4f0789c28ace
09-10 20:28:05 com_github_MitjaNemec_ReplicateLayout.replicate_layout 991:Dst text UUid:295c695e-e638-40ef-81e3-0da615e589c8
09-10 20:28:05 com_github_MitjaNemec_ReplicateLayout.replicate_layout 990:Src text UUid:d2c25ef2-a914-4eb2-b924-f5ab66963681
09-10 20:28:05 com_github_MitjaNemec_ReplicateLayout.replicate_layout 991:Dst text UUid:cd1ecadc-893a-4f91-8736-a3324412bd28
09-10 20:28:05 com_github_MitjaNemec_ReplicateLayout.replicate_layout 888:Replicating footprint: 'C501'
09-10 20:28:05 com_github_MitjaNemec_ReplicateLayout.replicate_layout 835:Src fp.id: 'D2891718-3311-43B0-993A-92E0B77996DE'
09-10 20:28:05 com_github_MitjaNemec_ReplicateLayout.replicate_layout 839:Dst fp.id: 'D2891718-3311-43B0-993A-92E0B77996DE'
09-10 20:28:05 com_github_MitjaNemec_ReplicateLayout.replicate_layout 895:found match in dst footprint: 'C801'
09-10 20:28:05 com_github_MitjaNemec_ReplicateLayout.replicate_layout 990:Src text UUid:1cfeafcd-c7a7-499a-8981-260f97654753
09-10 20:28:05 com_github_MitjaNemec_ReplicateLayout.replicate_layout 991:Dst text UUid:7c51a909-1d99-45b9-a9f2-5a4d7addad63
09-10 20:28:05 com_github_MitjaNemec_ReplicateLayout.replicate_layout 990:Src text UUid:822080cb-3ab8-4471-be86-2ef47827456d
09-10 20:28:05 com_github_MitjaNemec_ReplicateLayout.replicate_layout 991:Dst text UUid:6ea1487f-3aca-46ed-ae64-7dd46e5e2397
09-10 20:28:05 com_github_MitjaNemec_ReplicateLayout.replicate_layout 990:Src text UUid:34dcc996-6242-4b17-9c72-592872fd6def
09-10 20:28:05 com_github_MitjaNemec_ReplicateLayout.replicate_layout 991:Dst text UUid:81d9b9b4-849a-49f2-bc99-dbbf98106a8a
09-10 20:28:05 com_github_MitjaNemec_ReplicateLayout.replicate_layout 888:Replicating footprint: 'C505'
09-10 20:28:05 com_github_MitjaNemec_ReplicateLayout.replicate_layout 835:Src fp.id: 'D966E2A2-DED7-47AC-B8D9-8326745A08BC'
09-10 20:28:05 com_github_MitjaNemec_ReplicateLayout.replicate_layout 839:Dst fp.id: 'D966E2A2-DED7-47AC-B8D9-8326745A08BC'
09-10 20:28:05 com_github_MitjaNemec_ReplicateLayout.replicate_layout 895:found match in dst footprint: 'C805'
09-10 20:28:05 com_github_MitjaNemec_ReplicateLayout.replicate_layout 990:Src text UUid:6077f56c-5b6d-43c2-ba8e-8ef63b167f4e
09-10 20:28:05 com_github_MitjaNemec_ReplicateLayout.replicate_layout 991:Dst text UUid:8f57276a-228d-402f-bcec-9061cff4cacc
09-10 20:28:05 com_github_MitjaNemec_ReplicateLayout.replicate_layout 990:Src text UUid:0977ba42-977b-42c8-b1bf-5a2e630e1ceb
09-10 20:28:05 com_github_MitjaNemec_ReplicateLayout.replicate_layout 991:Dst text UUid:33d16731-dc68-4b48-b09d-f3725589f60e
09-10 20:28:05 com_github_MitjaNemec_ReplicateLayout.replicate_layout 990:Src text UUid:ede8ad69-cf98-4b00-ad6b-a748a13d310d
09-10 20:28:05 com_github_MitjaNemec_ReplicateLayout.replicate_layout 991:Dst text UUid:66e84551-29ea-4e9b-9149-13e87b7a613b
09-10 20:28:05 com_github_MitjaNemec_ReplicateLayout.replicate_layout 888:Replicating footprint: 'R507'
09-10 20:28:05 com_github_MitjaNemec_ReplicateLayout.replicate_layout 835:Src fp.id: '82906AF9-908C-4F8A-BE91-D3FD235BCF4E'
09-10 20:28:05 com_github_MitjaNemec_ReplicateLayout.replicate_layout 839:Dst fp.id: '82906AF9-908C-4F8A-BE91-D3FD235BCF4E'
09-10 20:28:05 com_github_MitjaNemec_ReplicateLayout.replicate_layout 895:found match in dst footprint: 'R807'
09-10 20:28:05 com_github_MitjaNemec_ReplicateLayout.replicate_layout 990:Src text UUid:56b78164-04d6-4f24-a12c-a23e1cc48b8c
09-10 20:28:05 com_github_MitjaNemec_ReplicateLayout.replicate_layout 991:Dst text UUid:4c2b0d06-103e-46b5-b66b-af9a8d512769
09-10 20:28:05 com_github_MitjaNemec_ReplicateLayout.replicate_layout 990:Src text UUid:9c6754c2-96fb-4a58-86d3-e7431b3e5ad9
09-10 20:28:05 com_github_MitjaNemec_ReplicateLayout.replicate_layout 991:Dst text UUid:15e42e24-8c25-447a-8623-7c4b826f1950
09-10 20:28:05 com_github_MitjaNemec_ReplicateLayout.replicate_layout 990:Src text UUid:7c80eff9-fb68-43c7-989d-5cee1fa50d76
09-10 20:28:05 com_github_MitjaNemec_ReplicateLayout.replicate_layout 991:Dst text UUid:04eecf80-a67b-4a30-8499-4697e20a557e
09-10 20:28:05 com_github_MitjaNemec_ReplicateLayout.replicate_layout 888:Replicating footprint: 'U504'
09-10 20:28:05 com_github_MitjaNemec_ReplicateLayout.replicate_layout 835:Src fp.id: 'D63D0ABF-1810-4470-AF45-19E7DF5EA0A1'
09-10 20:28:05 com_github_MitjaNemec_ReplicateLayout.replicate_layout 839:Dst fp.id: 'D63D0ABF-1810-4470-AF45-19E7DF5EA0A1'
09-10 20:28:05 com_github_MitjaNemec_ReplicateLayout.replicate_layout 895:found match in dst footprint: 'U804'
09-10 20:28:05 com_github_MitjaNemec_ReplicateLayout.replicate_layout 990:Src text UUid:d6386151-6de2-41cc-88e8-6b00c9c43f8a
09-10 20:28:05 com_github_MitjaNemec_ReplicateLayout.replicate_layout 991:Dst text UUid:41047d55-615e-4a63-913a-9fb6c62c800c
09-10 20:28:05 com_github_MitjaNemec_ReplicateLayout.replicate_layout 990:Src text UUid:210339ff-a0c0-4395-b7bc-512a3f3cfc18
09-10 20:28:05 com_github_MitjaNemec_ReplicateLayout.replicate_layout 991:Dst text UUid:8b8a3cbb-694c-4149-83c8-b5080ce21b5b
09-10 20:28:05 com_github_MitjaNemec_ReplicateLayout.replicate_layout 990:Src text UUid:c786c5d7-1afd-40b1-904b-e7a4d2630c08
09-10 20:28:05 com_github_MitjaNemec_ReplicateLayout.replicate_layout 991:Dst text UUid:6fdf9301-8a24-4117-9d4a-a54e36b442cc
09-10 20:28:05 com_github_MitjaNemec_ReplicateLayout.replicate_layout 888:Replicating footprint: 'C522'
09-10 20:28:05 com_github_MitjaNemec_ReplicateLayout.replicate_layout 835:Src fp.id: 'C9D23329-1F08-474A-9B21-50665493E262'
09-10 20:28:05 com_github_MitjaNemec_ReplicateLayout.replicate_layout 839:Dst fp.id: 'C9D23329-1F08-474A-9B21-50665493E262'
09-10 20:28:05 com_github_MitjaNemec_ReplicateLayout.replicate_layout 895:found match in dst footprint: 'C822'
09-10 20:28:05 com_github_MitjaNemec_ReplicateLayout.replicate_layout 990:Src text UUid:88edef50-e9ff-4ce1-b88c-b40e4480ed0d
09-10 20:28:05 com_github_MitjaNemec_ReplicateLayout.replicate_layout 991:Dst text UUid:44c8fd91-a92f-42c1-b1ac-00f0f81c1a33
09-10 20:28:05 com_github_MitjaNemec_ReplicateLayout.replicate_layout 990:Src text UUid:f38b896b-e7da-4b80-9978-1f24deb75dfb
09-10 20:28:05 com_github_MitjaNemec_ReplicateLayout.replicate_layout 991:Dst text UUid:d9af687b-8f4b-4ba2-b3de-2a70aee3c34a
09-10 20:28:05 com_github_MitjaNemec_ReplicateLayout.replicate_layout 990:Src text UUid:1548d519-094d-4ced-93d6-16b0445fb05a
09-10 20:28:05 com_github_MitjaNemec_ReplicateLayout.replicate_layout 991:Dst text UUid:eb006f92-19d8-4442-8119-1cd7f2ee0c3e
09-10 20:28:05 com_github_MitjaNemec_ReplicateLayout.replicate_layout 888:Replicating footprint: 'C521'
09-10 20:28:05 com_github_MitjaNemec_ReplicateLayout.replicate_layout 835:Src fp.id: '6F852892-C5AD-4D49-90A4-144A278FE25B'
09-10 20:28:05 com_github_MitjaNemec_ReplicateLayout.replicate_layout 839:Dst fp.id: '6F852892-C5AD-4D49-90A4-144A278FE25B'
09-10 20:28:05 com_github_MitjaNemec_ReplicateLayout.replicate_layout 895:found match in dst footprint: 'C821'
09-10 20:28:05 com_github_MitjaNemec_ReplicateLayout.replicate_layout 990:Src text UUid:e61b32fa-b6ef-453d-8859-b5073a9f4791
09-10 20:28:05 com_github_MitjaNemec_ReplicateLayout.replicate_layout 991:Dst text UUid:495d7e8e-c423-4a9e-a97a-1ae328c789d1
09-10 20:28:05 com_github_MitjaNemec_ReplicateLayout.replicate_layout 990:Src text UUid:85f4c5cd-5559-4663-8a8f-17c4eab637a6
09-10 20:28:05 com_github_MitjaNemec_ReplicateLayout.replicate_layout 991:Dst text UUid:65b03c0d-e1b3-474f-a0f3-6ac7b24475d8
09-10 20:28:05 com_github_MitjaNemec_ReplicateLayout.replicate_layout 990:Src text UUid:5a0fadc8-a9d8-4caa-8026-e83499449dd1
09-10 20:28:05 com_github_MitjaNemec_ReplicateLayout.replicate_layout 991:Dst text UUid:89fecf42-2ba7-4e9a-b688-20a9ea702a38
09-10 20:28:05 com_github_MitjaNemec_ReplicateLayout.replicate_layout 888:Replicating footprint: 'U510'
09-10 20:28:05 com_github_MitjaNemec_ReplicateLayout.replicate_layout 835:Src fp.id: '46CBAB5D-F262-452B-A91F-C1844183F9BC'
09-10 20:28:05 com_github_MitjaNemec_ReplicateLayout.replicate_layout 839:Dst fp.id: '46CBAB5D-F262-452B-A91F-C1844183F9BC'
09-10 20:28:05 com_github_MitjaNemec_ReplicateLayout.replicate_layout 895:found match in dst footprint: 'U810'
09-10 20:28:05 com_github_MitjaNemec_ReplicateLayout.replicate_layout 990:Src text UUid:69b703d3-ec66-4975-bb25-e7ae711b253a
09-10 20:28:05 com_github_MitjaNemec_ReplicateLayout.replicate_layout 991:Dst text UUid:8bc2e464-22bd-401d-8ea5-ac6e20c3f644
09-10 20:28:05 com_github_MitjaNemec_ReplicateLayout.replicate_layout 990:Src text UUid:90553093-cc5f-4bf4-a8a5-1fd436cfaf5d
09-10 20:28:05 com_github_MitjaNemec_ReplicateLayout.replicate_layout 991:Dst text UUid:c21ac55c-224b-48b2-99b0-efac96ed322f
09-10 20:28:05 com_github_MitjaNemec_ReplicateLayout.replicate_layout 990:Src text UUid:bb07ee90-974b-48ba-a3f7-47e742ad231f
09-10 20:28:05 com_github_MitjaNemec_ReplicateLayout.replicate_layout 991:Dst text UUid:842ad9aa-6349-4c93-9e3c-f927e4bb3638
09-10 20:28:05 com_github_MitjaNemec_ReplicateLayout.replicate_layout 888:Replicating footprint: 'C515'
09-10 20:28:05 com_github_MitjaNemec_ReplicateLayout.replicate_layout 835:Src fp.id: '79F65A46-291C-43FC-B72F-286499F0C0DD'
09-10 20:28:05 com_github_MitjaNemec_ReplicateLayout.replicate_layout 839:Dst fp.id: '79F65A46-291C-43FC-B72F-286499F0C0DD'
09-10 20:28:05 com_github_MitjaNemec_ReplicateLayout.replicate_layout 895:found match in dst footprint: 'C815'
09-10 20:28:05 com_github_MitjaNemec_ReplicateLayout.replicate_layout 990:Src text UUid:93cb9ddd-3ea4-4f85-a964-1782c241947f
09-10 20:28:05 com_github_MitjaNemec_ReplicateLayout.replicate_layout 991:Dst text UUid:10f2c995-c60d-4eb6-8cb9-c79ab0735d4a
09-10 20:28:05 com_github_MitjaNemec_ReplicateLayout.replicate_layout 990:Src text UUid:b53a3b46-e808-4564-8f7e-d13fe525850a
09-10 20:28:05 com_github_MitjaNemec_ReplicateLayout.replicate_layout 991:Dst text UUid:767a2e2e-4192-4aa4-a45e-7d1e1c7dbda5
09-10 20:28:05 com_github_MitjaNemec_ReplicateLayout.replicate_layout 990:Src text UUid:6ffc7df8-ff40-4d03-865d-ee87a2211760
09-10 20:28:05 com_github_MitjaNemec_ReplicateLayout.replicate_layout 991:Dst text UUid:e527f46a-0582-468f-b0bd-82e63ff536b7
09-10 20:28:05 com_github_MitjaNemec_ReplicateLayout.replicate_layout 888:Replicating footprint: 'C529'
09-10 20:28:05 com_github_MitjaNemec_ReplicateLayout.replicate_layout 835:Src fp.id: 'FC098B13-0CD8-4D63-B3D0-05D1A6AAA7F1'
09-10 20:28:05 com_github_MitjaNemec_ReplicateLayout.replicate_layout 839:Dst fp.id: 'FC098B13-0CD8-4D63-B3D0-05D1A6AAA7F1'
09-10 20:28:05 com_github_MitjaNemec_ReplicateLayout.replicate_layout 895:found match in dst footprint: 'C829'
09-10 20:28:05 com_github_MitjaNemec_ReplicateLayout.replicate_layout 990:Src text UUid:09d8c1c8-90b3-443a-abe8-5962947c3e59
09-10 20:28:05 com_github_MitjaNemec_ReplicateLayout.replicate_layout 991:Dst text UUid:160e7165-c4e5-4d27-9ab2-16cd4dfe8012
09-10 20:28:05 com_github_MitjaNemec_ReplicateLayout.replicate_layout 990:Src text UUid:28dd15ca-d264-41d6-81de-7254ef4115b8
09-10 20:28:05 com_github_MitjaNemec_ReplicateLayout.replicate_layout 991:Dst text UUid:4e3a61e5-9099-421c-b56d-a381d7f75715
09-10 20:28:05 com_github_MitjaNemec_ReplicateLayout.replicate_layout 990:Src text UUid:6e5f9d83-fa4e-408c-9d42-7e1907e14914
09-10 20:28:05 com_github_MitjaNemec_ReplicateLayout.replicate_layout 991:Dst text UUid:2932196c-1ef1-40e9-81b5-5d6aff84e15a
09-10 20:28:05 com_github_MitjaNemec_ReplicateLayout.replicate_layout 888:Replicating footprint: 'C533'
09-10 20:28:05 com_github_MitjaNemec_ReplicateLayout.replicate_layout 835:Src fp.id: 'D4E5A789-CF9A-47A1-B763-E3F606452426'
09-10 20:28:05 com_github_MitjaNemec_ReplicateLayout.replicate_layout 839:Dst fp.id: 'D4E5A789-CF9A-47A1-B763-E3F606452426'
09-10 20:28:05 com_github_MitjaNemec_ReplicateLayout.replicate_layout 895:found match in dst footprint: 'C833'
09-10 20:28:05 com_github_MitjaNemec_ReplicateLayout.replicate_layout 990:Src text UUid:ddc9cd51-b127-4b85-863c-a5d594f470d1
09-10 20:28:05 com_github_MitjaNemec_ReplicateLayout.replicate_layout 991:Dst text UUid:42a814f3-3a35-472c-99c0-2a39750530f4
09-10 20:28:05 com_github_MitjaNemec_ReplicateLayout.replicate_layout 990:Src text UUid:1e8d829b-629d-4540-ac71-3adf5f20ece9
09-10 20:28:05 com_github_MitjaNemec_ReplicateLayout.replicate_layout 991:Dst text UUid:ff1e7348-3c22-42df-9cd0-58a3869c2291
09-10 20:28:05 com_github_MitjaNemec_ReplicateLayout.replicate_layout 990:Src text UUid:456bbd17-4910-427b-8d80-0077197cd849
09-10 20:28:05 com_github_MitjaNemec_ReplicateLayout.replicate_layout 991:Dst text UUid:d8140eda-694c-4d77-ad7d-514fbe1b0983
09-10 20:28:05 com_github_MitjaNemec_ReplicateLayout.replicate_layout 888:Replicating footprint: 'C517'
09-10 20:28:05 root 345:updating GUI with: 60
09-10 20:28:05 com_github_MitjaNemec_ReplicateLayout.replicate_layout 835:Src fp.id: 'F758E197-E658-4735-AA5D-72EBD4178663'
09-10 20:28:05 com_github_MitjaNemec_ReplicateLayout.replicate_layout 839:Dst fp.id: 'F758E197-E658-4735-AA5D-72EBD4178663'
09-10 20:28:05 com_github_MitjaNemec_ReplicateLayout.replicate_layout 895:found match in dst footprint: 'C817'
09-10 20:28:05 com_github_MitjaNemec_ReplicateLayout.replicate_layout 990:Src text UUid:87be6f7a-add8-4e99-8184-471bb15eda7f
09-10 20:28:05 com_github_MitjaNemec_ReplicateLayout.replicate_layout 991:Dst text UUid:4b93798e-ef0b-48c0-ab85-2dfd36892728
09-10 20:28:05 com_github_MitjaNemec_ReplicateLayout.replicate_layout 990:Src text UUid:107e4f5a-810b-43b5-a8e0-66cdf3a99ee4
09-10 20:28:05 com_github_MitjaNemec_ReplicateLayout.replicate_layout 991:Dst text UUid:e9110fd7-b2df-4d1f-b86a-05ebd78ca248
09-10 20:28:05 com_github_MitjaNemec_ReplicateLayout.replicate_layout 990:Src text UUid:8d3f07b5-955d-4133-8158-c4350553e433
09-10 20:28:05 com_github_MitjaNemec_ReplicateLayout.replicate_layout 991:Dst text UUid:0812972a-6e50-4bad-929e-be744bd92722
09-10 20:28:05 com_github_MitjaNemec_ReplicateLayout.replicate_layout 888:Replicating footprint: 'C531'
09-10 20:28:05 com_github_MitjaNemec_ReplicateLayout.replicate_layout 835:Src fp.id: '39B0D374-60E8-4D67-B4E4-00A02F95F086'
09-10 20:28:05 com_github_MitjaNemec_ReplicateLayout.replicate_layout 839:Dst fp.id: '39B0D374-60E8-4D67-B4E4-00A02F95F086'
09-10 20:28:05 com_github_MitjaNemec_ReplicateLayout.replicate_layout 895:found match in dst footprint: 'C831'
09-10 20:28:05 com_github_MitjaNemec_ReplicateLayout.replicate_layout 990:Src text UUid:96b03314-8d27-4cc6-9e26-53d35f8cea01
09-10 20:28:05 com_github_MitjaNemec_ReplicateLayout.replicate_layout 991:Dst text UUid:cb97873b-a6d5-4b5f-bc01-42100deafe43
09-10 20:28:05 com_github_MitjaNemec_ReplicateLayout.replicate_layout 990:Src text UUid:35b643be-5a6e-4b4c-9026-ac3de4e89653
09-10 20:28:05 com_github_MitjaNemec_ReplicateLayout.replicate_layout 991:Dst text UUid:df95da1b-a71a-4861-9124-67dd1ebabf8d
09-10 20:28:05 com_github_MitjaNemec_ReplicateLayout.replicate_layout 990:Src text UUid:ef030858-16a5-412b-ba73-3d92985725b1
09-10 20:28:05 com_github_MitjaNemec_ReplicateLayout.replicate_layout 991:Dst text UUid:67874354-c6db-4b8d-91af-14077811d8a6
09-10 20:28:05 com_github_MitjaNemec_ReplicateLayout.replicate_layout 888:Replicating footprint: 'C526'
09-10 20:28:05 com_github_MitjaNemec_ReplicateLayout.replicate_layout 835:Src fp.id: 'B871C64F-2634-4C9C-8E0B-39E301B63B3E'
09-10 20:28:05 com_github_MitjaNemec_ReplicateLayout.replicate_layout 839:Dst fp.id: 'B871C64F-2634-4C9C-8E0B-39E301B63B3E'
09-10 20:28:05 com_github_MitjaNemec_ReplicateLayout.replicate_layout 895:found match in dst footprint: 'C826'
09-10 20:28:05 com_github_MitjaNemec_ReplicateLayout.replicate_layout 990:Src text UUid:d7ff64f7-666f-40be-bf2a-ccf6c9c90fa7
09-10 20:28:05 com_github_MitjaNemec_ReplicateLayout.replicate_layout 991:Dst text UUid:a91092d4-9eb8-4061-9a2e-56abda3ed47d
09-10 20:28:05 com_github_MitjaNemec_ReplicateLayout.replicate_layout 990:Src text UUid:8c4749e1-3295-4b4e-8fbb-e94a3ad393ce
09-10 20:28:05 com_github_MitjaNemec_ReplicateLayout.replicate_layout 991:Dst text UUid:20d05853-2837-4937-a861-65a14ca7ea9c
09-10 20:28:05 com_github_MitjaNemec_ReplicateLayout.replicate_layout 990:Src text UUid:571446b2-65ec-4f3e-9c76-06856990394a
09-10 20:28:05 com_github_MitjaNemec_ReplicateLayout.replicate_layout 991:Dst text UUid:ff68531d-37a5-4007-a8db-48c51a886c4e
09-10 20:28:05 com_github_MitjaNemec_ReplicateLayout.replicate_layout 888:Replicating footprint: 'C534'
09-10 20:28:05 com_github_MitjaNemec_ReplicateLayout.replicate_layout 835:Src fp.id: '489FCF9D-63D8-4032-BDF3-1C0CEA2C83D9'
09-10 20:28:05 com_github_MitjaNemec_ReplicateLayout.replicate_layout 839:Dst fp.id: '489FCF9D-63D8-4032-BDF3-1C0CEA2C83D9'
09-10 20:28:05 com_github_MitjaNemec_ReplicateLayout.replicate_layout 895:found match in dst footprint: 'C834'
09-10 20:28:05 com_github_MitjaNemec_ReplicateLayout.replicate_layout 990:Src text UUid:c05f1148-5c4b-47a6-ba94-4d51438f5816
09-10 20:28:05 com_github_MitjaNemec_ReplicateLayout.replicate_layout 991:Dst text UUid:df9aec3e-6f29-48f7-83dd-f97311109e20
09-10 20:28:05 com_github_MitjaNemec_ReplicateLayout.replicate_layout 990:Src text UUid:5bad268b-0d42-4737-bb19-5497adc20563
09-10 20:28:05 com_github_MitjaNemec_ReplicateLayout.replicate_layout 991:Dst text UUid:2efdcd6f-418d-43c1-be6a-813b69672e39
09-10 20:28:05 com_github_MitjaNemec_ReplicateLayout.replicate_layout 990:Src text UUid:d07fcc64-f0f6-4962-903b-575364d8ed94
09-10 20:28:05 com_github_MitjaNemec_ReplicateLayout.replicate_layout 991:Dst text UUid:6b27a458-d2b5-4c2c-8fa5-549d18874093
09-10 20:28:05 com_github_MitjaNemec_ReplicateLayout.replicate_layout 888:Replicating footprint: 'U503'
09-10 20:28:05 com_github_MitjaNemec_ReplicateLayout.replicate_layout 835:Src fp.id: '908AD37B-0A75-4150-8624-8CB5C18DC417'
09-10 20:28:05 com_github_MitjaNemec_ReplicateLayout.replicate_layout 839:Dst fp.id: '908AD37B-0A75-4150-8624-8CB5C18DC417'
09-10 20:28:05 com_github_MitjaNemec_ReplicateLayout.replicate_layout 895:found match in dst footprint: 'U803'
09-10 20:28:05 com_github_MitjaNemec_ReplicateLayout.replicate_layout 990:Src text UUid:4c876745-a85c-4172-a2d3-cd9de36f7c80
09-10 20:28:05 com_github_MitjaNemec_ReplicateLayout.replicate_layout 991:Dst text UUid:2b03d2e0-1e35-4cae-b097-954add4394d2
09-10 20:28:05 com_github_MitjaNemec_ReplicateLayout.replicate_layout 990:Src text UUid:77b0305c-4546-4c37-af16-3466c860e6db
09-10 20:28:05 com_github_MitjaNemec_ReplicateLayout.replicate_layout 991:Dst text UUid:6b7dabb6-2ec5-47f2-8f69-b9263d67b536
09-10 20:28:05 com_github_MitjaNemec_ReplicateLayout.replicate_layout 990:Src text UUid:34a1cd6a-9819-4c70-9665-29481481c9e4
09-10 20:28:05 com_github_MitjaNemec_ReplicateLayout.replicate_layout 991:Dst text UUid:fcef6742-1d6a-46ef-85d0-a4e7d7390d4c
09-10 20:28:05 com_github_MitjaNemec_ReplicateLayout.replicate_layout 888:Replicating footprint: 'U502'
09-10 20:28:05 com_github_MitjaNemec_ReplicateLayout.replicate_layout 835:Src fp.id: '16F7DD7C-5673-4BC9-BC89-22476C7733C9'
09-10 20:28:05 com_github_MitjaNemec_ReplicateLayout.replicate_layout 839:Dst fp.id: '16F7DD7C-5673-4BC9-BC89-22476C7733C9'
09-10 20:28:05 com_github_MitjaNemec_ReplicateLayout.replicate_layout 895:found match in dst footprint: 'U802'
09-10 20:28:05 com_github_MitjaNemec_ReplicateLayout.replicate_layout 990:Src text UUid:878980c2-1ab1-430b-bf84-f12f0421a5b2
09-10 20:28:05 com_github_MitjaNemec_ReplicateLayout.replicate_layout 991:Dst text UUid:59cf68e7-cd1d-44ff-800a-fa4e031744ed
09-10 20:28:05 com_github_MitjaNemec_ReplicateLayout.replicate_layout 990:Src text UUid:116a4274-742e-44b6-8423-689d9f2cd2e9
09-10 20:28:05 com_github_MitjaNemec_ReplicateLayout.replicate_layout 991:Dst text UUid:7e5fab5d-9b06-49d7-8185-85bb8e05d1b2
09-10 20:28:05 com_github_MitjaNemec_ReplicateLayout.replicate_layout 990:Src text UUid:5a7315f1-6f03-40aa-a966-00200c206ce8
09-10 20:28:05 com_github_MitjaNemec_ReplicateLayout.replicate_layout 991:Dst text UUid:d0bb31fc-8ee1-4fbc-9021-2292005f89a1
09-10 20:28:05 com_github_MitjaNemec_ReplicateLayout.replicate_layout 888:Replicating footprint: 'C528'
09-10 20:28:05 com_github_MitjaNemec_ReplicateLayout.replicate_layout 835:Src fp.id: '5BA41C6F-8B97-44FB-A6D0-ABD6EED1E906'
09-10 20:28:05 com_github_MitjaNemec_ReplicateLayout.replicate_layout 839:Dst fp.id: '5BA41C6F-8B97-44FB-A6D0-ABD6EED1E906'
09-10 20:28:05 com_github_MitjaNemec_ReplicateLayout.replicate_layout 895:found match in dst footprint: 'C828'
09-10 20:28:05 com_github_MitjaNemec_ReplicateLayout.replicate_layout 990:Src text UUid:15591a22-aed5-44d7-a353-c4e5a719f849
09-10 20:28:05 com_github_MitjaNemec_ReplicateLayout.replicate_layout 991:Dst text UUid:f595993f-2b60-4a98-b93a-2a2f31a93ca1
09-10 20:28:05 com_github_MitjaNemec_ReplicateLayout.replicate_layout 990:Src text UUid:a0bc702e-21ce-428e-bf56-6006afe5c376
09-10 20:28:05 com_github_MitjaNemec_ReplicateLayout.replicate_layout 991:Dst text UUid:19dc1829-e8da-4431-b9bc-f4e5a7bdb10b
09-10 20:28:05 com_github_MitjaNemec_ReplicateLayout.replicate_layout 990:Src text UUid:b2a85754-f8b7-4e6b-ad44-7be93b719300
09-10 20:28:05 com_github_MitjaNemec_ReplicateLayout.replicate_layout 991:Dst text UUid:4fc09104-3063-4ea7-aba5-a87f5ad4f0f0
09-10 20:28:05 com_github_MitjaNemec_ReplicateLayout.replicate_layout 888:Replicating footprint: 'C520'
09-10 20:28:05 com_github_MitjaNemec_ReplicateLayout.replicate_layout 835:Src fp.id: '395E7542-A34E-4B45-B764-763D78C28CDD'
09-10 20:28:05 com_github_MitjaNemec_ReplicateLayout.replicate_layout 839:Dst fp.id: '395E7542-A34E-4B45-B764-763D78C28CDD'
09-10 20:28:05 com_github_MitjaNemec_ReplicateLayout.replicate_layout 895:found match in dst footprint: 'C820'
09-10 20:28:05 com_github_MitjaNemec_ReplicateLayout.replicate_layout 990:Src text UUid:9d44cac5-9a4b-4e54-9a42-05fa44adeb77
09-10 20:28:05 com_github_MitjaNemec_ReplicateLayout.replicate_layout 991:Dst text UUid:c3c7aa52-8ba6-4b44-bee7-e2ad42280cfd
09-10 20:28:05 com_github_MitjaNemec_ReplicateLayout.replicate_layout 990:Src text UUid:bc4f2833-9e02-4501-a997-db2cb5acb053
09-10 20:28:05 com_github_MitjaNemec_ReplicateLayout.replicate_layout 991:Dst text UUid:8cd25807-69e8-482a-a104-3bc7fb904c95
09-10 20:28:05 com_github_MitjaNemec_ReplicateLayout.replicate_layout 990:Src text UUid:0bec415c-7be0-4e1a-be44-acc0f7aa1e18
09-10 20:28:05 com_github_MitjaNemec_ReplicateLayout.replicate_layout 991:Dst text UUid:0269214b-6882-411e-a0df-08d0ca2b0848
09-10 20:28:05 com_github_MitjaNemec_ReplicateLayout.replicate_layout 888:Replicating footprint: 'C523'
09-10 20:28:05 com_github_MitjaNemec_ReplicateLayout.replicate_layout 835:Src fp.id: '8E16CB0E-E6E1-4EB5-9FAD-B616A3684DB0'
09-10 20:28:05 com_github_MitjaNemec_ReplicateLayout.replicate_layout 839:Dst fp.id: '8E16CB0E-E6E1-4EB5-9FAD-B616A3684DB0'
09-10 20:28:05 com_github_MitjaNemec_ReplicateLayout.replicate_layout 895:found match in dst footprint: 'C823'
09-10 20:28:05 com_github_MitjaNemec_ReplicateLayout.replicate_layout 990:Src text UUid:f7f6fb7d-a44f-4e06-a26b-6e3dc93c0d4c
09-10 20:28:05 com_github_MitjaNemec_ReplicateLayout.replicate_layout 991:Dst text UUid:47c5021b-4682-4639-86a8-4f5fcb18ab32
09-10 20:28:05 com_github_MitjaNemec_ReplicateLayout.replicate_layout 990:Src text UUid:283c071c-414e-4a75-a3d3-4fab290877d8
09-10 20:28:05 com_github_MitjaNemec_ReplicateLayout.replicate_layout 991:Dst text UUid:78f12e1a-7f59-4c89-9ab7-5d584244144a
09-10 20:28:05 com_github_MitjaNemec_ReplicateLayout.replicate_layout 990:Src text UUid:143e26fb-53ed-4da1-93b9-451e43d297a2
09-10 20:28:05 com_github_MitjaNemec_ReplicateLayout.replicate_layout 991:Dst text UUid:9d38620a-f331-4a63-aa38-ca285ed2c747
09-10 20:28:05 com_github_MitjaNemec_ReplicateLayout.replicate_layout 888:Replicating footprint: 'C527'
09-10 20:28:05 com_github_MitjaNemec_ReplicateLayout.replicate_layout 835:Src fp.id: 'E76A0FF1-52E2-4042-B1B0-E5A59D676BD1'
09-10 20:28:05 com_github_MitjaNemec_ReplicateLayout.replicate_layout 839:Dst fp.id: 'E76A0FF1-52E2-4042-B1B0-E5A59D676BD1'
09-10 20:28:05 com_github_MitjaNemec_ReplicateLayout.replicate_layout 895:found match in dst footprint: 'C827'
09-10 20:28:05 com_github_MitjaNemec_ReplicateLayout.replicate_layout 990:Src text UUid:f0f68409-5507-4c22-b3bb-63cfb137ec01
09-10 20:28:05 com_github_MitjaNemec_ReplicateLayout.replicate_layout 991:Dst text UUid:43339c7d-24c1-45d1-9836-12465a05310e
09-10 20:28:05 com_github_MitjaNemec_ReplicateLayout.replicate_layout 990:Src text UUid:f6f8fc5f-6d82-4fb3-9470-34511cceccba
09-10 20:28:05 com_github_MitjaNemec_ReplicateLayout.replicate_layout 991:Dst text UUid:fd1ac441-32bc-4549-b323-6c035f4055db
09-10 20:28:05 com_github_MitjaNemec_ReplicateLayout.replicate_layout 990:Src text UUid:95f35b6e-a856-46f7-811d-e7261c8f156d
09-10 20:28:05 com_github_MitjaNemec_ReplicateLayout.replicate_layout 991:Dst text UUid:9120daf0-c75c-4fed-80df-6221a5eddb6c
09-10 20:28:05 com_github_MitjaNemec_ReplicateLayout.replicate_layout 888:Replicating footprint: 'C511'
09-10 20:28:05 com_github_MitjaNemec_ReplicateLayout.replicate_layout 835:Src fp.id: '0EF1B38F-9660-4F05-BD9E-632EC036D0FC'
09-10 20:28:05 com_github_MitjaNemec_ReplicateLayout.replicate_layout 839:Dst fp.id: '0EF1B38F-9660-4F05-BD9E-632EC036D0FC'
09-10 20:28:05 com_github_MitjaNemec_ReplicateLayout.replicate_layout 895:found match in dst footprint: 'C811'
09-10 20:28:05 com_github_MitjaNemec_ReplicateLayout.replicate_layout 990:Src text UUid:e055213d-b704-4228-a8f7-a3ce4990d3e0
09-10 20:28:05 com_github_MitjaNemec_ReplicateLayout.replicate_layout 991:Dst text UUid:e4569c0e-01a9-4b81-bdf9-ecae0366d064
09-10 20:28:05 com_github_MitjaNemec_ReplicateLayout.replicate_layout 990:Src text UUid:31f12feb-b243-4285-821f-858d87a017cd
09-10 20:28:05 com_github_MitjaNemec_ReplicateLayout.replicate_layout 991:Dst text UUid:beff0870-fa19-4aa7-b63f-deee0fef5fd7
09-10 20:28:05 com_github_MitjaNemec_ReplicateLayout.replicate_layout 990:Src text UUid:286083ec-7f01-4c2f-8626-838c8f4f9180
09-10 20:28:05 com_github_MitjaNemec_ReplicateLayout.replicate_layout 991:Dst text UUid:c579004e-1d2e-4ec9-8177-cd07ced2b8f7
09-10 20:28:05 com_github_MitjaNemec_ReplicateLayout.replicate_layout 888:Replicating footprint: 'C512'
09-10 20:28:05 com_github_MitjaNemec_ReplicateLayout.replicate_layout 835:Src fp.id: 'F77C6239-9754-45DA-8B8C-61B9CDDAB8C3'
09-10 20:28:05 com_github_MitjaNemec_ReplicateLayout.replicate_layout 839:Dst fp.id: 'F77C6239-9754-45DA-8B8C-61B9CDDAB8C3'
09-10 20:28:05 com_github_MitjaNemec_ReplicateLayout.replicate_layout 895:found match in dst footprint: 'C812'
09-10 20:28:05 com_github_MitjaNemec_ReplicateLayout.replicate_layout 990:Src text UUid:b9b06a68-cf93-4808-94ea-0365ec9efb1c
09-10 20:28:05 com_github_MitjaNemec_ReplicateLayout.replicate_layout 991:Dst text UUid:4cc14a20-4716-4b1e-8ffe-75961bdef82d
09-10 20:28:05 com_github_MitjaNemec_ReplicateLayout.replicate_layout 990:Src text UUid:19f9a3e8-367f-4a4d-bdf6-a72a1c443117
09-10 20:28:05 com_github_MitjaNemec_ReplicateLayout.replicate_layout 991:Dst text UUid:9646f342-625d-4afd-8e5e-f9fca58ae5ce
09-10 20:28:05 com_github_MitjaNemec_ReplicateLayout.replicate_layout 990:Src text UUid:b9fc5c8a-f9b0-4bd4-b5d8-c19b9382165c
09-10 20:28:05 com_github_MitjaNemec_ReplicateLayout.replicate_layout 991:Dst text UUid:ba4c4644-1b44-471b-8b41-9373fdfffdd2
09-10 20:28:05 com_github_MitjaNemec_ReplicateLayout.replicate_layout 888:Replicating footprint: 'R508'
09-10 20:28:05 com_github_MitjaNemec_ReplicateLayout.replicate_layout 835:Src fp.id: 'D7916C76-6D69-4465-ABC6-7B957F25C246'
09-10 20:28:05 com_github_MitjaNemec_ReplicateLayout.replicate_layout 839:Dst fp.id: 'D7916C76-6D69-4465-ABC6-7B957F25C246'
09-10 20:28:05 com_github_MitjaNemec_ReplicateLayout.replicate_layout 895:found match in dst footprint: 'R808'
09-10 20:28:05 com_github_MitjaNemec_ReplicateLayout.replicate_layout 990:Src text UUid:82b312f9-384f-49ff-b972-ca31c42fc057
09-10 20:28:05 com_github_MitjaNemec_ReplicateLayout.replicate_layout 991:Dst text UUid:3a082ad1-9287-4461-9c3e-6dd90c21f628
09-10 20:28:05 com_github_MitjaNemec_ReplicateLayout.replicate_layout 990:Src text UUid:44eea19a-3c05-48a6-8375-a5cad940201d
09-10 20:28:05 com_github_MitjaNemec_ReplicateLayout.replicate_layout 991:Dst text UUid:24775cbb-bae1-42b2-840f-299c48dfc853
09-10 20:28:05 com_github_MitjaNemec_ReplicateLayout.replicate_layout 990:Src text UUid:4301769b-f2a8-4740-a8d4-0cb24915dcc9
09-10 20:28:05 com_github_MitjaNemec_ReplicateLayout.replicate_layout 991:Dst text UUid:a33ac775-b1b0-48d6-bafc-3e059d932e91
09-10 20:28:05 com_github_MitjaNemec_ReplicateLayout.replicate_layout 888:Replicating footprint: 'C525'
09-10 20:28:05 com_github_MitjaNemec_ReplicateLayout.replicate_layout 835:Src fp.id: 'B3DFA2BE-2D28-4FBD-915C-913D299DB915'
09-10 20:28:05 com_github_MitjaNemec_ReplicateLayout.replicate_layout 839:Dst fp.id: 'B3DFA2BE-2D28-4FBD-915C-913D299DB915'
09-10 20:28:05 com_github_MitjaNemec_ReplicateLayout.replicate_layout 895:found match in dst footprint: 'C825'
09-10 20:28:05 com_github_MitjaNemec_ReplicateLayout.replicate_layout 990:Src text UUid:229e7852-7c2e-4e23-8449-8cbe51466717
09-10 20:28:05 com_github_MitjaNemec_ReplicateLayout.replicate_layout 991:Dst text UUid:3d6bd8ce-9917-48ce-ad6d-8021c0b62f42
09-10 20:28:05 com_github_MitjaNemec_ReplicateLayout.replicate_layout 990:Src text UUid:94c065b1-8994-4ad5-817d-9afce97cb2a6
09-10 20:28:05 com_github_MitjaNemec_ReplicateLayout.replicate_layout 991:Dst text UUid:c7f7fe61-6615-4aeb-bfb1-69ebff64e90a
09-10 20:28:05 com_github_MitjaNemec_ReplicateLayout.replicate_layout 990:Src text UUid:42b3b5ef-e8f8-4051-aba3-d2f2685a168f
09-10 20:28:05 com_github_MitjaNemec_ReplicateLayout.replicate_layout 991:Dst text UUid:a6084b1f-7317-4c16-ad86-bb60c3d2cd25
09-10 20:28:05 com_github_MitjaNemec_ReplicateLayout.replicate_layout 888:Replicating footprint: 'C535'
09-10 20:28:05 com_github_MitjaNemec_ReplicateLayout.replicate_layout 835:Src fp.id: '6856B4B2-C37A-4EB2-8921-F935788DAA39'
09-10 20:28:05 com_github_MitjaNemec_ReplicateLayout.replicate_layout 839:Dst fp.id: '6856B4B2-C37A-4EB2-8921-F935788DAA39'
09-10 20:28:05 com_github_MitjaNemec_ReplicateLayout.replicate_layout 895:found match in dst footprint: 'C835'
09-10 20:28:05 com_github_MitjaNemec_ReplicateLayout.replicate_layout 990:Src text UUid:5dd37804-8539-40ae-9779-d5f4bbacaad8
09-10 20:28:05 com_github_MitjaNemec_ReplicateLayout.replicate_layout 991:Dst text UUid:3228c753-0743-417e-8b7e-f17399888d5a
09-10 20:28:05 com_github_MitjaNemec_ReplicateLayout.replicate_layout 990:Src text UUid:540209f2-0a88-489a-acc9-2a4bb2b4201b
09-10 20:28:05 com_github_MitjaNemec_ReplicateLayout.replicate_layout 991:Dst text UUid:ea9553bf-133a-48c0-8464-a25da327d09f
09-10 20:28:05 com_github_MitjaNemec_ReplicateLayout.replicate_layout 990:Src text UUid:1bbe1f63-89c3-4498-a34e-ef37cf1463fb
09-10 20:28:05 com_github_MitjaNemec_ReplicateLayout.replicate_layout 991:Dst text UUid:1019dd7d-1356-4fba-a30e-d669846bedb0
09-10 20:28:05 com_github_MitjaNemec_ReplicateLayout.replicate_layout 888:Replicating footprint: 'C514'
09-10 20:28:05 com_github_MitjaNemec_ReplicateLayout.replicate_layout 835:Src fp.id: 'E664376D-A84F-4EB8-A1D6-9859173051A4'
09-10 20:28:05 com_github_MitjaNemec_ReplicateLayout.replicate_layout 839:Dst fp.id: 'E664376D-A84F-4EB8-A1D6-9859173051A4'
09-10 20:28:05 com_github_MitjaNemec_ReplicateLayout.replicate_layout 895:found match in dst footprint: 'C814'
09-10 20:28:05 com_github_MitjaNemec_ReplicateLayout.replicate_layout 990:Src text UUid:08062900-54f2-4fe1-9275-5d71f47bf836
09-10 20:28:05 com_github_MitjaNemec_ReplicateLayout.replicate_layout 991:Dst text UUid:257d672e-54c7-4eb0-a06f-21a05c14cfd8
09-10 20:28:05 com_github_MitjaNemec_ReplicateLayout.replicate_layout 990:Src text UUid:f71925ef-be72-4299-9039-fc7ab7a4fa63
09-10 20:28:05 com_github_MitjaNemec_ReplicateLayout.replicate_layout 991:Dst text UUid:637053de-256b-48c8-848f-b451855fd1d5
09-10 20:28:05 com_github_MitjaNemec_ReplicateLayout.replicate_layout 990:Src text UUid:2cee29a7-274a-48da-bf12-8cc19887d5a2
09-10 20:28:05 com_github_MitjaNemec_ReplicateLayout.replicate_layout 991:Dst text UUid:9f7f926f-ea64-4b26-8c0e-1aac134521f0
09-10 20:28:05 com_github_MitjaNemec_ReplicateLayout.replicate_layout 888:Replicating footprint: 'C530'
09-10 20:28:05 com_github_MitjaNemec_ReplicateLayout.replicate_layout 835:Src fp.id: '48D35CD6-2EA9-4226-BE66-462476381357'
09-10 20:28:05 com_github_MitjaNemec_ReplicateLayout.replicate_layout 839:Dst fp.id: '48D35CD6-2EA9-4226-BE66-462476381357'
09-10 20:28:05 com_github_MitjaNemec_ReplicateLayout.replicate_layout 895:found match in dst footprint: 'C830'
09-10 20:28:05 com_github_MitjaNemec_ReplicateLayout.replicate_layout 990:Src text UUid:da65cecb-cdc4-4872-a5cd-b4262dfd1881
09-10 20:28:05 com_github_MitjaNemec_ReplicateLayout.replicate_layout 991:Dst text UUid:b9c45c8d-8da4-4de8-a68d-57c6e9e4dc1c
09-10 20:28:05 com_github_MitjaNemec_ReplicateLayout.replicate_layout 990:Src text UUid:cbaef12d-31e1-440c-8344-c18592cfd016
09-10 20:28:05 com_github_MitjaNemec_ReplicateLayout.replicate_layout 991:Dst text UUid:38dd1a45-2fbf-42bf-894e-54d66116615d
09-10 20:28:05 com_github_MitjaNemec_ReplicateLayout.replicate_layout 990:Src text UUid:7ea6dc7a-1072-4450-bb7a-ce2e83b56a19
09-10 20:28:05 com_github_MitjaNemec_ReplicateLayout.replicate_layout 991:Dst text UUid:eb75a81f-e5a9-4307-ba87-48249658162b
09-10 20:28:05 com_github_MitjaNemec_ReplicateLayout.replicate_layout 888:Replicating footprint: 'C518'
09-10 20:28:05 com_github_MitjaNemec_ReplicateLayout.replicate_layout 835:Src fp.id: 'E305BA36-D192-4B54-8FBB-1F60601F1AB0'
09-10 20:28:05 com_github_MitjaNemec_ReplicateLayout.replicate_layout 839:Dst fp.id: 'E305BA36-D192-4B54-8FBB-1F60601F1AB0'
09-10 20:28:05 com_github_MitjaNemec_ReplicateLayout.replicate_layout 895:found match in dst footprint: 'C818'
09-10 20:28:05 com_github_MitjaNemec_ReplicateLayout.replicate_layout 990:Src text UUid:44213e00-9216-4a26-a89b-7dc329a0df97
09-10 20:28:05 com_github_MitjaNemec_ReplicateLayout.replicate_layout 991:Dst text UUid:22d73a5a-9634-455d-93ef-41a35e1529b8
09-10 20:28:05 com_github_MitjaNemec_ReplicateLayout.replicate_layout 990:Src text UUid:01bfe714-5463-4e48-b688-48ef120f42d3
09-10 20:28:05 com_github_MitjaNemec_ReplicateLayout.replicate_layout 991:Dst text UUid:453d54af-7645-4b55-8c29-8bec0646d2dc
09-10 20:28:05 com_github_MitjaNemec_ReplicateLayout.replicate_layout 990:Src text UUid:4d707350-1971-4459-bb9b-8e489afeb26e
09-10 20:28:05 com_github_MitjaNemec_ReplicateLayout.replicate_layout 991:Dst text UUid:6c11a94d-ac23-468f-bd74-c7f20d94c4ba
09-10 20:28:05 com_github_MitjaNemec_ReplicateLayout.replicate_layout 888:Replicating footprint: 'U509'
09-10 20:28:05 com_github_MitjaNemec_ReplicateLayout.replicate_layout 835:Src fp.id: 'DB9295D4-A157-4548-A2DA-5933EE507756'
09-10 20:28:05 com_github_MitjaNemec_ReplicateLayout.replicate_layout 839:Dst fp.id: 'DB9295D4-A157-4548-A2DA-5933EE507756'
09-10 20:28:05 com_github_MitjaNemec_ReplicateLayout.replicate_layout 895:found match in dst footprint: 'U809'
09-10 20:28:05 com_github_MitjaNemec_ReplicateLayout.replicate_layout 990:Src text UUid:9297c57e-ad79-4086-b38d-85f38b950aa6
09-10 20:28:05 com_github_MitjaNemec_ReplicateLayout.replicate_layout 991:Dst text UUid:3c22e8e8-804a-4c87-8c8a-4fd60311f034
09-10 20:28:05 com_github_MitjaNemec_ReplicateLayout.replicate_layout 990:Src text UUid:674c4b99-1b36-49ac-ad77-286119cfd501
09-10 20:28:05 com_github_MitjaNemec_ReplicateLayout.replicate_layout 991:Dst text UUid:40d3c8f4-61f1-4d31-bff7-2e1be50761a3
09-10 20:28:05 com_github_MitjaNemec_ReplicateLayout.replicate_layout 990:Src text UUid:23f64056-13ea-4f9f-9730-88f0bbc68919
09-10 20:28:05 com_github_MitjaNemec_ReplicateLayout.replicate_layout 991:Dst text UUid:d4d066b1-ac6d-4baf-8cd2-79625fa1e9c7
09-10 20:28:05 com_github_MitjaNemec_ReplicateLayout.replicate_layout 888:Replicating footprint: 'U505'
09-10 20:28:05 com_github_MitjaNemec_ReplicateLayout.replicate_layout 835:Src fp.id: 'DD156D3A-43A1-4F03-B9B4-8E8BB7086971'
09-10 20:28:05 com_github_MitjaNemec_ReplicateLayout.replicate_layout 839:Dst fp.id: 'DD156D3A-43A1-4F03-B9B4-8E8BB7086971'
09-10 20:28:05 com_github_MitjaNemec_ReplicateLayout.replicate_layout 895:found match in dst footprint: 'U805'
09-10 20:28:05 com_github_MitjaNemec_ReplicateLayout.replicate_layout 990:Src text UUid:af95ed43-f4fb-4f5b-b59d-f6fc5487d264
09-10 20:28:05 com_github_MitjaNemec_ReplicateLayout.replicate_layout 991:Dst text UUid:31278747-f23e-4ad0-ac59-3c75ecc6464f
09-10 20:28:05 com_github_MitjaNemec_ReplicateLayout.replicate_layout 990:Src text UUid:399553a8-5b78-4da1-90fd-87f154976252
09-10 20:28:05 com_github_MitjaNemec_ReplicateLayout.replicate_layout 991:Dst text UUid:a8a64823-74ac-4b13-a218-c2153c009a0b
09-10 20:28:05 com_github_MitjaNemec_ReplicateLayout.replicate_layout 990:Src text UUid:f3d83869-21c0-4207-ae4b-85e4308b85fe
09-10 20:28:05 com_github_MitjaNemec_ReplicateLayout.replicate_layout 991:Dst text UUid:21eecb9a-ac0b-464e-8f0a-77e6555e3c38
09-10 20:28:05 com_github_MitjaNemec_ReplicateLayout.replicate_layout 888:Replicating footprint: 'C524'
09-10 20:28:05 root 345:updating GUI with: 96
09-10 20:28:05 com_github_MitjaNemec_ReplicateLayout.replicate_layout 835:Src fp.id: 'C0E1575E-E67C-486E-B638-884B608DD773'
09-10 20:28:05 com_github_MitjaNemec_ReplicateLayout.replicate_layout 839:Dst fp.id: 'C0E1575E-E67C-486E-B638-884B608DD773'
09-10 20:28:05 com_github_MitjaNemec_ReplicateLayout.replicate_layout 895:found match in dst footprint: 'C824'
09-10 20:28:05 com_github_MitjaNemec_ReplicateLayout.replicate_layout 990:Src text UUid:e9930fec-02bb-40a4-a1f2-72d87002ee6a
09-10 20:28:05 com_github_MitjaNemec_ReplicateLayout.replicate_layout 991:Dst text UUid:48d75b74-5e53-4bb9-a39f-2912a21de7ce
09-10 20:28:05 com_github_MitjaNemec_ReplicateLayout.replicate_layout 990:Src text UUid:9c1cf6a4-12e2-436c-8a69-1f869a9bf3f4
09-10 20:28:05 com_github_MitjaNemec_ReplicateLayout.replicate_layout 991:Dst text UUid:83480e23-68e6-48ed-b790-587d5159a7f1
09-10 20:28:05 com_github_MitjaNemec_ReplicateLayout.replicate_layout 990:Src text UUid:d55a262f-bb23-4797-a756-f584c6d54b82
09-10 20:28:05 com_github_MitjaNemec_ReplicateLayout.replicate_layout 991:Dst text UUid:0e379e6a-e3ed-4221-a3eb-4d5ebe7eb192
09-10 20:28:05 com_github_MitjaNemec_ReplicateLayout.replicate_layout 888:Replicating footprint: 'U508'
09-10 20:28:05 com_github_MitjaNemec_ReplicateLayout.replicate_layout 835:Src fp.id: 'F915C54A-6007-4D69-ACA7-A01898355461'
09-10 20:28:05 com_github_MitjaNemec_ReplicateLayout.replicate_layout 839:Dst fp.id: 'F915C54A-6007-4D69-ACA7-A01898355461'
09-10 20:28:05 com_github_MitjaNemec_ReplicateLayout.replicate_layout 895:found match in dst footprint: 'U808'
09-10 20:28:05 com_github_MitjaNemec_ReplicateLayout.replicate_layout 990:Src text UUid:4a3c420d-f0b8-4e6c-9003-896370647b11
09-10 20:28:05 com_github_MitjaNemec_ReplicateLayout.replicate_layout 991:Dst text UUid:83e4e72d-beae-437a-b7ba-29b8b8fb235a
09-10 20:28:05 com_github_MitjaNemec_ReplicateLayout.replicate_layout 990:Src text UUid:85aca86c-b0a3-4faa-bb6e-6046bf2bee1a
09-10 20:28:05 com_github_MitjaNemec_ReplicateLayout.replicate_layout 991:Dst text UUid:f58591c7-56a2-40ef-910d-0cf3cc6155f3
09-10 20:28:05 com_github_MitjaNemec_ReplicateLayout.replicate_layout 990:Src text UUid:8dfcd7ed-3b25-44e9-9fa3-f11501b487bf
09-10 20:28:05 com_github_MitjaNemec_ReplicateLayout.replicate_layout 991:Dst text UUid:917cf504-762f-4701-a3b9-1732cdff9df8
09-10 20:28:05 com_github_MitjaNemec_ReplicateLayout.replicate_layout 888:Replicating footprint: 'C519'
09-10 20:28:05 com_github_MitjaNemec_ReplicateLayout.replicate_layout 835:Src fp.id: '7071A258-F3F4-4344-B36E-5986CB820CC5'
09-10 20:28:05 com_github_MitjaNemec_ReplicateLayout.replicate_layout 839:Dst fp.id: '7071A258-F3F4-4344-B36E-5986CB820CC5'
09-10 20:28:05 com_github_MitjaNemec_ReplicateLayout.replicate_layout 895:found match in dst footprint: 'C819'
09-10 20:28:05 com_github_MitjaNemec_ReplicateLayout.replicate_layout 990:Src text UUid:63f68745-e9ed-444e-bbf3-63eaac2099ab
09-10 20:28:05 com_github_MitjaNemec_ReplicateLayout.replicate_layout 991:Dst text UUid:b8f28d1f-e5e7-49a7-b5e4-7d431639c0a1
09-10 20:28:05 com_github_MitjaNemec_ReplicateLayout.replicate_layout 990:Src text UUid:3ea40bc6-f978-4570-a78d-6cd7a1e6d637
09-10 20:28:05 com_github_MitjaNemec_ReplicateLayout.replicate_layout 991:Dst text UUid:77c5370f-6023-4342-a27e-f53af73f21a1
09-10 20:28:05 com_github_MitjaNemec_ReplicateLayout.replicate_layout 990:Src text UUid:25c4cade-77f5-474b-b420-971d27e3f97a
09-10 20:28:05 com_github_MitjaNemec_ReplicateLayout.replicate_layout 991:Dst text UUid:5c515c1d-ae99-4a47-981f-7b8e83b6a989
09-10 20:28:05 root 340:updating GUI message: 'Replicating tracks'
09-10 20:28:05 com_github_MitjaNemec_ReplicateLayout.replicate_layout 1014:Replicating tracks
09-10 20:28:05 com_github_MitjaNemec_ReplicateLayout.replicate_layout 1020:Replicating tracks on sheet ['/USB Hub 4/']
09-10 20:28:05 com_github_MitjaNemec_ReplicateLayout.replicate_layout 835:Src fp.id: 'A293E2B0-32C7-4F26-B845-29CE01F4A047'
09-10 20:28:05 com_github_MitjaNemec_ReplicateLayout.replicate_layout 839:Dst fp.id: 'A293E2B0-32C7-4F26-B845-29CE01F4A047'
09-10 20:28:05 com_github_MitjaNemec_ReplicateLayout.replicate_layout 792:Net pairs for sheet ['/USB Hub 4/'] :[('/USB Hub 1/D_{E}+', '/USB Hub 4/D_{E}+'), ('/20gbps hub/RXM_{1}', '/20gbps hub/RXM_{4}'), ('/USB Hub 1/TX_{C}+', '/USB Hub 4/TX_{C}+'), ('/USB Hub 1/RX_{C}+', '/USB Hub 4/RX_{C}+'), ('/USB Hub 1/BIASM', '/USB Hub 4/BIASM'), ('/USB Hub 1/KOCP', '/USB Hub 4/KOCP'), ('GND', 'GND'), ('/20gbps hub/RXP_{1}', '/20gbps hub/RXP_{4}'), ('/USB Hub 1/CTL1', '/USB Hub 4/CTL1'), ('/20gbps hub/DM_{1}', '/20gbps hub/DM_{4}'), ('unconnected-(U501A-ATEST-Pad52)', 'unconnected-(U801A-ATEST-Pad52)'), ('/20gbps hub/DP_{1}', '/20gbps hub/DP_{4}'), ('Net-(U501A-USB3UP_TXDP)', 'Net-(U801A-USB3UP_TXDP)'), ('/20gbps hub/TXM_{1}', '/20gbps hub/TXM_{4}'), ('/USB Hub 1/TX_{C}-', '/USB Hub 4/TX_{C}-'), ('/USB Hub 1/TX_{K}+', '/USB Hub 4/TX_{K}+'), ('+12V', '+12V'), ('/USB Hub 1/TX_{E}+', '/USB Hub 4/TX_{E}+'), ('/USB Hub 1/D_{K}-', '/USB Hub 4/D_{K}-'), ('/USB Hub 1/QTXP_{C}', '/USB Hub 4/QTXP_{C}'), ('/USB Hub 1/CTL4', '/USB Hub 4/CTL4'), ('+5V', '+5V'), ('+1V2', '+1V2'), ('/USB Hub 1/TX_{D}+', '/USB Hub 4/TX_{D}+'), ('/USB Hub 1/RX_{E}-', '/USB Hub 4/RX_{E}-'), ('/USB Hub 1/D_{D}+', '/USB Hub 4/D_{D}+'), ('/20gbps hub/TXP_{1}', '/20gbps hub/TXP_{4}'), ('/USB Hub 1/VBUSK', '/USB Hub 4/VBUSK'), ('/USB Hub 1/RX_{C}-', '/USB Hub 4/RX_{C}-'), ('/USB Hub 1/QTXM_{K}', '/USB Hub 4/QTXM_{K}'), ('/USB Hub 1/RX_{K}+', '/USB Hub 4/RX_{K}+'), ('/20gbps hub/SMB-DAT', '/20gbps hub/SMB-DAT'), ('/USB Hub 1/QTXP_{D}', '/USB Hub 4/QTXP_{D}'), ('Net-(U501A-USB3UP_TXDM)', 'Net-(U801A-USB3UP_TXDM)'), ('/USB Hub 1/TX_{E}-', '/USB Hub 4/TX_{E}-'), ('Net-(R506-Pad2)', 'Net-(R806-Pad2)'), ('/STM Memory/ResetH1', '/STM Memory/ResetH4'), ('/USB Hub 1/RX_{K}-', '/USB Hub 4/RX_{K}-'), ('/USB Hub 1/TX_{K}-', '/USB Hub 4/TX_{K}-'), ('/USB Hub 1/RX_{E}+', '/USB Hub 4/RX_{E}+'), ('/USB Hub 1/D_{C}+', '/USB Hub 4/D_{C}+'), ('/USB Hub 1/VBUSD', '/USB Hub 4/VBUSD'), ('Net-(J502-Pin_2)', 'Net-(J802-Pin_2)'), ('/USB Hub 1/CTL3', '/USB Hub 4/CTL3'), ('Net-(U506-CL)', 'Net-(U806-CL)'), ('/USB Hub 1/QTXM_{D}', '/USB Hub 4/QTXM_{D}'), ('unconnected-(U501A-XTALO-Pad53)', 'unconnected-(U801A-XTALO-Pad53)'), ('/USB Hub 1/D_{C}-', '/USB Hub 4/D_{C}-'), ('/20gbps hub/CLKIN', '/20gbps hub/CLKIN'), ('/USB Hub 1/D_{D}-', '/USB Hub 4/D_{D}-'), ('/USB Hub 1/RX_{D}-', '/USB Hub 4/RX_{D}-'), ('/USB Hub 1/D_{K}+', '/USB Hub 4/D_{K}+'), ('', ''), ('/USB Hub 1/QTXP_{E}', '/USB Hub 4/QTXP_{E}'), ('/USB Hub 1/QTXM_{E}', '/USB Hub 4/QTXM_{E}'), ('/USB Hub 1/QTXP_{K}', '/USB Hub 4/QTXP_{K}'), ('/USB Hub 1/CTL2', '/USB Hub 4/CTL2'), ('Net-(U501A-SPI_CE_N{slash}CFG_NON_REM)', 'Net-(U801A-SPI_CE_N{slash}CFG_NON_REM)'), ('Net-(U506-DELAY)', 'Net-(U806-DELAY)'), ('/USB Hub 1/RX_{D}+', '/USB Hub 4/RX_{D}+'), ('Net-(U501A-SPI_DI{slash}CFG_BC_EN)', 'Net-(U801A-SPI_DI{slash}CFG_BC_EN)'), ('/USB Hub 1/BIAS', '/USB Hub 4/BIAS'), ('/USB Hub 1/D_{E}-', '/USB Hub 4/D_{E}-'), ('/USB Hub 1/VBUSE', '/USB Hub 4/VBUSE'), ('/USB Hub 1/TX_{D}-', '/USB Hub 4/TX_{D}-'), ('/USB Hub 1/VBUSC', '/USB Hub 4/VBUSC'), ('/USB Hub 1/QTXM_{C}', '/USB Hub 4/QTXM_{C}'), ('VDD', 'VDD'), ('/20gbps hub/SMB-CLK', '/20gbps hub/SMB-CLK')]
09-10 20:28:05 root 345:updating GUI with: 0
09-10 20:28:05 root 340:updating GUI message: 'Replicating zones'
09-10 20:28:05 com_github_MitjaNemec_ReplicateLayout.replicate_layout 1084:Replicating zones
09-10 20:28:05 com_github_MitjaNemec_ReplicateLayout.replicate_layout 1091:Replicating zones on sheet ['/USB Hub 4/']
09-10 20:28:05 com_github_MitjaNemec_ReplicateLayout.replicate_layout 835:Src fp.id: 'A293E2B0-32C7-4F26-B845-29CE01F4A047'
09-10 20:28:05 com_github_MitjaNemec_ReplicateLayout.replicate_layout 839:Dst fp.id: 'A293E2B0-32C7-4F26-B845-29CE01F4A047'
09-10 20:28:05 com_github_MitjaNemec_ReplicateLayout.replicate_layout 792:Net pairs for sheet ['/USB Hub 4/'] :[('/USB Hub 1/D_{E}+', '/USB Hub 4/D_{E}+'), ('/20gbps hub/RXM_{1}', '/20gbps hub/RXM_{4}'), ('/USB Hub 1/TX_{C}+', '/USB Hub 4/TX_{C}+'), ('/USB Hub 1/RX_{C}+', '/USB Hub 4/RX_{C}+'), ('/USB Hub 1/BIASM', '/USB Hub 4/BIASM'), ('/USB Hub 1/KOCP', '/USB Hub 4/KOCP'), ('GND', 'GND'), ('/20gbps hub/RXP_{1}', '/20gbps hub/RXP_{4}'), ('/USB Hub 1/CTL1', '/USB Hub 4/CTL1'), ('/20gbps hub/DM_{1}', '/20gbps hub/DM_{4}'), ('unconnected-(U501A-ATEST-Pad52)', 'unconnected-(U801A-ATEST-Pad52)'), ('/20gbps hub/DP_{1}', '/20gbps hub/DP_{4}'), ('Net-(U501A-USB3UP_TXDP)', 'Net-(U801A-USB3UP_TXDP)'), ('/20gbps hub/TXM_{1}', '/20gbps hub/TXM_{4}'), ('/USB Hub 1/TX_{C}-', '/USB Hub 4/TX_{C}-'), ('/USB Hub 1/TX_{K}+', '/USB Hub 4/TX_{K}+'), ('+12V', '+12V'), ('/USB Hub 1/TX_{E}+', '/USB Hub 4/TX_{E}+'), ('/USB Hub 1/D_{K}-', '/USB Hub 4/D_{K}-'), ('/USB Hub 1/QTXP_{C}', '/USB Hub 4/QTXP_{C}'), ('/USB Hub 1/CTL4', '/USB Hub 4/CTL4'), ('+5V', '+5V'), ('+1V2', '+1V2'), ('/USB Hub 1/TX_{D}+', '/USB Hub 4/TX_{D}+'), ('/USB Hub 1/RX_{E}-', '/USB Hub 4/RX_{E}-'), ('/USB Hub 1/D_{D}+', '/USB Hub 4/D_{D}+'), ('/20gbps hub/TXP_{1}', '/20gbps hub/TXP_{4}'), ('/USB Hub 1/VBUSK', '/USB Hub 4/VBUSK'), ('/USB Hub 1/RX_{C}-', '/USB Hub 4/RX_{C}-'), ('/USB Hub 1/QTXM_{K}', '/USB Hub 4/QTXM_{K}'), ('/USB Hub 1/RX_{K}+', '/USB Hub 4/RX_{K}+'), ('/20gbps hub/SMB-DAT', '/20gbps hub/SMB-DAT'), ('/USB Hub 1/QTXP_{D}', '/USB Hub 4/QTXP_{D}'), ('Net-(U501A-USB3UP_TXDM)', 'Net-(U801A-USB3UP_TXDM)'), ('/USB Hub 1/TX_{E}-', '/USB Hub 4/TX_{E}-'), ('Net-(R506-Pad2)', 'Net-(R806-Pad2)'), ('/STM Memory/ResetH1', '/STM Memory/ResetH4'), ('/USB Hub 1/RX_{K}-', '/USB Hub 4/RX_{K}-'), ('/USB Hub 1/TX_{K}-', '/USB Hub 4/TX_{K}-'), ('/USB Hub 1/RX_{E}+', '/USB Hub 4/RX_{E}+'), ('/USB Hub 1/D_{C}+', '/USB Hub 4/D_{C}+'), ('/USB Hub 1/VBUSD', '/USB Hub 4/VBUSD'), ('Net-(J502-Pin_2)', 'Net-(J802-Pin_2)'), ('/USB Hub 1/CTL3', '/USB Hub 4/CTL3'), ('Net-(U506-CL)', 'Net-(U806-CL)'), ('/USB Hub 1/QTXM_{D}', '/USB Hub 4/QTXM_{D}'), ('unconnected-(U501A-XTALO-Pad53)', 'unconnected-(U801A-XTALO-Pad53)'), ('/USB Hub 1/D_{C}-', '/USB Hub 4/D_{C}-'), ('/20gbps hub/CLKIN', '/20gbps hub/CLKIN'), ('/USB Hub 1/D_{D}-', '/USB Hub 4/D_{D}-'), ('/USB Hub 1/RX_{D}-', '/USB Hub 4/RX_{D}-'), ('/USB Hub 1/D_{K}+', '/USB Hub 4/D_{K}+'), ('', ''), ('/USB Hub 1/QTXP_{E}', '/USB Hub 4/QTXP_{E}'), ('/USB Hub 1/QTXM_{E}', '/USB Hub 4/QTXM_{E}'), ('/USB Hub 1/QTXP_{K}', '/USB Hub 4/QTXP_{K}'), ('/USB Hub 1/CTL2', '/USB Hub 4/CTL2'), ('Net-(U501A-SPI_CE_N{slash}CFG_NON_REM)', 'Net-(U801A-SPI_CE_N{slash}CFG_NON_REM)'), ('Net-(U506-DELAY)', 'Net-(U806-DELAY)'), ('/USB Hub 1/RX_{D}+', '/USB Hub 4/RX_{D}+'), ('Net-(U501A-SPI_DI{slash}CFG_BC_EN)', 'Net-(U801A-SPI_DI{slash}CFG_BC_EN)'), ('/USB Hub 1/BIAS', '/USB Hub 4/BIAS'), ('/USB Hub 1/D_{E}-', '/USB Hub 4/D_{E}-'), ('/USB Hub 1/VBUSE', '/USB Hub 4/VBUSE'), ('/USB Hub 1/TX_{D}-', '/USB Hub 4/TX_{D}-'), ('/USB Hub 1/VBUSC', '/USB Hub 4/VBUSC'), ('/USB Hub 1/QTXM_{C}', '/USB Hub 4/QTXM_{C}'), ('VDD', 'VDD'), ('/20gbps hub/SMB-CLK', '/20gbps hub/SMB-CLK')]
09-10 20:28:05 root 345:updating GUI with: 6
09-10 20:28:05 root 340:updating GUI message: 'Replicating text'
09-10 20:28:05 com_github_MitjaNemec_ReplicateLayout.replicate_layout 1173:Replicating text
09-10 20:28:05 com_github_MitjaNemec_ReplicateLayout.replicate_layout 1180:Replicating text on sheet ['/USB Hub 4/']
09-10 20:28:05 com_github_MitjaNemec_ReplicateLayout.replicate_layout 835:Src fp.id: 'A293E2B0-32C7-4F26-B845-29CE01F4A047'
09-10 20:28:05 com_github_MitjaNemec_ReplicateLayout.replicate_layout 839:Dst fp.id: 'A293E2B0-32C7-4F26-B845-29CE01F4A047'
09-10 20:28:05 root 340:updating GUI message: 'Replicating drawings'
09-10 20:28:05 com_github_MitjaNemec_ReplicateLayout.replicate_layout 1224:Replicating drawings
09-10 20:28:05 com_github_MitjaNemec_ReplicateLayout.replicate_layout 1230:Replicating drawings on sheet ['/USB Hub 4/']
09-10 20:28:05 com_github_MitjaNemec_ReplicateLayout.replicate_layout 835:Src fp.id: 'A293E2B0-32C7-4F26-B845-29CE01F4A047'
09-10 20:28:05 com_github_MitjaNemec_ReplicateLayout.replicate_layout 839:Dst fp.id: 'A293E2B0-32C7-4F26-B845-29CE01F4A047'
09-10 20:28:06 com_github_MitjaNemec_ReplicateLayout.action_replicate_layout 264:Replication complete
